#
# There is insufficient memory for the Java Runtime Environment to continue.
# Native memory allocation (malloc) failed to allocate 1296416 bytes for Chunk::new
# Possible reasons:
#   The system is out of physical RAM or swap space
#   The process is running with CompressedOops enabled, and the Java Heap may be blocking the growth of the native heap
# Possible solutions:
#   Reduce memory load on the system
#   Increase physical memory or swap space
#   Check if swap backing store is full
#   Decrease Java heap size (-Xmx/-Xms)
#   Decrease number of Java threads
#   Decrease Java thread stack sizes (-Xss)
#   Set larger code cache with -XX:ReservedCodeCacheSize=
#   JVM is running with Unscaled Compressed Oops mode in which the Java heap is
#     placed in the first 4GB address space. The Java Heap base address is the
#     maximum limit for the native heap growth. Please use -XX:HeapBaseMinAddress
#     to set the Java Heap base and to place the Java Heap above 4GB virtual address.
# This output file may be truncated or incomplete.
#
#  Out of Memory Error (./src/hotspot/share/memory/arena.cpp:197), pid=5004, tid=10596
#
# JRE version: OpenJDK Runtime Environment (11.0.11+9) (build 11.0.11+9-b60-7590822)
# Java VM: OpenJDK 64-Bit Server VM (11.0.11+9-b60-7590822, mixed mode, tiered, compressed oops, g1 gc, windows-amd64)
# No core dump will be written. Minidumps are not enabled by default on client versions of Windows
#

---------------  S U M M A R Y ------------

Command Line: --add-opens=java.base/java.util=ALL-UNNAMED --add-opens=java.base/java.lang=ALL-UNNAMED --add-opens=java.base/java.lang.invoke=ALL-UNNAMED --add-opens=java.base/java.util=ALL-UNNAMED --add-opens=java.prefs/java.util.prefs=ALL-UNNAMED --add-opens=java.prefs/java.util.prefs=ALL-UNNAMED --add-opens=java.base/java.nio.charset=ALL-UNNAMED --add-opens=java.base/java.net=ALL-UNNAMED --add-opens=java.base/java.util.concurrent.atomic=ALL-UNNAMED -Xmx2048m -Dfile.encoding=UTF-8 -Duser.country=RU -Duser.language=ru -Duser.variant org.gradle.launcher.daemon.bootstrap.GradleDaemon 7.2

Host: Intel(R) Core(TM) i3-8130U CPU @ 2.20GHz, 4 cores, 7G,  Windows 10 , 64 bit Build 19041 (10.0.19041.1645)
Time: Tue Apr 26 01:00:07 2022 RTZ 2 (зима) elapsed time: 4654.246280 seconds (0d 1h 17m 34s)

---------------  T H R E A D  ---------------

Current thread (0x000001b0251ab000):  JavaThread "C2 CompilerThread0" daemon [_thread_in_native, id=10596, stack(0x00000013c5e00000,0x00000013c5f00000)]


Current CompileTask:
C2:4654246 22506       4       org.gradle.api.internal.artifacts.transform.AbstractTransformedArtifactSet::visit (97 bytes)

Stack: [0x00000013c5e00000,0x00000013c5f00000]
Native frames: (J=compiled Java code, j=interpreted, Vv=VM code, C=native code)
V  [jvm.dll+0x5f214a]
V  [jvm.dll+0x726fb5]
V  [jvm.dll+0x7285cd]
V  [jvm.dll+0x728c83]
V  [jvm.dll+0x243278]
V  [jvm.dll+0xbc53c]
V  [jvm.dll+0xbca3c]
V  [jvm.dll+0x2b5c34]
V  [jvm.dll+0x508488]
V  [jvm.dll+0x1fd70e]
V  [jvm.dll+0x1fb35f]
V  [jvm.dll+0x183d6c]
V  [jvm.dll+0x209a57]
V  [jvm.dll+0x2082a1]
V  [jvm.dll+0x6ef58f]
V  [jvm.dll+0x6e80b5]
V  [jvm.dll+0x5f1036]
C  [ucrtbase.dll+0x21bb2]
C  [KERNEL32.DLL+0x17034]
C  [ntdll.dll+0x52651]


---------------  P R O C E S S  ---------------

Threads class SMR info:
_java_thread_list=0x000001b029ccffc0, length=97, elements={
0x000001b009623000, 0x000001b025186800, 0x000001b025189800, 0x000001b0251a6800,
0x000001b0251a7800, 0x000001b0251a8000, 0x000001b0251ab000, 0x000001b0251ad000,
0x000001b025b7c000, 0x000001b025c73800, 0x000001b027fbe800, 0x000001b028104800,
0x000001b028435800, 0x000001b027beb800, 0x000001b027be8000, 0x000001b027bec000,
0x000001b027bed000, 0x000001b027bee000, 0x000001b027bee800, 0x000001b027be9000,
0x000001b029bb2800, 0x000001b029bb1000, 0x000001b029bb1800, 0x000001b029bb4000,
0x000001b02882e800, 0x000001b02882b800, 0x000001b02f60e000, 0x000001b028522800,
0x000001b02851f000, 0x000001b028523000, 0x000001b028524000, 0x000001b028520000,
0x000001b028521000, 0x000001b028521800, 0x000001b02851e800, 0x000001b028528000,
0x000001b028525000, 0x000001b02852b800, 0x000001b02852a800, 0x000001b028525800,
0x000001b028529000, 0x000001b02852c000, 0x000001b028529800, 0x000001b028526800,
0x000001b02852d000, 0x000001b028527800, 0x000001b02f60b800, 0x000001b02f60f000,
0x000001b02f60d800, 0x000001b02f610000, 0x000001b02f610800, 0x000001b02f60b000,
0x000001b02f611800, 0x000001b02f612000, 0x000001b02f60c800, 0x000001b02f617000,
0x000001b02f618800, 0x000001b02f615800, 0x000001b02f614800, 0x000001b02f616800,
0x000001b02f613000, 0x000001b02f618000, 0x000001b02f619800, 0x000001b02f614000,
0x000001b028820800, 0x000001b028827800, 0x000001b028821800, 0x000001b028826800,
0x000001b028824000, 0x000001b028825000, 0x000001b028823000, 0x000001b028828000,
0x000001b028825800, 0x000001b028822800, 0x000001b028829000, 0x000001b028829800,
0x000001b02882f800, 0x000001b02882a800, 0x000001b02882c000, 0x000001b02882d000,
0x000001b029bad800, 0x000001b029baf000, 0x000001b029bb5000, 0x000001b029bb5800,
0x000001b029bb0000, 0x000001b029bba000, 0x000001b029bb6800, 0x000001b029bb7800,
0x000001b029bb8000, 0x000001b029bbc000, 0x000001b029bba800, 0x000001b029bbb800,
0x000001b027be9800, 0x000001b027bea800, 0x000001b0301e2800, 0x000001b0301e6000,
0x000001b0301e0000
}

Java Threads: ( => current thread )
  0x000001b009623000 JavaThread "main" [_thread_blocked, id=9100, stack(0x00000013c5200000,0x00000013c5300000)]
  0x000001b025186800 JavaThread "Reference Handler" daemon [_thread_blocked, id=8336, stack(0x00000013c5900000,0x00000013c5a00000)]
  0x000001b025189800 JavaThread "Finalizer" daemon [_thread_blocked, id=1112, stack(0x00000013c5a00000,0x00000013c5b00000)]
  0x000001b0251a6800 JavaThread "Signal Dispatcher" daemon [_thread_blocked, id=5736, stack(0x00000013c5b00000,0x00000013c5c00000)]
  0x000001b0251a7800 JavaThread "Attach Listener" daemon [_thread_blocked, id=7880, stack(0x00000013c5c00000,0x00000013c5d00000)]
  0x000001b0251a8000 JavaThread "Service Thread" daemon [_thread_blocked, id=9700, stack(0x00000013c5d00000,0x00000013c5e00000)]
=>0x000001b0251ab000 JavaThread "C2 CompilerThread0" daemon [_thread_in_native, id=10596, stack(0x00000013c5e00000,0x00000013c5f00000)]
  0x000001b0251ad000 JavaThread "C1 CompilerThread0" daemon [_thread_blocked, id=10000, stack(0x00000013c5f00000,0x00000013c6000000)]
  0x000001b025b7c000 JavaThread "Sweeper thread" daemon [_thread_blocked, id=10956, stack(0x00000013c6000000,0x00000013c6100000)]
  0x000001b025c73800 JavaThread "Common-Cleaner" daemon [_thread_blocked, id=6844, stack(0x00000013c6100000,0x00000013c6200000)]
  0x000001b027fbe800 JavaThread "Daemon health stats" [_thread_blocked, id=5124, stack(0x00000013c6600000,0x00000013c6700000)]
  0x000001b028104800 JavaThread "Incoming local TCP Connector on port 49546" [_thread_in_native, id=6216, stack(0x00000013c6300000,0x00000013c6400000)]
  0x000001b028435800 JavaThread "Daemon periodic checks" [_thread_blocked, id=7936, stack(0x00000013c6700000,0x00000013c6800000)]
  0x000001b027beb800 JavaThread "Cache worker for journal cache (C:\Users\Dmitriy\.gradle\caches\journal-1)" [_thread_blocked, id=8128, stack(0x00000013c7000000,0x00000013c7100000)]
  0x000001b027be8000 JavaThread "File lock request listener" [_thread_in_native, id=1568, stack(0x00000013c7100000,0x00000013c7200000)]
  0x000001b027bec000 JavaThread "Cache worker for file hash cache (C:\Users\Dmitriy\.gradle\caches\7.2\fileHashes)" [_thread_blocked, id=10872, stack(0x00000013c7200000,0x00000013c7300000)]
  0x000001b027bed000 JavaThread "File watcher server" daemon [_thread_in_native, id=4472, stack(0x00000013c7500000,0x00000013c7600000)]
  0x000001b027bee000 JavaThread "File watcher consumer" daemon [_thread_blocked, id=7716, stack(0x00000013c7600000,0x00000013c7700000)]
  0x000001b027bee800 JavaThread "jar transforms" [_thread_blocked, id=3132, stack(0x00000013c7700000,0x00000013c7800000)]
  0x000001b027be9000 JavaThread "jar transforms Thread 2" [_thread_blocked, id=10716, stack(0x00000013c7800000,0x00000013c7900000)]
  0x000001b029bb2800 JavaThread "jar transforms Thread 3" [_thread_blocked, id=9336, stack(0x00000013c7900000,0x00000013c7a00000)]
  0x000001b029bb1000 JavaThread "jar transforms Thread 4" [_thread_blocked, id=1600, stack(0x00000013c7a00000,0x00000013c7b00000)]
  0x000001b029bb1800 JavaThread "Cache worker for execution history cache (C:\Users\Dmitriy\.gradle\caches\7.2\executionHistory)" [_thread_blocked, id=5336, stack(0x00000013c7e00000,0x00000013c7f00000)]
  0x000001b029bb4000 JavaThread "Cache worker for file content cache (C:\Users\Dmitriy\.gradle\caches\7.2\fileContent)" [_thread_blocked, id=10736, stack(0x00000013c7f00000,0x00000013c8000000)]
  0x000001b02882e800 JavaThread "Memory manager" [_thread_blocked, id=3952, stack(0x00000013caa00000,0x00000013cab00000)]
  0x000001b02882b800 JavaThread "pool-3-thread-1" [_thread_blocked, id=10124, stack(0x00000013cab00000,0x00000013cac00000)]
  0x000001b02f60e000 JavaThread "pool-6-thread-1" [_thread_blocked, id=5568, stack(0x00000013ca700000,0x00000013ca800000)]
  0x000001b028522800 JavaThread "pool-9-thread-1" [_thread_blocked, id=10056, stack(0x00000013ca800000,0x00000013ca900000)]
  0x000001b02851f000 JavaThread "Daemon Thread 4" [_thread_blocked, id=8652, stack(0x00000013c4f00000,0x00000013c5000000)]
  0x000001b028523000 JavaThread "Handler for socket connection from /127.0.0.1:49546 to /127.0.0.1:59291" [_thread_in_native, id=2108, stack(0x00000013c5000000,0x00000013c5100000)]
  0x000001b028524000 JavaThread "Cancel handler" [_thread_blocked, id=1716, stack(0x00000013c5100000,0x00000013c5200000)]
  0x000001b028520000 JavaThread "Daemon worker Thread 4" [_thread_blocked, id=8736, stack(0x00000013c6800000,0x00000013c6900000)]
  0x000001b028521000 JavaThread "Asynchronous log dispatcher for DefaultDaemonConnection: socket connection from /127.0.0.1:49546 to /127.0.0.1:59291" [_thread_blocked, id=3492, stack(0x00000013c6900000,0x00000013c6a00000)]
  0x000001b028521800 JavaThread "Stdin handler" [_thread_blocked, id=3608, stack(0x00000013c6a00000,0x00000013c6b00000)]
  0x000001b02851e800 JavaThread "Daemon client event forwarder" [_thread_blocked, id=9052, stack(0x00000013c6b00000,0x00000013c6c00000)]
  0x000001b028528000 JavaThread "Cache worker for file hash cache (E:\Programming\Quiz\.gradle\7.2\fileHashes)" [_thread_blocked, id=1248, stack(0x00000013c6c00000,0x00000013c6d00000)]
  0x000001b028525000 JavaThread "Cache worker for checksums cache (E:\Programming\Quiz\.gradle\checksums)" [_thread_blocked, id=4976, stack(0x00000013c6d00000,0x00000013c6e00000)]
  0x000001b02852b800 JavaThread "Cache worker for cache directory md-supplier (C:\Users\Dmitriy\.gradle\caches\7.2\md-supplier)" [_thread_blocked, id=3548, stack(0x00000013c6e00000,0x00000013c6f00000)]
  0x000001b02852a800 JavaThread "Cache worker for cache directory md-rule (C:\Users\Dmitriy\.gradle\caches\7.2\md-rule)" [_thread_blocked, id=10764, stack(0x00000013c7300000,0x00000013c7400000)]
  0x000001b028525800 JavaThread "Cache worker for dependencies-accessors (E:\Programming\Quiz\.gradle\7.2\dependencies-accessors)" [_thread_blocked, id=4324, stack(0x00000013c7400000,0x00000013c7500000)]
  0x000001b028529000 JavaThread "Cache worker for Build Output Cleanup Cache (E:\Programming\Quiz\.gradle\buildOutputCleanup)" [_thread_blocked, id=5592, stack(0x00000013c7b00000,0x00000013c7c00000)]
  0x000001b02852c000 JavaThread "Unconstrained build operations" [_thread_blocked, id=9960, stack(0x00000013c7d00000,0x00000013c7e00000)]
  0x000001b028529800 JavaThread "Unconstrained build operations Thread 2" [_thread_blocked, id=6192, stack(0x00000013c8000000,0x00000013c8100000)]
  0x000001b028526800 JavaThread "Unconstrained build operations Thread 3" [_thread_blocked, id=5612, stack(0x00000013c8100000,0x00000013c8200000)]
  0x000001b02852d000 JavaThread "Unconstrained build operations Thread 4" [_thread_blocked, id=7020, stack(0x00000013c8200000,0x00000013c8300000)]
  0x000001b028527800 JavaThread "Unconstrained build operations Thread 5" [_thread_blocked, id=10592, stack(0x00000013c8300000,0x00000013c8400000)]
  0x000001b02f60b800 JavaThread "Unconstrained build operations Thread 6" [_thread_blocked, id=8740, stack(0x00000013c8400000,0x00000013c8500000)]
  0x000001b02f60f000 JavaThread "Unconstrained build operations Thread 7" [_thread_blocked, id=11236, stack(0x00000013c8500000,0x00000013c8600000)]
  0x000001b02f60d800 JavaThread "Unconstrained build operations Thread 8" [_thread_blocked, id=3276, stack(0x00000013c8600000,0x00000013c8700000)]
  0x000001b02f610000 JavaThread "Unconstrained build operations Thread 9" [_thread_blocked, id=2248, stack(0x00000013c8700000,0x00000013c8800000)]
  0x000001b02f610800 JavaThread "Unconstrained build operations Thread 10" [_thread_blocked, id=11008, stack(0x00000013c8800000,0x00000013c8900000)]
  0x000001b02f60b000 JavaThread "Unconstrained build operations Thread 11" [_thread_blocked, id=9116, stack(0x00000013c8900000,0x00000013c8a00000)]
  0x000001b02f611800 JavaThread "Unconstrained build operations Thread 12" [_thread_blocked, id=6880, stack(0x00000013c8a00000,0x00000013c8b00000)]
  0x000001b02f612000 JavaThread "Unconstrained build operations Thread 13" [_thread_blocked, id=2584, stack(0x00000013c8b00000,0x00000013c8c00000)]
  0x000001b02f60c800 JavaThread "Unconstrained build operations Thread 14" [_thread_blocked, id=8456, stack(0x00000013c8c00000,0x00000013c8d00000)]
  0x000001b02f617000 JavaThread "Unconstrained build operations Thread 15" [_thread_blocked, id=7412, stack(0x00000013c8d00000,0x00000013c8e00000)]
  0x000001b02f618800 JavaThread "Unconstrained build operations Thread 16" [_thread_blocked, id=3216, stack(0x00000013c8e00000,0x00000013c8f00000)]
  0x000001b02f615800 JavaThread "Unconstrained build operations Thread 17" [_thread_blocked, id=3920, stack(0x00000013c8f00000,0x00000013c9000000)]
  0x000001b02f614800 JavaThread "Unconstrained build operations Thread 18" [_thread_blocked, id=2656, stack(0x00000013c9000000,0x00000013c9100000)]
  0x000001b02f616800 JavaThread "Unconstrained build operations Thread 19" [_thread_blocked, id=11072, stack(0x00000013c9100000,0x00000013c9200000)]
  0x000001b02f613000 JavaThread "Unconstrained build operations Thread 20" [_thread_blocked, id=6636, stack(0x00000013c9200000,0x00000013c9300000)]
  0x000001b02f618000 JavaThread "Unconstrained build operations Thread 21" [_thread_blocked, id=7396, stack(0x00000013c9300000,0x00000013c9400000)]
  0x000001b02f619800 JavaThread "Unconstrained build operations Thread 22" [_thread_blocked, id=4016, stack(0x00000013c9400000,0x00000013c9500000)]
  0x000001b02f614000 JavaThread "Unconstrained build operations Thread 23" [_thread_blocked, id=9652, stack(0x00000013c9500000,0x00000013c9600000)]
  0x000001b028820800 JavaThread "Unconstrained build operations Thread 24" [_thread_blocked, id=2128, stack(0x00000013c9600000,0x00000013c9700000)]
  0x000001b028827800 JavaThread "Unconstrained build operations Thread 25" [_thread_blocked, id=532, stack(0x00000013c9700000,0x00000013c9800000)]
  0x000001b028821800 JavaThread "Unconstrained build operations Thread 26" [_thread_blocked, id=4636, stack(0x00000013c9800000,0x00000013c9900000)]
  0x000001b028826800 JavaThread "Unconstrained build operations Thread 27" [_thread_blocked, id=7976, stack(0x00000013c9900000,0x00000013c9a00000)]
  0x000001b028824000 JavaThread "Unconstrained build operations Thread 28" [_thread_blocked, id=864, stack(0x00000013c9a00000,0x00000013c9b00000)]
  0x000001b028825000 JavaThread "Unconstrained build operations Thread 29" [_thread_blocked, id=6140, stack(0x00000013c9b00000,0x00000013c9c00000)]
  0x000001b028823000 JavaThread "Unconstrained build operations Thread 30" [_thread_in_native, id=5588, stack(0x00000013c9c00000,0x00000013c9d00000)]
  0x000001b028828000 JavaThread "Unconstrained build operations Thread 31" [_thread_blocked, id=1180, stack(0x00000013c9d00000,0x00000013c9e00000)]
  0x000001b028825800 JavaThread "Unconstrained build operations Thread 32" [_thread_blocked, id=4156, stack(0x00000013c9e00000,0x00000013c9f00000)]
  0x000001b028822800 JavaThread "Unconstrained build operations Thread 33" [_thread_blocked, id=7144, stack(0x00000013c9f00000,0x00000013ca000000)]
  0x000001b028829000 JavaThread "Unconstrained build operations Thread 34" [_thread_blocked, id=9352, stack(0x00000013ca000000,0x00000013ca100000)]
  0x000001b028829800 JavaThread "Unconstrained build operations Thread 35" [_thread_blocked, id=6900, stack(0x00000013ca100000,0x00000013ca200000)]
  0x000001b02882f800 JavaThread "Unconstrained build operations Thread 36" [_thread_blocked, id=1684, stack(0x00000013ca200000,0x00000013ca300000)]
  0x000001b02882a800 JavaThread "Unconstrained build operations Thread 37" [_thread_blocked, id=8264, stack(0x00000013ca300000,0x00000013ca400000)]
  0x000001b02882c000 JavaThread "Unconstrained build operations Thread 38" [_thread_blocked, id=4060, stack(0x00000013ca400000,0x00000013ca500000)]
  0x000001b02882d000 JavaThread "Unconstrained build operations Thread 39" [_thread_blocked, id=10408, stack(0x00000013ca500000,0x00000013ca600000)]
  0x000001b029bad800 JavaThread "Unconstrained build operations Thread 40" [_thread_blocked, id=7968, stack(0x00000013ca600000,0x00000013ca700000)]
  0x000001b029baf000 JavaThread "build event listener" [_thread_blocked, id=8932, stack(0x00000013cac00000,0x00000013cad00000)]
  0x000001b029bb5000 JavaThread "pool-12-thread-1" [_thread_blocked, id=4468, stack(0x00000013cad00000,0x00000013cae00000)]
  0x000001b029bb5800 JavaThread "build event listener" [_thread_blocked, id=1424, stack(0x00000013cae00000,0x00000013caf00000)]
  0x000001b029bb0000 JavaThread "Execution worker for ':'" [_thread_blocked, id=7208, stack(0x00000013caf00000,0x00000013cb000000)]
  0x000001b029bba000 JavaThread "Execution worker for ':' Thread 2" [_thread_blocked, id=6136, stack(0x00000013cb000000,0x00000013cb100000)]
  0x000001b029bb6800 JavaThread "Execution worker for ':' Thread 3" [_thread_blocked, id=200, stack(0x00000013cb100000,0x00000013cb200000)]
  0x000001b029bb7800 JavaThread "Cache worker for execution history cache (E:\Programming\Quiz\.gradle\7.2\executionHistory)" [_thread_blocked, id=1940, stack(0x00000013cb200000,0x00000013cb300000)]
  0x000001b029bb8000 JavaThread "WorkerExecutor Queue" [_thread_blocked, id=6804, stack(0x00000013cb300000,0x00000013cb400000)]
  0x000001b029bbc000 JavaThread "WorkerExecutor Queue Thread 2" [_thread_blocked, id=8412, stack(0x00000013cb400000,0x00000013cb500000)]
  0x000001b029bba800 JavaThread "WorkerExecutor Queue Thread 3" [_thread_blocked, id=1460, stack(0x00000013cb500000,0x00000013cb600000)]
  0x000001b029bbb800 JavaThread "WorkerExecutor Queue Thread 4" [_thread_blocked, id=10184, stack(0x00000013cb600000,0x00000013cb700000)]
  0x000001b027be9800 JavaThread "pool-13-thread-1" [_thread_blocked, id=7032, stack(0x00000013c7c00000,0x00000013c7d00000)]
  0x000001b027bea800 JavaThread "stderr" [_thread_in_native, id=5396, stack(0x00000013cb700000,0x00000013cb800000)]
  0x000001b0301e2800 JavaThread "stdout" [_thread_in_native, id=4312, stack(0x00000013cb800000,0x00000013cb900000)]
  0x000001b0301e6000 JavaThread "stderr" [_thread_in_native, id=8804, stack(0x00000013cb900000,0x00000013cba00000)]
  0x000001b0301e0000 JavaThread "stdout" [_thread_in_native, id=4944, stack(0x00000013cba00000,0x00000013cbb00000)]

Other Threads:
  0x000001b02517f800 VMThread "VM Thread" [stack: 0x00000013c5800000,0x00000013c5900000] [id=8848]
  0x000001b025cfb800 WatcherThread [stack: 0x00000013c6200000,0x00000013c6300000] [id=7700]
  0x000001b00963c000 GCTaskThread "GC Thread#0" [stack: 0x00000013c5300000,0x00000013c5400000] [id=7088]
  0x000001b026359000 GCTaskThread "GC Thread#1" [stack: 0x00000013c6400000,0x00000013c6500000] [id=7148]
  0x000001b0266de000 GCTaskThread "GC Thread#2" [stack: 0x00000013c6500000,0x00000013c6600000] [id=6600]
  0x000001b026ade000 GCTaskThread "GC Thread#3" [stack: 0x00000013c6f00000,0x00000013c7000000] [id=6352]
  0x000001b00966c000 ConcurrentGCThread "G1 Main Marker" [stack: 0x00000013c5400000,0x00000013c5500000] [id=1436]
  0x000001b00966d800 ConcurrentGCThread "G1 Conc#0" [stack: 0x00000013c5500000,0x00000013c5600000] [id=5968]
  0x000001b0096fb800 ConcurrentGCThread "G1 Refine#0" [stack: 0x00000013c5600000,0x00000013c5700000] [id=1188]
  0x000001b0096fc800 ConcurrentGCThread "G1 Young RemSet Sampling" [stack: 0x00000013c5700000,0x00000013c5800000] [id=7708]

Threads with active compile tasks:
C2 CompilerThread04654511 22506       4       org.gradle.api.internal.artifacts.transform.AbstractTransformedArtifactSet::visit (97 bytes)

VM state:not at safepoint (normal execution)

VM Mutex/Monitor currently owned by a thread: None

Heap address: 0x0000000080000000, size: 2048 MB, Compressed Oops mode: 32-bit
Narrow klass base: 0x0000000000000000, Narrow klass shift: 3
Compressed class space size: 1073741824 Address: 0x0000000100000000

Heap:
 garbage-first heap   total 189440K, used 153070K [0x0000000080000000, 0x0000000100000000)
  region size 1024K, 7 young (7168K), 3 survivors (3072K)
 Metaspace       used 134565K, capacity 138111K, committed 138284K, reserved 1171456K
  class space    used 16286K, capacity 17529K, committed 17536K, reserved 1048576K
Heap Regions: E=young(eden), S=young(survivor), O=old, HS=humongous(starts), HC=humongous(continues), CS=collection set, F=free, A=archive, TAMS=top-at-mark-start (previous, next)
|   0|0x0000000080000000, 0x0000000080100000, 0x0000000080100000|100%| O|  |TAMS 0x0000000080100000, 0x0000000080100000| Untracked 
|   1|0x0000000080100000, 0x0000000080200000, 0x0000000080200000|100%| O|  |TAMS 0x0000000080200000, 0x0000000080200000| Untracked 
|   2|0x0000000080200000, 0x0000000080300000, 0x0000000080300000|100%| O|  |TAMS 0x0000000080300000, 0x0000000080300000| Untracked 
|   3|0x0000000080300000, 0x0000000080400000, 0x0000000080400000|100%|HS|  |TAMS 0x0000000080400000, 0x0000000080400000| Complete 
|   4|0x0000000080400000, 0x0000000080500000, 0x0000000080500000|100%|HC|  |TAMS 0x0000000080500000, 0x0000000080500000| Complete 
|   5|0x0000000080500000, 0x0000000080600000, 0x0000000080600000|100%|HC|  |TAMS 0x0000000080600000, 0x0000000080600000| Complete 
|   6|0x0000000080600000, 0x0000000080700000, 0x0000000080700000|100%| O|  |TAMS 0x0000000080700000, 0x0000000080700000| Untracked 
|   7|0x0000000080700000, 0x0000000080800000, 0x0000000080800000|100%| O|  |TAMS 0x0000000080800000, 0x0000000080800000| Untracked 
|   8|0x0000000080800000, 0x0000000080900000, 0x0000000080900000|100%| O|  |TAMS 0x0000000080900000, 0x0000000080900000| Untracked 
|   9|0x0000000080900000, 0x0000000080a00000, 0x0000000080a00000|100%| O|  |TAMS 0x0000000080a00000, 0x0000000080a00000| Untracked 
|  10|0x0000000080a00000, 0x0000000080b00000, 0x0000000080b00000|100%| O|  |TAMS 0x0000000080b00000, 0x0000000080b00000| Untracked 
|  11|0x0000000080b00000, 0x0000000080c00000, 0x0000000080c00000|100%| O|  |TAMS 0x0000000080c00000, 0x0000000080c00000| Untracked 
|  12|0x0000000080c00000, 0x0000000080d00000, 0x0000000080d00000|100%| O|  |TAMS 0x0000000080d00000, 0x0000000080d00000| Untracked 
|  13|0x0000000080d00000, 0x0000000080e00000, 0x0000000080e00000|100%| O|  |TAMS 0x0000000080e00000, 0x0000000080e00000| Untracked 
|  14|0x0000000080e00000, 0x0000000080f00000, 0x0000000080f00000|100%| O|  |TAMS 0x0000000080f00000, 0x0000000080f00000| Untracked 
|  15|0x0000000080f00000, 0x0000000081000000, 0x0000000081000000|100%| O|  |TAMS 0x0000000081000000, 0x0000000081000000| Untracked 
|  16|0x0000000081000000, 0x0000000081100000, 0x0000000081100000|100%|HS|  |TAMS 0x0000000081100000, 0x0000000081100000| Complete 
|  17|0x0000000081100000, 0x0000000081200000, 0x0000000081200000|100%|HC|  |TAMS 0x0000000081200000, 0x0000000081200000| Complete 
|  18|0x0000000081200000, 0x0000000081300000, 0x0000000081300000|100%|HS|  |TAMS 0x0000000081300000, 0x0000000081300000| Complete 
|  19|0x0000000081300000, 0x0000000081400000, 0x0000000081400000|100%|HC|  |TAMS 0x0000000081400000, 0x0000000081400000| Complete 
|  20|0x0000000081400000, 0x0000000081500000, 0x0000000081500000|100%|HC|  |TAMS 0x0000000081500000, 0x0000000081500000| Complete 
|  21|0x0000000081500000, 0x0000000081600000, 0x0000000081600000|100%|HS|  |TAMS 0x0000000081600000, 0x0000000081600000| Complete 
|  22|0x0000000081600000, 0x0000000081700000, 0x0000000081700000|100%|HC|  |TAMS 0x0000000081700000, 0x0000000081700000| Complete 
|  23|0x0000000081700000, 0x0000000081800000, 0x0000000081800000|100%|HC|  |TAMS 0x0000000081800000, 0x0000000081800000| Complete 
|  24|0x0000000081800000, 0x0000000081900000, 0x0000000081900000|100%|HC|  |TAMS 0x0000000081900000, 0x0000000081900000| Complete 
|  25|0x0000000081900000, 0x0000000081a00000, 0x0000000081a00000|100%| O|  |TAMS 0x0000000081a00000, 0x0000000081a00000| Untracked 
|  26|0x0000000081a00000, 0x0000000081b00000, 0x0000000081b00000|100%| O|  |TAMS 0x0000000081b00000, 0x0000000081b00000| Untracked 
|  27|0x0000000081b00000, 0x0000000081c00000, 0x0000000081c00000|100%| O|  |TAMS 0x0000000081c00000, 0x0000000081c00000| Untracked 
|  28|0x0000000081c00000, 0x0000000081d00000, 0x0000000081d00000|100%| O|  |TAMS 0x0000000081d00000, 0x0000000081d00000| Untracked 
|  29|0x0000000081d00000, 0x0000000081e00000, 0x0000000081e00000|100%| O|  |TAMS 0x0000000081e00000, 0x0000000081e00000| Untracked 
|  30|0x0000000081e00000, 0x0000000081f00000, 0x0000000081f00000|100%| O|  |TAMS 0x0000000081f00000, 0x0000000081f00000| Untracked 
|  31|0x0000000081f00000, 0x0000000082000000, 0x0000000082000000|100%| O|  |TAMS 0x0000000082000000, 0x0000000082000000| Untracked 
|  32|0x0000000082000000, 0x0000000082100000, 0x0000000082100000|100%| O|  |TAMS 0x0000000082100000, 0x0000000082100000| Untracked 
|  33|0x0000000082100000, 0x0000000082200000, 0x0000000082200000|100%| O|  |TAMS 0x0000000082200000, 0x0000000082200000| Untracked 
|  34|0x0000000082200000, 0x0000000082300000, 0x0000000082300000|100%| O|  |TAMS 0x0000000082300000, 0x0000000082300000| Untracked 
|  35|0x0000000082300000, 0x0000000082400000, 0x0000000082400000|100%| O|  |TAMS 0x0000000082400000, 0x0000000082400000| Untracked 
|  36|0x0000000082400000, 0x0000000082500000, 0x0000000082500000|100%| O|  |TAMS 0x0000000082500000, 0x0000000082500000| Untracked 
|  37|0x0000000082500000, 0x0000000082600000, 0x0000000082600000|100%| O|  |TAMS 0x0000000082600000, 0x0000000082600000| Untracked 
|  38|0x0000000082600000, 0x0000000082700000, 0x0000000082700000|100%|HS|  |TAMS 0x0000000082700000, 0x0000000082700000| Complete 
|  39|0x0000000082700000, 0x0000000082800000, 0x0000000082800000|100%|HC|  |TAMS 0x0000000082800000, 0x0000000082800000| Complete 
|  40|0x0000000082800000, 0x0000000082900000, 0x0000000082900000|100%|HC|  |TAMS 0x0000000082900000, 0x0000000082900000| Complete 
|  41|0x0000000082900000, 0x0000000082a00000, 0x0000000082a00000|100%| O|  |TAMS 0x0000000082a00000, 0x0000000082a00000| Untracked 
|  42|0x0000000082a00000, 0x0000000082b00000, 0x0000000082b00000|100%| O|  |TAMS 0x0000000082b00000, 0x0000000082b00000| Untracked 
|  43|0x0000000082b00000, 0x0000000082c00000, 0x0000000082c00000|100%| O|  |TAMS 0x0000000082c00000, 0x0000000082c00000| Untracked 
|  44|0x0000000082c00000, 0x0000000082d00000, 0x0000000082d00000|100%|HS|  |TAMS 0x0000000082d00000, 0x0000000082d00000| Complete 
|  45|0x0000000082d00000, 0x0000000082e00000, 0x0000000082e00000|100%|HC|  |TAMS 0x0000000082e00000, 0x0000000082e00000| Complete 
|  46|0x0000000082e00000, 0x0000000082f00000, 0x0000000082f00000|100%|HC|  |TAMS 0x0000000082f00000, 0x0000000082f00000| Complete 
|  47|0x0000000082f00000, 0x0000000083000000, 0x0000000083000000|100%|HC|  |TAMS 0x0000000083000000, 0x0000000083000000| Complete 
|  48|0x0000000083000000, 0x0000000083100000, 0x0000000083100000|100%| O|  |TAMS 0x0000000083100000, 0x0000000083100000| Untracked 
|  49|0x0000000083100000, 0x0000000083200000, 0x0000000083200000|100%| O|  |TAMS 0x0000000083200000, 0x0000000083200000| Untracked 
|  50|0x0000000083200000, 0x0000000083300000, 0x0000000083300000|100%| O|  |TAMS 0x0000000083300000, 0x0000000083300000| Untracked 
|  51|0x0000000083300000, 0x0000000083400000, 0x0000000083400000|100%|HS|  |TAMS 0x0000000083400000, 0x0000000083400000| Complete 
|  52|0x0000000083400000, 0x0000000083500000, 0x0000000083500000|100%|HS|  |TAMS 0x0000000083500000, 0x0000000083500000| Complete 
|  53|0x0000000083500000, 0x0000000083600000, 0x0000000083600000|100%|HS|  |TAMS 0x0000000083600000, 0x0000000083600000| Complete 
|  54|0x0000000083600000, 0x0000000083700000, 0x0000000083700000|100%|HS|  |TAMS 0x0000000083700000, 0x0000000083700000| Complete 
|  55|0x0000000083700000, 0x0000000083800000, 0x0000000083800000|100%|HC|  |TAMS 0x0000000083800000, 0x0000000083800000| Complete 
|  56|0x0000000083800000, 0x0000000083900000, 0x0000000083900000|100%| O|  |TAMS 0x0000000083900000, 0x0000000083900000| Untracked 
|  57|0x0000000083900000, 0x0000000083a00000, 0x0000000083a00000|100%| O|  |TAMS 0x0000000083a00000, 0x0000000083a00000| Untracked 
|  58|0x0000000083a00000, 0x0000000083b00000, 0x0000000083b00000|100%| O|  |TAMS 0x0000000083b00000, 0x0000000083b00000| Untracked 
|  59|0x0000000083b00000, 0x0000000083c00000, 0x0000000083c00000|100%| O|  |TAMS 0x0000000083c00000, 0x0000000083c00000| Untracked 
|  60|0x0000000083c00000, 0x0000000083d00000, 0x0000000083d00000|100%| O|  |TAMS 0x0000000083d00000, 0x0000000083d00000| Untracked 
|  61|0x0000000083d00000, 0x0000000083e00000, 0x0000000083e00000|100%| O|  |TAMS 0x0000000083e00000, 0x0000000083e00000| Untracked 
|  62|0x0000000083e00000, 0x0000000083f00000, 0x0000000083f00000|100%| O|  |TAMS 0x0000000083f00000, 0x0000000083f00000| Untracked 
|  63|0x0000000083f00000, 0x0000000084000000, 0x0000000084000000|100%| O|  |TAMS 0x0000000084000000, 0x0000000084000000| Untracked 
|  64|0x0000000084000000, 0x0000000084100000, 0x0000000084100000|100%| O|  |TAMS 0x0000000084100000, 0x0000000084100000| Untracked 
|  65|0x0000000084100000, 0x0000000084200000, 0x0000000084200000|100%| O|  |TAMS 0x0000000084200000, 0x0000000084200000| Untracked 
|  66|0x0000000084200000, 0x0000000084300000, 0x0000000084300000|100%| O|  |TAMS 0x0000000084300000, 0x0000000084300000| Untracked 
|  67|0x0000000084300000, 0x0000000084400000, 0x0000000084400000|100%| O|  |TAMS 0x0000000084400000, 0x0000000084400000| Untracked 
|  68|0x0000000084400000, 0x0000000084500000, 0x0000000084500000|100%| O|  |TAMS 0x0000000084500000, 0x0000000084500000| Untracked 
|  69|0x0000000084500000, 0x0000000084600000, 0x0000000084600000|100%| O|  |TAMS 0x0000000084600000, 0x0000000084600000| Untracked 
|  70|0x0000000084600000, 0x0000000084700000, 0x0000000084700000|100%| O|  |TAMS 0x0000000084700000, 0x0000000084700000| Untracked 
|  71|0x0000000084700000, 0x0000000084800000, 0x0000000084800000|100%| O|  |TAMS 0x0000000084800000, 0x0000000084800000| Untracked 
|  72|0x0000000084800000, 0x0000000084900000, 0x0000000084900000|100%| O|  |TAMS 0x0000000084900000, 0x0000000084900000| Untracked 
|  73|0x0000000084900000, 0x0000000084a00000, 0x0000000084a00000|100%| O|  |TAMS 0x0000000084a00000, 0x0000000084a00000| Untracked 
|  74|0x0000000084a00000, 0x0000000084b00000, 0x0000000084b00000|100%| O|  |TAMS 0x0000000084b00000, 0x0000000084b00000| Untracked 
|  75|0x0000000084b00000, 0x0000000084c00000, 0x0000000084c00000|100%| O|  |TAMS 0x0000000084c00000, 0x0000000084c00000| Untracked 
|  76|0x0000000084c00000, 0x0000000084d00000, 0x0000000084d00000|100%| O|  |TAMS 0x0000000084d00000, 0x0000000084d00000| Untracked 
|  77|0x0000000084d00000, 0x0000000084e00000, 0x0000000084e00000|100%| O|  |TAMS 0x0000000084e00000, 0x0000000084e00000| Untracked 
|  78|0x0000000084e00000, 0x0000000084f00000, 0x0000000084f00000|100%| O|  |TAMS 0x0000000084f00000, 0x0000000084f00000| Untracked 
|  79|0x0000000084f00000, 0x0000000085000000, 0x0000000085000000|100%| O|  |TAMS 0x0000000085000000, 0x0000000085000000| Untracked 
|  80|0x0000000085000000, 0x0000000085100000, 0x0000000085100000|100%| O|  |TAMS 0x0000000085100000, 0x0000000085100000| Untracked 
|  81|0x0000000085100000, 0x0000000085200000, 0x0000000085200000|100%| O|  |TAMS 0x0000000085200000, 0x0000000085200000| Untracked 
|  82|0x0000000085200000, 0x0000000085300000, 0x0000000085300000|100%| O|  |TAMS 0x0000000085300000, 0x0000000085300000| Untracked 
|  83|0x0000000085300000, 0x0000000085400000, 0x0000000085400000|100%|HS|  |TAMS 0x0000000085400000, 0x0000000085400000| Complete 
|  84|0x0000000085400000, 0x0000000085500000, 0x0000000085500000|100%|HC|  |TAMS 0x0000000085500000, 0x0000000085500000| Complete 
|  85|0x0000000085500000, 0x0000000085600000, 0x0000000085600000|100%|HS|  |TAMS 0x0000000085600000, 0x0000000085600000| Complete 
|  86|0x0000000085600000, 0x0000000085700000, 0x0000000085700000|100%|HC|  |TAMS 0x0000000085700000, 0x0000000085700000| Complete 
|  87|0x0000000085700000, 0x0000000085800000, 0x0000000085800000|100%|HC|  |TAMS 0x0000000085800000, 0x0000000085800000| Complete 
|  88|0x0000000085800000, 0x0000000085900000, 0x0000000085900000|100%|HS|  |TAMS 0x0000000085900000, 0x0000000085900000| Complete 
|  89|0x0000000085900000, 0x0000000085a00000, 0x0000000085a00000|100%|HC|  |TAMS 0x0000000085a00000, 0x0000000085a00000| Complete 
|  90|0x0000000085a00000, 0x0000000085b00000, 0x0000000085b00000|100%|HC|  |TAMS 0x0000000085b00000, 0x0000000085b00000| Complete 
|  91|0x0000000085b00000, 0x0000000085c00000, 0x0000000085c00000|100%|HC|  |TAMS 0x0000000085c00000, 0x0000000085c00000| Complete 
|  92|0x0000000085c00000, 0x0000000085d00000, 0x0000000085d00000|100%| O|  |TAMS 0x0000000085c00000, 0x0000000085d00000| Untracked 
|  93|0x0000000085d00000, 0x0000000085e00000, 0x0000000085e00000|100%| O|  |TAMS 0x0000000085e00000, 0x0000000085e00000| Untracked 
|  94|0x0000000085e00000, 0x0000000085f00000, 0x0000000085f00000|100%| O|  |TAMS 0x0000000085f00000, 0x0000000085f00000| Untracked 
|  95|0x0000000085f00000, 0x0000000086000000, 0x0000000086000000|100%| O|  |TAMS 0x0000000086000000, 0x0000000086000000| Untracked 
|  96|0x0000000086000000, 0x0000000086100000, 0x0000000086100000|100%| O|  |TAMS 0x0000000086100000, 0x0000000086100000| Untracked 
|  97|0x0000000086100000, 0x0000000086200000, 0x0000000086200000|100%| O|  |TAMS 0x0000000086200000, 0x0000000086200000| Untracked 
|  98|0x0000000086200000, 0x0000000086300000, 0x0000000086300000|100%| O|  |TAMS 0x0000000086300000, 0x0000000086300000| Untracked 
|  99|0x0000000086300000, 0x0000000086400000, 0x0000000086400000|100%| O|  |TAMS 0x0000000086400000, 0x0000000086400000| Untracked 
| 100|0x0000000086400000, 0x0000000086500000, 0x0000000086500000|100%| O|  |TAMS 0x0000000086500000, 0x0000000086500000| Untracked 
| 101|0x0000000086500000, 0x0000000086600000, 0x0000000086600000|100%| O|  |TAMS 0x0000000086600000, 0x0000000086600000| Untracked 
| 102|0x0000000086600000, 0x0000000086700000, 0x0000000086700000|100%| O|  |TAMS 0x0000000086700000, 0x0000000086700000| Untracked 
| 103|0x0000000086700000, 0x0000000086800000, 0x0000000086800000|100%| O|  |TAMS 0x0000000086800000, 0x0000000086800000| Untracked 
| 104|0x0000000086800000, 0x0000000086900000, 0x0000000086900000|100%| O|  |TAMS 0x0000000086900000, 0x0000000086900000| Untracked 
| 105|0x0000000086900000, 0x0000000086a00000, 0x0000000086a00000|100%| O|  |TAMS 0x0000000086a00000, 0x0000000086a00000| Untracked 
| 106|0x0000000086a00000, 0x0000000086b00000, 0x0000000086b00000|100%| O|  |TAMS 0x0000000086b00000, 0x0000000086b00000| Untracked 
| 107|0x0000000086b00000, 0x0000000086c00000, 0x0000000086c00000|100%| O|  |TAMS 0x0000000086c00000, 0x0000000086c00000| Untracked 
| 108|0x0000000086c00000, 0x0000000086d00000, 0x0000000086d00000|100%| O|  |TAMS 0x0000000086d00000, 0x0000000086d00000| Untracked 
| 109|0x0000000086d00000, 0x0000000086e00000, 0x0000000086e00000|100%| O|  |TAMS 0x0000000086e00000, 0x0000000086e00000| Untracked 
| 110|0x0000000086e00000, 0x0000000086f00000, 0x0000000086f00000|100%| O|  |TAMS 0x0000000086f00000, 0x0000000086f00000| Untracked 
| 111|0x0000000086f00000, 0x0000000087000000, 0x0000000087000000|100%| O|  |TAMS 0x0000000087000000, 0x0000000087000000| Untracked 
| 112|0x0000000087000000, 0x0000000087100000, 0x0000000087100000|100%| O|  |TAMS 0x0000000087100000, 0x0000000087100000| Untracked 
| 113|0x0000000087100000, 0x0000000087200000, 0x0000000087200000|100%| O|  |TAMS 0x0000000087200000, 0x0000000087200000| Untracked 
| 114|0x0000000087200000, 0x0000000087300000, 0x0000000087300000|100%| O|  |TAMS 0x0000000087300000, 0x0000000087300000| Untracked 
| 115|0x0000000087300000, 0x0000000087400000, 0x0000000087400000|100%| O|  |TAMS 0x0000000087400000, 0x0000000087400000| Untracked 
| 116|0x0000000087400000, 0x0000000087500000, 0x0000000087500000|100%| O|  |TAMS 0x000000008747b600, 0x0000000087500000| Untracked 
| 117|0x0000000087500000, 0x0000000087600000, 0x0000000087600000|100%| O|  |TAMS 0x0000000087600000, 0x0000000087600000| Untracked 
| 118|0x0000000087600000, 0x0000000087700000, 0x0000000087700000|100%| O|  |TAMS 0x0000000087700000, 0x0000000087700000| Untracked 
| 119|0x0000000087700000, 0x0000000087800000, 0x0000000087800000|100%| O|  |TAMS 0x0000000087800000, 0x0000000087800000| Untracked 
| 120|0x0000000087800000, 0x0000000087900000, 0x0000000087900000|100%| O|  |TAMS 0x0000000087900000, 0x0000000087900000| Untracked 
| 121|0x0000000087900000, 0x0000000087a00000, 0x0000000087a00000|100%| O|  |TAMS 0x0000000087a00000, 0x0000000087a00000| Untracked 
| 122|0x0000000087a00000, 0x0000000087b00000, 0x0000000087b00000|100%| O|  |TAMS 0x0000000087b00000, 0x0000000087b00000| Untracked 
| 123|0x0000000087b00000, 0x0000000087c00000, 0x0000000087c00000|100%| O|  |TAMS 0x0000000087c00000, 0x0000000087c00000| Untracked 
| 124|0x0000000087c00000, 0x0000000087d00000, 0x0000000087d00000|100%| O|  |TAMS 0x0000000087d00000, 0x0000000087d00000| Untracked 
| 125|0x0000000087d00000, 0x0000000087e00000, 0x0000000087e00000|100%| O|  |TAMS 0x0000000087e00000, 0x0000000087e00000| Untracked 
| 126|0x0000000087e00000, 0x0000000087f00000, 0x0000000087f00000|100%| O|  |TAMS 0x0000000087f00000, 0x0000000087f00000| Untracked 
| 127|0x0000000087f00000, 0x0000000088000000, 0x0000000088000000|100%| O|  |TAMS 0x0000000088000000, 0x0000000088000000| Untracked 
| 128|0x0000000088000000, 0x0000000088100000, 0x0000000088100000|100%| O|  |TAMS 0x0000000088100000, 0x0000000088100000| Untracked 
| 129|0x0000000088100000, 0x0000000088200000, 0x0000000088200000|100%| O|  |TAMS 0x0000000088200000, 0x0000000088200000| Untracked 
| 130|0x0000000088200000, 0x0000000088300000, 0x0000000088300000|100%| O|  |TAMS 0x0000000088300000, 0x0000000088300000| Untracked 
| 131|0x0000000088300000, 0x0000000088400000, 0x0000000088400000|100%| O|  |TAMS 0x0000000088300000, 0x0000000088400000| Untracked 
| 132|0x0000000088400000, 0x0000000088500000, 0x0000000088500000|100%| O|  |TAMS 0x0000000088400000, 0x0000000088500000| Untracked 
| 133|0x0000000088500000, 0x0000000088600000, 0x0000000088600000|100%| O|  |TAMS 0x0000000088500000, 0x0000000088600000| Untracked 
| 134|0x0000000088600000, 0x0000000088700000, 0x0000000088700000|100%| O|  |TAMS 0x0000000088700000, 0x0000000088700000| Untracked 
| 135|0x0000000088700000, 0x0000000088800000, 0x0000000088800000|100%| O|  |TAMS 0x0000000088800000, 0x0000000088800000| Untracked 
| 136|0x0000000088800000, 0x0000000088900000, 0x0000000088900000|100%| O|  |TAMS 0x0000000088900000, 0x0000000088900000| Untracked 
| 137|0x0000000088900000, 0x0000000088a00000, 0x0000000088a00000|100%| O|  |TAMS 0x0000000088a00000, 0x0000000088a00000| Untracked 
| 138|0x0000000088a00000, 0x0000000088b00000, 0x0000000088b00000|100%| O|  |TAMS 0x0000000088b00000, 0x0000000088b00000| Untracked 
| 139|0x0000000088b00000, 0x0000000088c00000, 0x0000000088c00000|100%| O|  |TAMS 0x0000000088c00000, 0x0000000088c00000| Untracked 
| 140|0x0000000088c00000, 0x0000000088d00000, 0x0000000088d00000|100%| O|  |TAMS 0x0000000088d00000, 0x0000000088d00000| Untracked 
| 141|0x0000000088d00000, 0x0000000088e00000, 0x0000000088e00000|100%| O|  |TAMS 0x0000000088e00000, 0x0000000088e00000| Untracked 
| 142|0x0000000088e00000, 0x0000000088f00000, 0x0000000088f00000|100%| O|  |TAMS 0x0000000088f00000, 0x0000000088f00000| Untracked 
| 143|0x0000000088f00000, 0x0000000088f7b800, 0x0000000089000000| 48%| O|  |TAMS 0x0000000088f00000, 0x0000000088f7b800| Untracked 
| 144|0x0000000089000000, 0x0000000089000000, 0x0000000089100000|  0%| F|  |TAMS 0x0000000089000000, 0x0000000089000000| Untracked 
| 145|0x0000000089100000, 0x0000000089100000, 0x0000000089200000|  0%| F|  |TAMS 0x0000000089100000, 0x0000000089100000| Untracked 
| 146|0x0000000089200000, 0x0000000089200000, 0x0000000089300000|  0%| F|  |TAMS 0x0000000089200000, 0x0000000089200000| Untracked 
| 147|0x0000000089300000, 0x0000000089300000, 0x0000000089400000|  0%| F|  |TAMS 0x0000000089300000, 0x0000000089300000| Untracked 
| 148|0x0000000089400000, 0x0000000089400000, 0x0000000089500000|  0%| F|  |TAMS 0x0000000089400000, 0x0000000089400000| Untracked 
| 149|0x0000000089500000, 0x0000000089500000, 0x0000000089600000|  0%| F|  |TAMS 0x0000000089500000, 0x0000000089500000| Untracked 
| 150|0x0000000089600000, 0x0000000089600000, 0x0000000089700000|  0%| F|  |TAMS 0x0000000089600000, 0x0000000089600000| Untracked 
| 151|0x0000000089700000, 0x0000000089700000, 0x0000000089800000|  0%| F|  |TAMS 0x0000000089700000, 0x0000000089700000| Untracked 
| 152|0x0000000089800000, 0x0000000089800000, 0x0000000089900000|  0%| F|  |TAMS 0x0000000089800000, 0x0000000089800000| Untracked 
| 153|0x0000000089900000, 0x0000000089900000, 0x0000000089a00000|  0%| F|  |TAMS 0x0000000089900000, 0x0000000089900000| Untracked 
| 154|0x0000000089a00000, 0x0000000089a00000, 0x0000000089b00000|  0%| F|  |TAMS 0x0000000089a00000, 0x0000000089a00000| Untracked 
| 155|0x0000000089b00000, 0x0000000089b00000, 0x0000000089c00000|  0%| F|  |TAMS 0x0000000089b00000, 0x0000000089b00000| Untracked 
| 156|0x0000000089c00000, 0x0000000089c00000, 0x0000000089d00000|  0%| F|  |TAMS 0x0000000089c00000, 0x0000000089c00000| Untracked 
| 157|0x0000000089d00000, 0x0000000089d00000, 0x0000000089e00000|  0%| F|  |TAMS 0x0000000089d00000, 0x0000000089d00000| Untracked 
| 158|0x0000000089e00000, 0x0000000089e00000, 0x0000000089f00000|  0%| F|  |TAMS 0x0000000089e00000, 0x0000000089e00000| Untracked 
| 159|0x0000000089f00000, 0x0000000089f00000, 0x000000008a000000|  0%| F|  |TAMS 0x0000000089f00000, 0x0000000089f00000| Untracked 
| 160|0x000000008a000000, 0x000000008a000000, 0x000000008a100000|  0%| F|  |TAMS 0x000000008a000000, 0x000000008a000000| Untracked 
| 161|0x000000008a100000, 0x000000008a200000, 0x000000008a200000|100%| S|CS|TAMS 0x000000008a100000, 0x000000008a100000| Complete 
| 162|0x000000008a200000, 0x000000008a300000, 0x000000008a300000|100%| S|CS|TAMS 0x000000008a200000, 0x000000008a200000| Complete 
| 163|0x000000008a300000, 0x000000008a400000, 0x000000008a400000|100%| S|CS|TAMS 0x000000008a300000, 0x000000008a300000| Complete 
| 164|0x000000008a400000, 0x000000008a400000, 0x000000008a500000|  0%| F|  |TAMS 0x000000008a400000, 0x000000008a400000| Untracked 
| 165|0x000000008a500000, 0x000000008a500000, 0x000000008a600000|  0%| F|  |TAMS 0x000000008a500000, 0x000000008a500000| Untracked 
| 166|0x000000008a600000, 0x000000008a600000, 0x000000008a700000|  0%| F|  |TAMS 0x000000008a600000, 0x000000008a600000| Untracked 
| 167|0x000000008a700000, 0x000000008a700000, 0x000000008a800000|  0%| F|  |TAMS 0x000000008a700000, 0x000000008a700000| Untracked 
| 168|0x000000008a800000, 0x000000008a800000, 0x000000008a900000|  0%| F|  |TAMS 0x000000008a800000, 0x000000008a800000| Untracked 
| 169|0x000000008a900000, 0x000000008a900000, 0x000000008aa00000|  0%| F|  |TAMS 0x000000008a900000, 0x000000008a900000| Untracked 
| 170|0x000000008aa00000, 0x000000008aa00000, 0x000000008ab00000|  0%| F|  |TAMS 0x000000008aa00000, 0x000000008aa00000| Untracked 
| 171|0x000000008ab00000, 0x000000008ab00000, 0x000000008ac00000|  0%| F|  |TAMS 0x000000008ab00000, 0x000000008ab00000| Untracked 
| 172|0x000000008ac00000, 0x000000008ac00000, 0x000000008ad00000|  0%| F|  |TAMS 0x000000008ac00000, 0x000000008ac00000| Untracked 
| 173|0x000000008ad00000, 0x000000008ad00000, 0x000000008ae00000|  0%| F|  |TAMS 0x000000008ad00000, 0x000000008ad00000| Untracked 
| 174|0x000000008ae00000, 0x000000008ae00000, 0x000000008af00000|  0%| F|  |TAMS 0x000000008ae00000, 0x000000008ae00000| Untracked 
| 175|0x000000008af00000, 0x000000008af00000, 0x000000008b000000|  0%| F|  |TAMS 0x000000008af00000, 0x000000008af00000| Untracked 
| 176|0x000000008b000000, 0x000000008b000000, 0x000000008b100000|  0%| F|  |TAMS 0x000000008b000000, 0x000000008b000000| Untracked 
| 177|0x000000008b100000, 0x000000008b100000, 0x000000008b200000|  0%| F|  |TAMS 0x000000008b100000, 0x000000008b100000| Untracked 
| 178|0x000000008b200000, 0x000000008b200000, 0x000000008b300000|  0%| F|  |TAMS 0x000000008b200000, 0x000000008b200000| Untracked 
| 179|0x000000008b300000, 0x000000008b300000, 0x000000008b400000|  0%| F|  |TAMS 0x000000008b300000, 0x000000008b300000| Untracked 
| 180|0x000000008b400000, 0x000000008b400000, 0x000000008b500000|  0%| F|  |TAMS 0x000000008b400000, 0x000000008b400000| Untracked 
| 181|0x000000008b500000, 0x000000008b5d7438, 0x000000008b600000| 84%| E|  |TAMS 0x000000008b500000, 0x000000008b500000| Complete 
| 182|0x000000008b600000, 0x000000008b700000, 0x000000008b700000|100%| E|CS|TAMS 0x000000008b600000, 0x000000008b600000| Complete 
| 183|0x000000008b700000, 0x000000008b800000, 0x000000008b800000|100%| E|CS|TAMS 0x000000008b700000, 0x000000008b700000| Complete 
| 184|0x000000008b800000, 0x000000008b900000, 0x000000008b900000|100%| E|CS|TAMS 0x000000008b800000, 0x000000008b800000| Complete 

Card table byte_map: [0x000001b01e330000,0x000001b01e730000] _byte_map_base: 0x000001b01df30000

Marking Bits (Prev, Next): (CMBitMap*) 0x000001b0096632d0, (CMBitMap*) 0x000001b009663298
 Prev Bits: [0x000001b020b30000, 0x000001b022b30000)
 Next Bits: [0x000001b01eb30000, 0x000001b020b30000)

Polling page: 0x000001b0094c0000

Metaspace:

Usage:
  Non-class:    117.76 MB capacity,   115.51 MB ( 98%) used,     1.87 MB (  2%) free+waste,   390.81 KB ( <1%) overhead. 
      Class:     17.12 MB capacity,    15.90 MB ( 93%) used,     1.05 MB (  6%) free+waste,   171.63 KB ( <1%) overhead. 
       Both:    134.87 MB capacity,   131.41 MB ( 97%) used,     2.91 MB (  2%) free+waste,   562.44 KB ( <1%) overhead. 

Virtual space:
  Non-class space:      120.00 MB reserved,     117.92 MB ( 98%) committed 
      Class space:        1.00 GB reserved,      17.13 MB (  2%) committed 
             Both:        1.12 GB reserved,     135.04 MB ( 12%) committed 

Chunk freelists:
   Non-Class:  38.00 KB
       Class:  7.00 KB
        Both:  45.00 KB

MaxMetaspaceSize: 17179869184.00 GB
CompressedClassSpaceSize: 1.00 GB

CodeHeap 'non-profiled nmethods': size=120064Kb used=16157Kb max_used=16157Kb free=103906Kb
 bounds [0x000001b0163d0000, 0x000001b0173a0000, 0x000001b01d910000]
CodeHeap 'profiled nmethods': size=120000Kb used=46082Kb max_used=46122Kb free=73918Kb
 bounds [0x000001b00eea0000, 0x000001b011be0000, 0x000001b0163d0000]
CodeHeap 'non-nmethods': size=5696Kb used=2384Kb max_used=2431Kb free=3312Kb
 bounds [0x000001b00e910000, 0x000001b00eb80000, 0x000001b00eea0000]
 total_blobs=21092 nmethods=20082 adapters=920
 compilation: enabled
              stopped_count=0, restarted_count=0
 full_count=0

Compilation events (20 events):
Event: 4654.071 Thread 0x000001b0251ad000 22518       3       java.time.Duration::plus (14 bytes)
Event: 4654.072 Thread 0x000001b0251ad000 nmethod 22518 0x000001b01012ca10 code [0x000001b01012cbc0, 0x000001b01012cd28]
Event: 4654.072 Thread 0x000001b0251ad000 22519       3       java.time.Duration::plus (55 bytes)
Event: 4654.073 Thread 0x000001b0251ad000 nmethod 22519 0x000001b0108f6910 code [0x000001b0108f6b60, 0x000001b0108f74f8]
Event: 4654.073 Thread 0x000001b0251ad000 22520       3       org.gradle.internal.execution.steps.CaptureStateAfterExecutionStep$1::<init> (26 bytes)
Event: 4654.073 Thread 0x000001b0251ad000 nmethod 22520 0x000001b01077e590 code [0x000001b01077e760, 0x000001b01077ea38]
Event: 4654.073 Thread 0x000001b0251ad000 22521       3       org.gradle.internal.execution.history.impl.DefaultOutputFilesRepository$1::visitRegularFile (6 bytes)
Event: 4654.073 Thread 0x000001b0251ad000 nmethod 22521 0x000001b00fdda810 code [0x000001b00fdda9c0, 0x000001b00fddaae8]
Event: 4654.078 Thread 0x000001b0251ad000 22522   !   3       com.sun.proxy.$Proxy38::beforeOutputChange (34 bytes)
Event: 4654.078 Thread 0x000001b0251ad000 nmethod 22522 0x000001b0107c7510 code [0x000001b0107c7700, 0x000001b0107c7bf8]
Event: 4654.078 Thread 0x000001b0251ad000 22523       3       org.gradle.internal.snapshot.UnknownFileSystemNode::withIncompleteChildren (9 bytes)
Event: 4654.078 Thread 0x000001b0251ad000 nmethod 22523 0x000001b0107d1290 code [0x000001b0107d1460, 0x000001b0107d1738]
Event: 4654.091 Thread 0x000001b0251ad000 22524       3       org.gradle.internal.snapshot.impl.BooleanValueSnapshot::getValue (5 bytes)
Event: 4654.092 Thread 0x000001b0251ad000 nmethod 22524 0x000001b00fdfee90 code [0x000001b00fdff040, 0x000001b00fdff158]
Event: 4654.108 Thread 0x000001b0251ad000 22525       3       com.android.build.gradle.internal.dependency.BaseDexingTransform$process$1$1$1::test (13 bytes)
Event: 4654.108 Thread 0x000001b0251ad000 nmethod 22525 0x000001b0107d0c90 code [0x000001b0107d0e60, 0x000001b0107d1188]
Event: 4654.108 Thread 0x000001b0251ad000 22526       3       com.android.build.gradle.internal.dependency.BaseDexingTransform$process$1$1$1::test (37 bytes)
Event: 4654.109 Thread 0x000001b0251ad000 nmethod 22526 0x000001b01082af90 code [0x000001b01082b180, 0x000001b01082b598]
Event: 4654.112 Thread 0x000001b0251ad000 22527       3       com.android.build.gradle.internal.dependency.BaseDexingTransform$processNonIncrementally$3::invoke (16 bytes)
Event: 4654.113 Thread 0x000001b0251ad000 nmethod 22527 0x000001b0108f5510 code [0x000001b0108f57e0, 0x000001b0108f6498]

GC Heap History (20 events):
Event: 4644.266 GC heap before
{Heap before GC invocations=105 (full 0):
 garbage-first heap   total 189440K, used 141000K [0x0000000080000000, 0x0000000100000000)
  region size 1024K, 9 young (9216K), 2 survivors (2048K)
 Metaspace       used 129141K, capacity 132626K, committed 132780K, reserved 1165312K
  class space    used 15613K, capacity 16819K, committed 16896K, reserved 1048576K
}
Event: 4644.277 GC heap after
{Heap after GC invocations=106 (full 0):
 garbage-first heap   total 189440K, used 132779K [0x0000000080000000, 0x0000000100000000)
  region size 1024K, 2 young (2048K), 2 survivors (2048K)
 Metaspace       used 129141K, capacity 132626K, committed 132780K, reserved 1165312K
  class space    used 15613K, capacity 16819K, committed 16896K, reserved 1048576K
}
Event: 4646.635 GC heap before
{Heap before GC invocations=106 (full 0):
 garbage-first heap   total 189440K, used 157355K [0x0000000080000000, 0x0000000100000000)
  region size 1024K, 27 young (27648K), 2 survivors (2048K)
 Metaspace       used 129620K, capacity 133068K, committed 133292K, reserved 1165312K
  class space    used 15650K, capacity 16890K, committed 16896K, reserved 1048576K
}
Event: 4646.642 GC heap after
{Heap after GC invocations=107 (full 0):
 garbage-first heap   total 189440K, used 134394K [0x0000000080000000, 0x0000000100000000)
  region size 1024K, 3 young (3072K), 3 survivors (3072K)
 Metaspace       used 129620K, capacity 133068K, committed 133292K, reserved 1165312K
  class space    used 15650K, capacity 16890K, committed 16896K, reserved 1048576K
}
Event: 4647.562 GC heap before
{Heap before GC invocations=108 (full 0):
 garbage-first heap   total 189440K, used 158970K [0x0000000080000000, 0x0000000100000000)
  region size 1024K, 28 young (28672K), 3 survivors (3072K)
 Metaspace       used 130076K, capacity 133517K, committed 133676K, reserved 1165312K
  class space    used 15720K, capacity 16954K, committed 17024K, reserved 1048576K
}
Event: 4647.569 GC heap after
{Heap after GC invocations=109 (full 0):
 garbage-first heap   total 189440K, used 134901K [0x0000000080000000, 0x0000000100000000)
  region size 1024K, 3 young (3072K), 3 survivors (3072K)
 Metaspace       used 130076K, capacity 133517K, committed 133676K, reserved 1165312K
  class space    used 15720K, capacity 16954K, committed 17024K, reserved 1048576K
}
Event: 4647.622 GC heap before
{Heap before GC invocations=109 (full 0):
 garbage-first heap   total 189440K, used 140021K [0x0000000080000000, 0x0000000100000000)
  region size 1024K, 9 young (9216K), 3 survivors (3072K)
 Metaspace       used 130128K, capacity 133517K, committed 133676K, reserved 1165312K
  class space    used 15728K, capacity 16954K, committed 17024K, reserved 1048576K
}
Event: 4647.630 GC heap after
{Heap after GC invocations=110 (full 0):
 garbage-first heap   total 189440K, used 134651K [0x0000000080000000, 0x0000000100000000)
  region size 1024K, 1 young (1024K), 1 survivors (1024K)
 Metaspace       used 130128K, capacity 133517K, committed 133676K, reserved 1165312K
  class space    used 15728K, capacity 16954K, committed 17024K, reserved 1048576K
}
Event: 4648.412 GC heap before
{Heap before GC invocations=110 (full 0):
 garbage-first heap   total 189440K, used 160251K [0x0000000080000000, 0x0000000100000000)
  region size 1024K, 26 young (26624K), 1 survivors (1024K)
 Metaspace       used 131303K, capacity 134748K, committed 134828K, reserved 1167360K
  class space    used 15888K, capacity 17130K, committed 17152K, reserved 1048576K
}
Event: 4648.417 GC heap after
{Heap after GC invocations=111 (full 0):
 garbage-first heap   total 189440K, used 135091K [0x0000000080000000, 0x0000000100000000)
  region size 1024K, 1 young (1024K), 1 survivors (1024K)
 Metaspace       used 131303K, capacity 134748K, committed 134828K, reserved 1167360K
  class space    used 15888K, capacity 17130K, committed 17152K, reserved 1048576K
}
Event: 4649.027 GC heap before
{Heap before GC invocations=112 (full 0):
 garbage-first heap   total 189440K, used 161715K [0x0000000080000000, 0x0000000100000000)
  region size 1024K, 27 young (27648K), 1 survivors (1024K)
 Metaspace       used 133235K, capacity 136774K, committed 136876K, reserved 1169408K
  class space    used 16133K, capacity 17377K, committed 17408K, reserved 1048576K
}
Event: 4649.034 GC heap after
{Heap after GC invocations=113 (full 0):
 garbage-first heap   total 189440K, used 136562K [0x0000000080000000, 0x0000000100000000)
  region size 1024K, 3 young (3072K), 3 survivors (3072K)
 Metaspace       used 133235K, capacity 136774K, committed 136876K, reserved 1169408K
  class space    used 16133K, capacity 17377K, committed 17408K, reserved 1048576K
}
Event: 4649.988 GC heap before
{Heap before GC invocations=113 (full 0):
 garbage-first heap   total 189440K, used 162162K [0x0000000080000000, 0x0000000100000000)
  region size 1024K, 28 young (28672K), 3 survivors (3072K)
 Metaspace       used 133687K, capacity 137199K, committed 137516K, reserved 1169408K
  class space    used 16164K, capacity 17411K, committed 17536K, reserved 1048576K
}
Event: 4650.013 GC heap after
{Heap after GC invocations=114 (full 0):
 garbage-first heap   total 189440K, used 140684K [0x0000000080000000, 0x0000000100000000)
  region size 1024K, 4 young (4096K), 4 survivors (4096K)
 Metaspace       used 133687K, capacity 137199K, committed 137516K, reserved 1169408K
  class space    used 16164K, capacity 17411K, committed 17536K, reserved 1048576K
}
Event: 4651.887 GC heap before
{Heap before GC invocations=115 (full 0):
 garbage-first heap   total 189440K, used 161164K [0x0000000080000000, 0x0000000100000000)
  region size 1024K, 25 young (25600K), 4 survivors (4096K)
 Metaspace       used 133838K, capacity 137326K, committed 137516K, reserved 1169408K
  class space    used 16189K, capacity 17428K, committed 17536K, reserved 1048576K
}
Event: 4651.898 GC heap after
{Heap after GC invocations=116 (full 0):
 garbage-first heap   total 189440K, used 142802K [0x0000000080000000, 0x0000000100000000)
  region size 1024K, 2 young (2048K), 2 survivors (2048K)
 Metaspace       used 133838K, capacity 137326K, committed 137516K, reserved 1169408K
  class space    used 16189K, capacity 17428K, committed 17536K, reserved 1048576K
}
Event: 4652.133 GC heap before
{Heap before GC invocations=116 (full 0):
 garbage-first heap   total 189440K, used 162258K [0x0000000080000000, 0x0000000100000000)
  region size 1024K, 21 young (21504K), 2 survivors (2048K)
 Metaspace       used 134035K, capacity 137584K, committed 137772K, reserved 1169408K
  class space    used 16220K, capacity 17470K, committed 17536K, reserved 1048576K
}
Event: 4652.137 GC heap after
{Heap after GC invocations=117 (full 0):
 garbage-first heap   total 189440K, used 143249K [0x0000000080000000, 0x0000000100000000)
  region size 1024K, 1 young (1024K), 1 survivors (1024K)
 Metaspace       used 134035K, capacity 137584K, committed 137772K, reserved 1169408K
  class space    used 16220K, capacity 17470K, committed 17536K, reserved 1048576K
}
Event: 4653.234 GC heap before
{Heap before GC invocations=118 (full 0):
 garbage-first heap   total 189440K, used 163729K [0x0000000080000000, 0x0000000100000000)
  region size 1024K, 20 young (20480K), 1 survivors (1024K)
 Metaspace       used 134181K, capacity 137713K, committed 137772K, reserved 1169408K
  class space    used 16239K, capacity 17486K, committed 17536K, reserved 1048576K
}
Event: 4653.239 GC heap after
{Heap after GC invocations=119 (full 0):
 garbage-first heap   total 189440K, used 143581K [0x0000000080000000, 0x0000000100000000)
  region size 1024K, 1 young (1024K), 1 survivors (1024K)
 Metaspace       used 134181K, capacity 137713K, committed 137772K, reserved 1169408K
  class space    used 16239K, capacity 17486K, committed 17536K, reserved 1048576K
}

Deoptimization events (20 events):
Event: 4652.406 Thread 0x000001b028520000 Uncommon trap: trap_request=0xffffffde fr.pc=0x000001b0165b3b18 relative=0x00000000000010f8
Event: 4652.406 Thread 0x000001b028520000 Uncommon trap: reason=class_check action=maybe_recompile pc=0x000001b0165b3b18 method=org.gradle.internal.snapshot.LargeChildMap.withNode(Lorg/gradle/internal/snapshot/VfsRelativePath;Lorg/gradle/internal/snapshot/CaseSensitivity;Lorg/gradle/internal/snap
Event: 4652.406 Thread 0x000001b028520000 DEOPT PACKING pc=0x000001b0165b3b18 sp=0x00000013c68f8e30
Event: 4652.406 Thread 0x000001b028520000 DEOPT UNPACKING pc=0x000001b00e93662f sp=0x00000013c68f8e10 mode 2
Event: 4652.867 Thread 0x000001b029bba800 Uncommon trap: trap_request=0xffffff4d fr.pc=0x000001b0171ca76c relative=0x0000000000005aac
Event: 4652.867 Thread 0x000001b029bba800 Uncommon trap: reason=unstable_if action=reinterpret pc=0x000001b0171ca76c method=java.io.ObjectOutputStream$BlockDataOutputStream.writeInt(I)V @ 9 c2
Event: 4652.867 Thread 0x000001b029bba800 DEOPT PACKING pc=0x000001b0171ca76c sp=0x00000013cb5fdb30
Event: 4652.867 Thread 0x000001b029bba800 DEOPT UNPACKING pc=0x000001b00e93662f sp=0x00000013cb5fdab0 mode 2
Event: 4652.869 Thread 0x000001b029bba800 Uncommon trap: trap_request=0xffffff4d fr.pc=0x000001b016bb93b4 relative=0x0000000000000094
Event: 4652.869 Thread 0x000001b029bba800 Uncommon trap: reason=unstable_if action=reinterpret pc=0x000001b016bb93b4 method=java.io.ObjectOutputStream$BlockDataOutputStream.writeByte(I)V @ 7 c2
Event: 4652.869 Thread 0x000001b029bba800 DEOPT PACKING pc=0x000001b016bb93b4 sp=0x00000013cb5fd840
Event: 4652.869 Thread 0x000001b029bba800 DEOPT UNPACKING pc=0x000001b00e93662f sp=0x00000013cb5fd7d8 mode 2
Event: 4653.941 Thread 0x000001b028520000 Uncommon trap: trap_request=0xffffffde fr.pc=0x000001b016bc2b44 relative=0x0000000000003fc4
Event: 4653.941 Thread 0x000001b028520000 Uncommon trap: reason=class_check action=maybe_recompile pc=0x000001b016bc2b44 method=org.gradle.internal.snapshot.impl.DefaultValueSnapshotter.processValue(Ljava/lang/Object;Lorg/gradle/internal/snapshot/impl/DefaultValueSnapshotter$ValueVisitor;)Ljava/l
Event: 4653.941 Thread 0x000001b028520000 DEOPT PACKING pc=0x000001b016bc2b44 sp=0x00000013c68f6e10
Event: 4653.941 Thread 0x000001b028520000 DEOPT UNPACKING pc=0x000001b00e93662f sp=0x00000013c68f6e10 mode 2
Event: 4654.103 Thread 0x000001b028823000 Uncommon trap: trap_request=0xffffff7e fr.pc=0x000001b01736296c relative=0x00000000000006ec
Event: 4654.103 Thread 0x000001b028823000 Uncommon trap: reason=predicate action=maybe_recompile pc=0x000001b01736296c method=java.util.regex.Pattern$SliceU.match(Ljava/util/regex/Matcher;ILjava/lang/CharSequence;)Z @ 18 c2
Event: 4654.103 Thread 0x000001b028823000 DEOPT PACKING pc=0x000001b01736296c sp=0x00000013c9cfb180
Event: 4654.103 Thread 0x000001b028823000 DEOPT UNPACKING pc=0x000001b00e93662f sp=0x00000013c9cfb108 mode 2

Classes redefined (0 events):
No events

Internal exceptions (20 events):
Event: 4651.008 Thread 0x000001b02f617000 Exception <a 'sun/nio/fs/WindowsException'{0x000000008b10dcd8}> (0x000000008b10dcd8) thrown at [./src/hotspot/share/prims/jni.cpp, line 615]
Event: 4651.013 Thread 0x000001b02882a800 Exception <a 'sun/nio/fs/WindowsException'{0x000000008b114728}> (0x000000008b114728) thrown at [./src/hotspot/share/prims/jni.cpp, line 615]
Event: 4651.099 Thread 0x000001b02f617000 Exception <a 'sun/nio/fs/WindowsException'{0x000000008b18f2e0}> (0x000000008b18f2e0) thrown at [./src/hotspot/share/prims/jni.cpp, line 615]
Event: 4651.173 Thread 0x000001b02882a800 Exception <a 'sun/nio/fs/WindowsException'{0x000000008b034fb8}> (0x000000008b034fb8) thrown at [./src/hotspot/share/prims/jni.cpp, line 615]
Event: 4651.233 Thread 0x000001b02852d000 Exception <a 'sun/nio/fs/WindowsException'{0x000000008b0c2ca0}> (0x000000008b0c2ca0) thrown at [./src/hotspot/share/prims/jni.cpp, line 615]
Event: 4651.233 Thread 0x000001b02f616800 Exception <a 'sun/nio/fs/WindowsException'{0x000000008b0c7220}> (0x000000008b0c7220) thrown at [./src/hotspot/share/prims/jni.cpp, line 615]
Event: 4651.303 Thread 0x000001b02f616800 Exception <a 'sun/nio/fs/WindowsException'{0x000000008af58e80}> (0x000000008af58e80) thrown at [./src/hotspot/share/prims/jni.cpp, line 615]
Event: 4651.408 Thread 0x000001b02852d000 Exception <a 'sun/nio/fs/WindowsException'{0x000000008aea01f0}> (0x000000008aea01f0) thrown at [./src/hotspot/share/prims/jni.cpp, line 615]
Event: 4651.469 Thread 0x000001b02f618800 Exception <a 'sun/nio/fs/WindowsException'{0x000000008ad68210}> (0x000000008ad68210) thrown at [./src/hotspot/share/prims/jni.cpp, line 615]
Event: 4651.508 Thread 0x000001b02882f800 Exception <a 'sun/nio/fs/WindowsException'{0x000000008ad92510}> (0x000000008ad92510) thrown at [./src/hotspot/share/prims/jni.cpp, line 615]
Event: 4651.594 Thread 0x000001b02882f800 Exception <a 'sun/nio/fs/WindowsException'{0x000000008acea6f8}> (0x000000008acea6f8) thrown at [./src/hotspot/share/prims/jni.cpp, line 615]
Event: 4651.596 Thread 0x000001b02f618800 Exception <a 'sun/nio/fs/WindowsException'{0x000000008ab0a8a8}> (0x000000008ab0a8a8) thrown at [./src/hotspot/share/prims/jni.cpp, line 615]
Event: 4651.636 Thread 0x000001b029bba800 Exception <a 'java/lang/NoSuchMethodError'{0x000000008abc6638}: 'java.lang.Object java.lang.invoke.DirectMethodHandle$Holder.invokeVirtual(java.lang.Object, java.lang.Object, int)'> (0x000000008abc6638) thrown at [./src/hotspot/share/interpreter/linkResolver.cpp, line 773]
Event: 4651.671 Thread 0x000001b02f60f000 Exception <a 'sun/nio/fs/WindowsException'{0x000000008aaad890}> (0x000000008aaad890) thrown at [./src/hotspot/share/prims/jni.cpp, line 615]
Event: 4651.781 Thread 0x000001b02f60f000 Exception <a 'sun/nio/fs/WindowsException'{0x000000008a6eaef8}> (0x000000008a6eaef8) thrown at [./src/hotspot/share/prims/jni.cpp, line 615]
Event: 4651.854 Thread 0x000001b02f614800 Exception <a 'sun/nio/fs/WindowsException'{0x000000008a45e7d0}> (0x000000008a45e7d0) thrown at [./src/hotspot/share/prims/jni.cpp, line 615]
Event: 4651.924 Thread 0x000001b02f614800 Exception <a 'sun/nio/fs/WindowsException'{0x000000008b85ed40}> (0x000000008b85ed40) thrown at [./src/hotspot/share/prims/jni.cpp, line 615]
Event: 4651.965 Thread 0x000001b028529800 Exception <a 'sun/nio/fs/WindowsException'{0x000000008b642278}> (0x000000008b642278) thrown at [./src/hotspot/share/prims/jni.cpp, line 615]
Event: 4652.030 Thread 0x000001b029bba800 Implicit null exception at 0x000001b016bbdad0 to 0x000001b016bbdae4
Event: 4652.097 Thread 0x000001b028529800 Exception <a 'sun/nio/fs/WindowsException'{0x000000008aa03ef8}> (0x000000008aa03ef8) thrown at [./src/hotspot/share/prims/jni.cpp, line 615]

Events (20 events):
Event: 4654.104 loading class com/android/builder/dexing/JarClassFileInput$JarClassFileInputsException
Event: 4654.104 loading class com/android/builder/dexing/JarClassFileInput$JarClassFileInputsException done
Event: 4654.105 loading class com/android/builder/dexing/ClassFileEntry
Event: 4654.105 loading class com/android/builder/dexing/ClassFileEntry done
Event: 4654.106 loading class com/android/build/gradle/internal/dependency/BaseDexingTransform$process$1$1$1
Event: 4654.106 loading class com/android/build/gradle/internal/dependency/BaseDexingTransform$process$1$1$1 done
Event: 4654.108 loading class com/android/builder/dexing/JarClassFileInput
Event: 4654.108 loading class com/android/builder/dexing/JarClassFileInput done
Event: 4654.109 loading class com/android/tools/r8/D8Command
Event: 4654.109 loading class com/android/tools/r8/D8Command done
Event: 4654.110 loading class com/android/tools/r8/BaseCompilerCommand
Event: 4654.110 loading class com/android/tools/r8/BaseCompilerCommand done
Event: 4654.134 loading class com/android/tools/r8/BaseCommand
Event: 4654.134 loading class com/android/tools/r8/BaseCommand done
Event: 4654.158 loading class com/android/tools/r8/q
Event: 4654.158 loading class com/android/tools/r8/q done
Event: 4654.175 loading class com/android/tools/r8/k
Event: 4654.175 loading class com/android/tools/r8/k done
Event: 4654.187 loading class com/android/tools/r8/BaseCommand$Builder
Event: 4654.187 loading class com/android/tools/r8/BaseCommand$Builder done


Dynamic libraries:
0x00007ff6978c0000 - 0x00007ff6978ca000 	E:\PROGRAMMS\Android Studio\jre\bin\java.exe
0x00007ff8ba5b0000 - 0x00007ff8ba7a5000 	C:\WINDOWS\SYSTEM32\ntdll.dll
0x00007ff8b9c30000 - 0x00007ff8b9cee000 	C:\WINDOWS\System32\KERNEL32.DLL
0x00007ff8b7e90000 - 0x00007ff8b8158000 	C:\WINDOWS\System32\KERNELBASE.dll
0x00007ff8b8190000 - 0x00007ff8b8290000 	C:\WINDOWS\System32\ucrtbase.dll
0x00007ff8b2d80000 - 0x00007ff8b2d99000 	E:\PROGRAMMS\Android Studio\jre\bin\jli.dll
0x00007ff8b97f0000 - 0x00007ff8b9990000 	C:\WINDOWS\System32\USER32.dll
0x00007ff8a50a0000 - 0x00007ff8a533a000 	C:\WINDOWS\WinSxS\amd64_microsoft.windows.common-controls_6595b64144ccf1df_6.0.19041.1110_none_60b5254171f9507e\COMCTL32.dll
0x00007ff8b8840000 - 0x00007ff8b88de000 	C:\WINDOWS\System32\msvcrt.dll
0x00007ff8b8590000 - 0x00007ff8b85b2000 	C:\WINDOWS\System32\win32u.dll
0x00007ff8b9790000 - 0x00007ff8b97ba000 	C:\WINDOWS\System32\GDI32.dll
0x00007ff8b83f0000 - 0x00007ff8b84fb000 	C:\WINDOWS\System32\gdi32full.dll
0x00007ff8b7df0000 - 0x00007ff8b7e8d000 	C:\WINDOWS\System32\msvcp_win.dll
0x00007ff8b2a70000 - 0x00007ff8b2a87000 	E:\PROGRAMMS\Android Studio\jre\bin\VCRUNTIME140.dll
0x00007ff8b97c0000 - 0x00007ff8b97f0000 	C:\WINDOWS\System32\IMM32.DLL
0x00007ff892cb0000 - 0x00007ff892d4d000 	E:\PROGRAMMS\Android Studio\jre\bin\msvcp140.dll
0x00007ff85fe10000 - 0x00007ff8608e5000 	E:\PROGRAMMS\Android Studio\jre\bin\server\jvm.dll
0x00007ff8b96e0000 - 0x00007ff8b978e000 	C:\WINDOWS\System32\ADVAPI32.dll
0x00007ff8b8620000 - 0x00007ff8b86bc000 	C:\WINDOWS\System32\sechost.dll
0x00007ff8b9cf0000 - 0x00007ff8b9e15000 	C:\WINDOWS\System32\RPCRT4.dll
0x00007ff8b8610000 - 0x00007ff8b8618000 	C:\WINDOWS\System32\PSAPI.DLL
0x00007ff8b23a0000 - 0x00007ff8b23a9000 	C:\WINDOWS\SYSTEM32\WSOCK32.dll
0x00007ff8a6590000 - 0x00007ff8a65b7000 	C:\WINDOWS\SYSTEM32\WINMM.dll
0x00007ff8b95f0000 - 0x00007ff8b965b000 	C:\WINDOWS\System32\WS2_32.dll
0x00007ff8aa9a0000 - 0x00007ff8aa9aa000 	C:\WINDOWS\SYSTEM32\VERSION.dll
0x00007ff8b6590000 - 0x00007ff8b65a2000 	C:\WINDOWS\SYSTEM32\kernel.appcore.dll
0x00007ff8b0f10000 - 0x00007ff8b0f21000 	E:\PROGRAMMS\Android Studio\jre\bin\verify.dll
0x00007ff8a8c50000 - 0x00007ff8a8e34000 	C:\WINDOWS\SYSTEM32\DBGHELP.DLL
0x00007ff8a88b0000 - 0x00007ff8a88dc000 	C:\WINDOWS\SYSTEM32\dbgcore.DLL
0x00007ff8b8500000 - 0x00007ff8b8582000 	C:\WINDOWS\System32\bcryptPrimitives.dll
0x00007ff893380000 - 0x00007ff8933a9000 	E:\PROGRAMMS\Android Studio\jre\bin\java.dll
0x00007ff8b0f00000 - 0x00007ff8b0f0b000 	E:\PROGRAMMS\Android Studio\jre\bin\jimage.dll
0x00007ff8a3e50000 - 0x00007ff8a3e68000 	E:\PROGRAMMS\Android Studio\jre\bin\zip.dll
0x00007ff8b9e20000 - 0x00007ff8ba564000 	C:\WINDOWS\System32\SHELL32.dll
0x00007ff8b5b80000 - 0x00007ff8b6314000 	C:\WINDOWS\SYSTEM32\windows.storage.dll
0x00007ff8b8b40000 - 0x00007ff8b8e94000 	C:\WINDOWS\System32\combase.dll
0x00007ff8b75f0000 - 0x00007ff8b761c000 	C:\WINDOWS\SYSTEM32\Wldp.dll
0x00007ff8b8790000 - 0x00007ff8b883d000 	C:\WINDOWS\System32\SHCORE.dll
0x00007ff8b89f0000 - 0x00007ff8b8a45000 	C:\WINDOWS\System32\shlwapi.dll
0x00007ff8b7c10000 - 0x00007ff8b7c2f000 	C:\WINDOWS\SYSTEM32\profapi.dll
0x00007ff8a3d30000 - 0x00007ff8a3d4a000 	E:\PROGRAMMS\Android Studio\jre\bin\net.dll
0x00007ff8afd00000 - 0x00007ff8afe0a000 	C:\WINDOWS\SYSTEM32\WINHTTP.dll
0x00007ff8b7370000 - 0x00007ff8b73da000 	C:\WINDOWS\system32\mswsock.dll
0x00007ff8a18c0000 - 0x00007ff8a18d4000 	E:\PROGRAMMS\Android Studio\jre\bin\nio.dll
0x00007ff8b2820000 - 0x00007ff8b2847000 	C:\Users\Dmitriy\.gradle\native\e1d6ef7f7dcc3fd88c89a11ec53ec762bb8ba0a96d01ffa2cd45eb1d1d8dd5c5\windows-amd64\native-platform.dll
0x00007ff887300000 - 0x00007ff887444000 	C:\Users\Dmitriy\.gradle\native\5664cfc778a61ccfe75a443a1ab52a65af34e5dc3c78e0209fed803814484fcb\windows-amd64\native-platform-file-events.dll
0x00007ff8b0ef0000 - 0x00007ff8b0efa000 	E:\PROGRAMMS\Android Studio\jre\bin\management.dll
0x00007ff8b0e40000 - 0x00007ff8b0e4d000 	E:\PROGRAMMS\Android Studio\jre\bin\management_ext.dll
0x00007ff8b7990000 - 0x00007ff8b79a8000 	C:\WINDOWS\SYSTEM32\CRYPTSP.dll
0x00007ff8b6d10000 - 0x00007ff8b6d44000 	C:\WINDOWS\system32\rsaenh.dll
0x00007ff8b8160000 - 0x00007ff8b8187000 	C:\WINDOWS\System32\bcrypt.dll
0x00007ff8b7bd0000 - 0x00007ff8b7bfe000 	C:\WINDOWS\SYSTEM32\USERENV.dll
0x00007ff8b7500000 - 0x00007ff8b750c000 	C:\WINDOWS\SYSTEM32\CRYPTBASE.dll
0x00007ff8b7080000 - 0x00007ff8b70bb000 	C:\WINDOWS\SYSTEM32\IPHLPAPI.DLL
0x00007ff8b8720000 - 0x00007ff8b8728000 	C:\WINDOWS\System32\NSI.dll
0x00007ff8ae730000 - 0x00007ff8ae747000 	C:\WINDOWS\SYSTEM32\dhcpcsvc6.DLL
0x00007ff8ae810000 - 0x00007ff8ae82d000 	C:\WINDOWS\SYSTEM32\dhcpcsvc.DLL
0x00007ff8b70c0000 - 0x00007ff8b718b000 	C:\WINDOWS\SYSTEM32\DNSAPI.dll
0x00007ff892990000 - 0x00007ff8929b7000 	E:\PROGRAMMS\Android Studio\jre\bin\sunec.dll
0x00007ff8a63b0000 - 0x00007ff8a63ba000 	C:\Windows\System32\rasadhlp.dll
0x00007ff8af020000 - 0x00007ff8af09f000 	C:\WINDOWS\System32\fwpuclnt.dll
0x00007ff8b69a0000 - 0x00007ff8b69d3000 	C:\WINDOWS\SYSTEM32\ntmarta.dll

dbghelp: loaded successfully - version: 4.0.5 - missing functions: none
symbol engine: initialized successfully - sym options: 0x614 - pdb path: .;E:\PROGRAMMS\Android Studio\jre\bin;C:\WINDOWS\SYSTEM32;C:\WINDOWS\WinSxS\amd64_microsoft.windows.common-controls_6595b64144ccf1df_6.0.19041.1110_none_60b5254171f9507e;E:\PROGRAMMS\Android Studio\jre\bin\server;C:\Users\Dmitriy\.gradle\native\e1d6ef7f7dcc3fd88c89a11ec53ec762bb8ba0a96d01ffa2cd45eb1d1d8dd5c5\windows-amd64;C:\Users\Dmitriy\.gradle\native\5664cfc778a61ccfe75a443a1ab52a65af34e5dc3c78e0209fed803814484fcb\windows-amd64

VM Arguments:
jvm_args: --add-opens=java.base/java.util=ALL-UNNAMED --add-opens=java.base/java.lang=ALL-UNNAMED --add-opens=java.base/java.lang.invoke=ALL-UNNAMED --add-opens=java.base/java.util=ALL-UNNAMED --add-opens=java.prefs/java.util.prefs=ALL-UNNAMED --add-opens=java.prefs/java.util.prefs=ALL-UNNAMED --add-opens=java.base/java.nio.charset=ALL-UNNAMED --add-opens=java.base/java.net=ALL-UNNAMED --add-opens=java.base/java.util.concurrent.atomic=ALL-UNNAMED -Xmx2048m -Dfile.encoding=UTF-8 -Duser.country=RU -Duser.language=ru -Duser.variant 
java_command: org.gradle.launcher.daemon.bootstrap.GradleDaemon 7.2
java_class_path (initial): C:\Users\Dmitriy\.gradle\wrapper\dists\gradle-7.2-bin\2dnblmf4td7x66yl1d74lt32g\gradle-7.2\lib\gradle-launcher-7.2.jar
Launcher Type: SUN_STANDARD

[Global flags]
     intx CICompilerCount                          = 3                                         {product} {ergonomic}
     uint ConcGCThreads                            = 1                                         {product} {ergonomic}
     uint G1ConcRefinementThreads                  = 4                                         {product} {ergonomic}
   size_t G1HeapRegionSize                         = 1048576                                   {product} {ergonomic}
    uintx GCDrainStackTargetSize                   = 64                                        {product} {ergonomic}
   size_t InitialHeapSize                          = 134217728                                 {product} {ergonomic}
   size_t MarkStackSize                            = 4194304                                   {product} {ergonomic}
   size_t MaxHeapSize                              = 2147483648                                {product} {command line}
   size_t MaxNewSize                               = 1287651328                                {product} {ergonomic}
   size_t MinHeapDeltaBytes                        = 1048576                                   {product} {ergonomic}
    uintx NonNMethodCodeHeapSize                   = 5830732                                {pd product} {ergonomic}
    uintx NonProfiledCodeHeapSize                  = 122913754                              {pd product} {ergonomic}
    uintx ProfiledCodeHeapSize                     = 122913754                              {pd product} {ergonomic}
    uintx ReservedCodeCacheSize                    = 251658240                              {pd product} {ergonomic}
     bool SegmentedCodeCache                       = true                                      {product} {ergonomic}
     bool UseCompressedClassPointers               = true                                 {lp64_product} {ergonomic}
     bool UseCompressedOops                        = true                                 {lp64_product} {ergonomic}
     bool UseG1GC                                  = true                                      {product} {ergonomic}
     bool UseLargePagesIndividualAllocation        = false                                  {pd product} {ergonomic}

Logging:
Log output configuration:
 #0: stdout all=warning uptime,level,tags
 #1: stderr all=off uptime,level,tags

Environment Variables:
JAVA_HOME=E:\PROGRAMMS\Android Studio\bin
PATH=C:\Program Files (x86)\Embarcadero\Studio\20.0\bin;C:\Users\Public\Documents\Embarcadero\Studio\20.0\Bpl;C:\Program Files (x86)\Embarcadero\Studio\20.0\bin64;C:\Users\Public\Documents\Embarcadero\Studio\20.0\Bpl\Win64;C:\Program Files (x86)\Intel\iCLS Client\;C:\Program Files\Intel\iCLS Client\;C:\Windows\system32;C:\Windows;C:\Windows\System32\Wbem;C:\Windows\System32\WindowsPowerShell\v1.0\;C:\Windows\System32\OpenSSH\;C:\Program Files\dotnet\;C:\Program Files\Microsoft SQL Server\Client SDK\ODBC\170\Tools\Binn\;E:\Progs\Git\cmd;E:\Progs\nodejs\;C:\Program Files (x86)\Intel\Intel(R) Management Engine Components\DAL;C:\Program Files\Intel\Intel(R) Management Engine Components\DAL;C:\Program Files (x86)\Intel\Intel(R) Management Engine Components\IPT;C:\Program Files\Intel\Intel(R) Management Engine Components\IPT;C:\Program Files (x86)\NVIDIA Corporation\PhysX\Common;C:\Program Files\PostgreSQL\11\bin;C:\Program Files\PostgreSQL\11\lib;C:\Program Files\Microsoft SQL Server\Client SDK\ODBC\130\Tools\Binn\;C:\Program Files (x86)\Microsoft SQL Server\140\Tools\Binn\;C:\Program Files\Microsoft SQL Server\140\Tools\Binn\;C:\Program Files\Microsoft SQL Server\140\DTS\Binn\;C:\Program Files\Microsoft SQL Server\130\Tools\Binn\;E:\PROGRAMMS\Git\cmd;C:\Program Files (x86)\Microsoft SDKs\Windows\v10.0A\bin\NETFX 4.6.1 Tools\ildasm.exe;C:\Windows\Microsoft.NET\Framework\v4.0.30319;C:\Program Files (x86)\Microsoft SQL Server\150\Tools\Binn\;C:\Program Files\Microsoft SQL Server\150\Tools\Binn\;C:\Program Files\Microsoft SQL Server\150\DTS\Binn\;C:\ProgramData\chocolatey\bin;C:\WINDOWS\system32;C:\WINDOWS;C:\WINDOWS\System32\Wbem;C:\WINDOWS\System32\WindowsPowerShell\v1.0\;C:\WINDOWS\System32\OpenSSH\;C:\Program Files (x86)\Microsoft SQL Server\150\DTS\Binn\;C:\Program Files\Microsoft SQL Server\120\Tools\Binn\;C:\Program Files (x86)\dotnet\;E:\PROGRAMMS\eclipse-workspace\MMVP\MAKE;C:\Users\Dmitriy\AppData\Local\Microsoft\WindowsApps;C:\Users\Dmitriy\.dotnet\tools;C:\Program 
USERNAME=Dmitriy
OS=Windows_NT
PROCESSOR_IDENTIFIER=Intel64 Family 6 Model 142 Stepping 10, GenuineIntel



---------------  S Y S T E M  ---------------

OS: Windows 10 , 64 bit Build 19041 (10.0.19041.1645)
OS uptime: 0 days 3:17 hours
Hyper-V role detected

CPU:total 4 (initial active 4) (2 cores per cpu, 2 threads per core) family 6 model 142 stepping 10 microcode 0xb4, cmov, cx8, fxsr, mmx, sse, sse2, sse3, ssse3, sse4.1, sse4.2, popcnt, avx, avx2, aes, clmul, erms, 3dnowpref, lzcnt, ht, tsc, tscinvbit, bmi1, bmi2, adx, fma

Memory: 4k page, system-wide physical 8067M (655M free)
TotalPageFile size 8867M (AvailPageFile size 350M)
current process WorkingSet (physical memory assigned to process): 510M, peak: 530M
current process commit charge ("private bytes"): 594M, peak: 594M

vm_info: OpenJDK 64-Bit Server VM (11.0.11+9-b60-7590822) for windows-amd64 JRE (11.0.11+9-b60-7590822), built on Jul 29 2021 21:43:44 by "builder" with MS VC++ 14.0 (VS2015)

END.
