#
# There is insufficient memory for the Java Runtime Environment to continue.
# Native memory allocation (malloc) failed to allocate 2102416 bytes for Chunk::new
# Possible reasons:
#   The system is out of physical RAM or swap space
#   The process is running with CompressedOops enabled, and the Java Heap may be blocking the growth of the native heap
# Possible solutions:
#   Reduce memory load on the system
#   Increase physical memory or swap space
#   Check if swap backing store is full
#   Decrease Java heap size (-Xmx/-Xms)
#   Decrease number of Java threads
#   Decrease Java thread stack sizes (-Xss)
#   Set larger code cache with -XX:ReservedCodeCacheSize=
#   JVM is running with Unscaled Compressed Oops mode in which the Java heap is
#     placed in the first 4GB address space. The Java Heap base address is the
#     maximum limit for the native heap growth. Please use -XX:HeapBaseMinAddress
#     to set the Java Heap base and to place the Java Heap above 4GB virtual address.
# This output file may be truncated or incomplete.
#
#  Out of Memory Error (./src/hotspot/share/memory/arena.cpp:197), pid=9628, tid=4804
#
# JRE version: OpenJDK Runtime Environment (11.0.11+9) (build 11.0.11+9-b60-7590822)
# Java VM: OpenJDK 64-Bit Server VM (11.0.11+9-b60-7590822, mixed mode, tiered, compressed oops, g1 gc, windows-amd64)
# No core dump will be written. Minidumps are not enabled by default on client versions of Windows
#

---------------  S U M M A R Y ------------

Command Line: --add-opens=java.base/java.util=ALL-UNNAMED --add-opens=java.base/java.lang=ALL-UNNAMED --add-opens=java.base/java.lang.invoke=ALL-UNNAMED --add-opens=java.base/java.util=ALL-UNNAMED --add-opens=java.prefs/java.util.prefs=ALL-UNNAMED --add-opens=java.prefs/java.util.prefs=ALL-UNNAMED --add-opens=java.base/java.nio.charset=ALL-UNNAMED --add-opens=java.base/java.net=ALL-UNNAMED --add-opens=java.base/java.util.concurrent.atomic=ALL-UNNAMED -Xmx2048m -Dfile.encoding=UTF-8 -Duser.country=RU -Duser.language=ru -Duser.variant org.gradle.launcher.daemon.bootstrap.GradleDaemon 7.2

Host: Intel(R) Core(TM) i3-8130U CPU @ 2.20GHz, 4 cores, 7G,  Windows 10 , 64 bit Build 19041 (10.0.19041.1706)
Time: Sat May 14 10:20:10 2022 RTZ 2 (зима) elapsed time: 3646.964479 seconds (0d 1h 0m 46s)

---------------  T H R E A D  ---------------

Current thread (0x000002a9a58ff800):  JavaThread "C2 CompilerThread1" daemon [_thread_in_native, id=4804, stack(0x000000f477d00000,0x000000f477e00000)]


Current CompileTask:
C2:3646964 23252       4       org.apache.xerces.impl.XMLNSDocumentScannerImpl::scanAttribute (586 bytes)

Stack: [0x000000f477d00000,0x000000f477e00000]
Native frames: (J=compiled Java code, j=interpreted, Vv=VM code, C=native code)
V  [jvm.dll+0x5f214a]
V  [jvm.dll+0x726fb5]
V  [jvm.dll+0x7285cd]
V  [jvm.dll+0x728c83]
V  [jvm.dll+0x243278]
V  [jvm.dll+0xbc53c]
V  [jvm.dll+0xbca3c]
V  [jvm.dll+0x353e7d]
V  [jvm.dll+0x321893]
V  [jvm.dll+0x320d8a]
V  [jvm.dll+0x1fc1e2]
V  [jvm.dll+0x1fb3d4]
V  [jvm.dll+0x183d6c]
V  [jvm.dll+0x209a57]
V  [jvm.dll+0x2082a1]
V  [jvm.dll+0x6ef58f]
V  [jvm.dll+0x6e80b5]
V  [jvm.dll+0x5f1036]
C  [ucrtbase.dll+0x21bb2]
C  [KERNEL32.DLL+0x17034]
C  [ntdll.dll+0x52651]


---------------  P R O C E S S  ---------------

Threads class SMR info:
_java_thread_list=0x000002a9afa7e410, length=93, elements={
0x000002a988d35000, 0x000002a9a293f800, 0x000002a9a294d800, 0x000002a9a3177000,
0x000002a9a317a000, 0x000002a9a317b800, 0x000002a9a31ce800, 0x000002a9a31cf800,
0x000002a9a31d1000, 0x000002a9a335d000, 0x000002a9a53aa800, 0x000002a9a4634800,
0x000002a9a6144800, 0x000002a9a53bf800, 0x000002a9a53bb000, 0x000002a9a53c1800,
0x000002a9a53bd000, 0x000002a9a53c0000, 0x000002a9a68f0000, 0x000002a9a68ea000,
0x000002a9a68f0800, 0x000002a9a68eb000, 0x000002a9a68f5800, 0x000002a9a36fd800,
0x000002a9a36fd000, 0x000002a9a63bd800, 0x000002a9a58ff000, 0x000002a9a63bb000,
0x000002a9a68f6800, 0x000002a9a68f3000, 0x000002a9a58fb800, 0x000002a9ac52b000,
0x000002a9a5916000, 0x000002a9a5917000, 0x000002a9a5913000, 0x000002a9a5911000,
0x000002a9a5913800, 0x000002a9a5915800, 0x000002a9a5917800, 0x000002a9a5912000,
0x000002a9a591d800, 0x000002a9a591c800, 0x000002a9a591c000, 0x000002a9a5919800,
0x000002a9a591e000, 0x000002a9a591f000, 0x000002a9a591a000, 0x000002a9a591b000,
0x000002a9a5920000, 0x000002a9ac526000, 0x000002a9ac525000, 0x000002a9ac521000,
0x000002a9ac520000, 0x000002a9ac526800, 0x000002a9ac527800, 0x000002a9ac523800,
0x000002a9ac522800, 0x000002a9ac522000, 0x000002a9ac52b800, 0x000002a9ac52c800,
0x000002a9ac52d000, 0x000002a9ac52e000, 0x000002a9ac528800, 0x000002a9ac52f000,
0x000002a9ac529000, 0x000002a9ac52a000, 0x000002a9a36f6800, 0x000002a9a36f5800,
0x000002a9a36f7000, 0x000002a9a36f8000, 0x000002a9a36f2000, 0x000002a9a36f8800,
0x000002a9a36f9800, 0x000002a9a36f4000, 0x000002a9a36fa800, 0x000002a9a36f4800,
0x000002a9a3701000, 0x000002a9a36fb000, 0x000002a9a3700000, 0x000002a9a36fe800,
0x000002a9a36fc000, 0x000002a9a68ec800, 0x000002a9a68ed800, 0x000002a9a68f8800,
0x000002a9a68f4000, 0x000002a9a68f4800, 0x000002a9a68f7000, 0x000002a9a68f8000,
0x000002a9a58fc800, 0x000002a9a58fa000, 0x000002a9a58fd800, 0x000002a9a58f9000,
0x000002a9a58ff800
}

Java Threads: ( => current thread )
  0x000002a988d35000 JavaThread "main" [_thread_blocked, id=12164, stack(0x000000f475100000,0x000000f475200000)]
  0x000002a9a293f800 JavaThread "Reference Handler" daemon [_thread_blocked, id=1460, stack(0x000000f475800000,0x000000f475900000)]
  0x000002a9a294d800 JavaThread "Finalizer" daemon [_thread_blocked, id=7452, stack(0x000000f475900000,0x000000f475a00000)]
  0x000002a9a3177000 JavaThread "Signal Dispatcher" daemon [_thread_blocked, id=8640, stack(0x000000f475a00000,0x000000f475b00000)]
  0x000002a9a317a000 JavaThread "Attach Listener" daemon [_thread_blocked, id=9812, stack(0x000000f475b00000,0x000000f475c00000)]
  0x000002a9a317b800 JavaThread "Service Thread" daemon [_thread_blocked, id=6600, stack(0x000000f475c00000,0x000000f475d00000)]
  0x000002a9a31ce800 JavaThread "C2 CompilerThread0" daemon [_thread_in_native, id=9704, stack(0x000000f475d00000,0x000000f475e00000)]
  0x000002a9a31cf800 JavaThread "C1 CompilerThread0" daemon [_thread_blocked, id=2608, stack(0x000000f475e00000,0x000000f475f00000)]
  0x000002a9a31d1000 JavaThread "Sweeper thread" daemon [_thread_blocked, id=1548, stack(0x000000f475f00000,0x000000f476000000)]
  0x000002a9a335d000 JavaThread "Common-Cleaner" daemon [_thread_blocked, id=1292, stack(0x000000f476000000,0x000000f476100000)]
  0x000002a9a53aa800 JavaThread "Daemon health stats" [_thread_blocked, id=1768, stack(0x000000f476500000,0x000000f476600000)]
  0x000002a9a4634800 JavaThread "Incoming local TCP Connector on port 61541" [_thread_in_native, id=3760, stack(0x000000f476400000,0x000000f476500000)]
  0x000002a9a6144800 JavaThread "Daemon periodic checks" [_thread_blocked, id=11636, stack(0x000000f476600000,0x000000f476700000)]
  0x000002a9a53bf800 JavaThread "Cache worker for journal cache (C:\Users\Dmitriy\.gradle\caches\journal-1)" [_thread_blocked, id=11772, stack(0x000000f477000000,0x000000f477100000)]
  0x000002a9a53bb000 JavaThread "File lock request listener" [_thread_in_native, id=11692, stack(0x000000f477100000,0x000000f477200000)]
  0x000002a9a53c1800 JavaThread "Cache worker for file hash cache (C:\Users\Dmitriy\.gradle\caches\7.2\fileHashes)" [_thread_blocked, id=11840, stack(0x000000f477200000,0x000000f477300000)]
  0x000002a9a53bd000 JavaThread "File watcher server" daemon [_thread_in_native, id=6776, stack(0x000000f477400000,0x000000f477500000)]
  0x000002a9a53c0000 JavaThread "File watcher consumer" daemon [_thread_blocked, id=9156, stack(0x000000f477500000,0x000000f477600000)]
  0x000002a9a68f0000 JavaThread "Cache worker for execution history cache (C:\Users\Dmitriy\.gradle\caches\7.2\executionHistory)" [_thread_blocked, id=6180, stack(0x000000f477900000,0x000000f477a00000)]
  0x000002a9a68ea000 JavaThread "jar transforms" [_thread_blocked, id=10104, stack(0x000000f477a00000,0x000000f477b00000)]
  0x000002a9a68f0800 JavaThread "jar transforms Thread 2" [_thread_blocked, id=11392, stack(0x000000f477b00000,0x000000f477c00000)]
  0x000002a9a68eb000 JavaThread "Cache worker for file content cache (C:\Users\Dmitriy\.gradle\caches\7.2\fileContent)" [_thread_blocked, id=9052, stack(0x000000f477c00000,0x000000f477d00000)]
  0x000002a9a68f5800 JavaThread "jar transforms Thread 3" [_thread_blocked, id=11296, stack(0x000000f477e00000,0x000000f477f00000)]
  0x000002a9a36fd800 JavaThread "jar transforms Thread 4" [_thread_blocked, id=3452, stack(0x000000f47a800000,0x000000f47a900000)]
  0x000002a9a36fd000 JavaThread "Memory manager" [_thread_blocked, id=8188, stack(0x000000f47a900000,0x000000f47aa00000)]
  0x000002a9a63bd800 JavaThread "pool-3-thread-1" [_thread_blocked, id=7648, stack(0x000000f47ab00000,0x000000f47ac00000)]
  0x000002a9a58ff000 JavaThread "Cache worker for Java compile cache (C:\Users\Dmitriy\.gradle\caches\7.2\javaCompile)" [_thread_blocked, id=9928, stack(0x000000f47b900000,0x000000f47ba00000)]
  0x000002a9a63bb000 JavaThread "pool-8-thread-1" [_thread_blocked, id=6116, stack(0x000000f47aa00000,0x000000f47ab00000)]
  0x000002a9a68f6800 JavaThread "pool-13-thread-1" [_thread_blocked, id=7464, stack(0x000000f47a700000,0x000000f47a800000)]
  0x000002a9a68f3000 JavaThread "pool-18-thread-1" [_thread_blocked, id=7240, stack(0x000000f47ac00000,0x000000f47ad00000)]
  0x000002a9a58fb800 JavaThread "ForkJoinPool.commonPool-worker-7" daemon [_thread_blocked, id=2732, stack(0x000000f477800000,0x000000f477900000)]
  0x000002a9ac52b000 JavaThread "pool-23-thread-1" [_thread_blocked, id=8420, stack(0x000000f477300000,0x000000f477400000)]
  0x000002a9a5916000 JavaThread "Daemon Thread 5" [_thread_blocked, id=236, stack(0x000000f474e00000,0x000000f474f00000)]
  0x000002a9a5917000 JavaThread "Handler for socket connection from /127.0.0.1:61541 to /127.0.0.1:65093" [_thread_in_native, id=1112, stack(0x000000f474f00000,0x000000f475000000)]
  0x000002a9a5913000 JavaThread "Cancel handler" [_thread_blocked, id=7580, stack(0x000000f475000000,0x000000f475100000)]
  0x000002a9a5911000 JavaThread "Daemon worker Thread 5" [_thread_blocked, id=8648, stack(0x000000f476700000,0x000000f476800000)]
  0x000002a9a5913800 JavaThread "Asynchronous log dispatcher for DefaultDaemonConnection: socket connection from /127.0.0.1:61541 to /127.0.0.1:65093" [_thread_blocked, id=1528, stack(0x000000f476800000,0x000000f476900000)]
  0x000002a9a5915800 JavaThread "Stdin handler" [_thread_blocked, id=736, stack(0x000000f476900000,0x000000f476a00000)]
  0x000002a9a5917800 JavaThread "Daemon client event forwarder" [_thread_blocked, id=5520, stack(0x000000f476a00000,0x000000f476b00000)]
  0x000002a9a5912000 JavaThread "Cache worker for file hash cache (E:\Programming\Quiz\.gradle\7.2\fileHashes)" [_thread_blocked, id=2140, stack(0x000000f476b00000,0x000000f476c00000)]
  0x000002a9a591d800 JavaThread "Cache worker for checksums cache (E:\Programming\Quiz\.gradle\checksums)" [_thread_blocked, id=10564, stack(0x000000f476c00000,0x000000f476d00000)]
  0x000002a9a591c800 JavaThread "Cache worker for cache directory md-supplier (C:\Users\Dmitriy\.gradle\caches\7.2\md-supplier)" [_thread_blocked, id=6536, stack(0x000000f476d00000,0x000000f476e00000)]
  0x000002a9a591c000 JavaThread "Cache worker for cache directory md-rule (C:\Users\Dmitriy\.gradle\caches\7.2\md-rule)" [_thread_blocked, id=8012, stack(0x000000f476f00000,0x000000f477000000)]
  0x000002a9a5919800 JavaThread "Cache worker for dependencies-accessors (E:\Programming\Quiz\.gradle\7.2\dependencies-accessors)" [_thread_blocked, id=9456, stack(0x000000f477600000,0x000000f477700000)]
  0x000002a9a591e000 JavaThread "Cache worker for Build Output Cleanup Cache (E:\Programming\Quiz\.gradle\buildOutputCleanup)" [_thread_blocked, id=3296, stack(0x000000f477700000,0x000000f477800000)]
  0x000002a9a591f000 JavaThread "Unconstrained build operations" [_thread_blocked, id=8932, stack(0x000000f477f00000,0x000000f478000000)]
  0x000002a9a591a000 JavaThread "Unconstrained build operations Thread 2" [_thread_blocked, id=1772, stack(0x000000f478000000,0x000000f478100000)]
  0x000002a9a591b000 JavaThread "Unconstrained build operations Thread 3" [_thread_blocked, id=4264, stack(0x000000f478100000,0x000000f478200000)]
  0x000002a9a5920000 JavaThread "Unconstrained build operations Thread 4" [_thread_blocked, id=9272, stack(0x000000f478200000,0x000000f478300000)]
  0x000002a9ac526000 JavaThread "Unconstrained build operations Thread 5" [_thread_blocked, id=11596, stack(0x000000f478300000,0x000000f478400000)]
  0x000002a9ac525000 JavaThread "Unconstrained build operations Thread 6" [_thread_blocked, id=1252, stack(0x000000f478400000,0x000000f478500000)]
  0x000002a9ac521000 JavaThread "Unconstrained build operations Thread 7" [_thread_blocked, id=2348, stack(0x000000f478500000,0x000000f478600000)]
  0x000002a9ac520000 JavaThread "Unconstrained build operations Thread 8" [_thread_blocked, id=4380, stack(0x000000f478600000,0x000000f478700000)]
  0x000002a9ac526800 JavaThread "Unconstrained build operations Thread 9" [_thread_blocked, id=3304, stack(0x000000f478700000,0x000000f478800000)]
  0x000002a9ac527800 JavaThread "Unconstrained build operations Thread 10" [_thread_blocked, id=12228, stack(0x000000f478800000,0x000000f478900000)]
  0x000002a9ac523800 JavaThread "Unconstrained build operations Thread 11" [_thread_blocked, id=9860, stack(0x000000f478900000,0x000000f478a00000)]
  0x000002a9ac522800 JavaThread "Unconstrained build operations Thread 12" [_thread_blocked, id=10756, stack(0x000000f478a00000,0x000000f478b00000)]
  0x000002a9ac522000 JavaThread "Unconstrained build operations Thread 13" [_thread_blocked, id=3772, stack(0x000000f478b00000,0x000000f478c00000)]
  0x000002a9ac52b800 JavaThread "Unconstrained build operations Thread 14" [_thread_blocked, id=1492, stack(0x000000f478c00000,0x000000f478d00000)]
  0x000002a9ac52c800 JavaThread "Unconstrained build operations Thread 15" [_thread_blocked, id=1724, stack(0x000000f478d00000,0x000000f478e00000)]
  0x000002a9ac52d000 JavaThread "Unconstrained build operations Thread 16" [_thread_blocked, id=11564, stack(0x000000f478e00000,0x000000f478f00000)]
  0x000002a9ac52e000 JavaThread "Unconstrained build operations Thread 17" [_thread_blocked, id=2016, stack(0x000000f478f00000,0x000000f479000000)]
  0x000002a9ac528800 JavaThread "Unconstrained build operations Thread 18" [_thread_blocked, id=1612, stack(0x000000f479000000,0x000000f479100000)]
  0x000002a9ac52f000 JavaThread "Unconstrained build operations Thread 19" [_thread_blocked, id=10688, stack(0x000000f479100000,0x000000f479200000)]
  0x000002a9ac529000 JavaThread "Unconstrained build operations Thread 20" [_thread_blocked, id=10256, stack(0x000000f479200000,0x000000f479300000)]
  0x000002a9ac52a000 JavaThread "Unconstrained build operations Thread 21" [_thread_blocked, id=11852, stack(0x000000f479300000,0x000000f479400000)]
  0x000002a9a36f6800 JavaThread "Unconstrained build operations Thread 22" [_thread_blocked, id=2812, stack(0x000000f479400000,0x000000f479500000)]
  0x000002a9a36f5800 JavaThread "Unconstrained build operations Thread 23" [_thread_blocked, id=10552, stack(0x000000f479500000,0x000000f479600000)]
  0x000002a9a36f7000 JavaThread "Unconstrained build operations Thread 24" [_thread_blocked, id=11444, stack(0x000000f479600000,0x000000f479700000)]
  0x000002a9a36f8000 JavaThread "Unconstrained build operations Thread 25" [_thread_blocked, id=2796, stack(0x000000f479700000,0x000000f479800000)]
  0x000002a9a36f2000 JavaThread "Unconstrained build operations Thread 26" [_thread_blocked, id=2868, stack(0x000000f479800000,0x000000f479900000)]
  0x000002a9a36f8800 JavaThread "Unconstrained build operations Thread 27" [_thread_blocked, id=6004, stack(0x000000f479900000,0x000000f479a00000)]
  0x000002a9a36f9800 JavaThread "Unconstrained build operations Thread 28" [_thread_blocked, id=10792, stack(0x000000f479a00000,0x000000f479b00000)]
  0x000002a9a36f4000 JavaThread "Unconstrained build operations Thread 29" [_thread_blocked, id=10748, stack(0x000000f479b00000,0x000000f479c00000)]
  0x000002a9a36fa800 JavaThread "Unconstrained build operations Thread 30" [_thread_blocked, id=1636, stack(0x000000f479c00000,0x000000f479d00000)]
  0x000002a9a36f4800 JavaThread "Unconstrained build operations Thread 31" [_thread_blocked, id=10656, stack(0x000000f479d00000,0x000000f479e00000)]
  0x000002a9a3701000 JavaThread "Unconstrained build operations Thread 32" [_thread_blocked, id=9560, stack(0x000000f479e00000,0x000000f479f00000)]
  0x000002a9a36fb000 JavaThread "Unconstrained build operations Thread 33" [_thread_blocked, id=10380, stack(0x000000f479f00000,0x000000f47a000000)]
  0x000002a9a3700000 JavaThread "Unconstrained build operations Thread 34" [_thread_blocked, id=3964, stack(0x000000f47a000000,0x000000f47a100000)]
  0x000002a9a36fe800 JavaThread "Unconstrained build operations Thread 35" [_thread_blocked, id=3892, stack(0x000000f47a100000,0x000000f47a200000)]
  0x000002a9a36fc000 JavaThread "Unconstrained build operations Thread 36" [_thread_blocked, id=9940, stack(0x000000f47a200000,0x000000f47a300000)]
  0x000002a9a68ec800 JavaThread "Unconstrained build operations Thread 37" [_thread_blocked, id=3696, stack(0x000000f47a300000,0x000000f47a400000)]
  0x000002a9a68ed800 JavaThread "Unconstrained build operations Thread 38" [_thread_blocked, id=11832, stack(0x000000f47a400000,0x000000f47a500000)]
  0x000002a9a68f8800 JavaThread "Unconstrained build operations Thread 39" [_thread_blocked, id=7416, stack(0x000000f47a500000,0x000000f47a600000)]
  0x000002a9a68f4000 JavaThread "Unconstrained build operations Thread 40" [_thread_blocked, id=11260, stack(0x000000f47a600000,0x000000f47a700000)]
  0x000002a9a68f4800 JavaThread "build event listener" [_thread_blocked, id=1700, stack(0x000000f47ad00000,0x000000f47ae00000)]
  0x000002a9a68f7000 JavaThread "pool-26-thread-1" [_thread_blocked, id=1652, stack(0x000000f47ae00000,0x000000f47af00000)]
  0x000002a9a68f8000 JavaThread "build event listener" [_thread_blocked, id=5644, stack(0x000000f47af00000,0x000000f47b000000)]
  0x000002a9a58fc800 JavaThread "Execution worker for ':'" [_thread_in_Java, id=10680, stack(0x000000f47b000000,0x000000f47b100000)]
  0x000002a9a58fa000 JavaThread "Execution worker for ':' Thread 2" [_thread_blocked, id=2332, stack(0x000000f47b100000,0x000000f47b200000)]
  0x000002a9a58fd800 JavaThread "Execution worker for ':' Thread 3" [_thread_blocked, id=3024, stack(0x000000f47b200000,0x000000f47b300000)]
  0x000002a9a58f9000 JavaThread "Cache worker for execution history cache (E:\Programming\Quiz\.gradle\7.2\executionHistory)" [_thread_blocked, id=3788, stack(0x000000f47b300000,0x000000f47b400000)]
=>0x000002a9a58ff800 JavaThread "C2 CompilerThread1" daemon [_thread_in_native, id=4804, stack(0x000000f477d00000,0x000000f477e00000)]

Other Threads:
  0x000002a9a3165800 VMThread "VM Thread" [stack: 0x000000f475700000,0x000000f475800000] [id=4812]
  0x000002a9a3362000 WatcherThread [stack: 0x000000f476100000,0x000000f476200000] [id=12184]
  0x000002a988d49800 GCTaskThread "GC Thread#0" [stack: 0x000000f475200000,0x000000f475300000] [id=12168]
  0x000002a9a343b800 GCTaskThread "GC Thread#1" [stack: 0x000000f476200000,0x000000f476300000] [id=11372]
  0x000002a9a33e5800 GCTaskThread "GC Thread#2" [stack: 0x000000f476300000,0x000000f476400000] [id=11360]
  0x000002a9a4314800 GCTaskThread "GC Thread#3" [stack: 0x000000f476e00000,0x000000f476f00000] [id=2236]
  0x000002a988d79000 ConcurrentGCThread "G1 Main Marker" [stack: 0x000000f475300000,0x000000f475400000] [id=12156]
  0x000002a988d7a800 ConcurrentGCThread "G1 Conc#0" [stack: 0x000000f475400000,0x000000f475500000] [id=12172]
  0x000002a9a2794800 ConcurrentGCThread "G1 Refine#0" [stack: 0x000000f475500000,0x000000f475600000] [id=12180]
  0x000002a9a2795800 ConcurrentGCThread "G1 Young RemSet Sampling" [stack: 0x000000f475600000,0x000000f475700000] [id=3908]

Threads with active compile tasks:
C2 CompilerThread03647031 23249       4       org.apache.xerces.impl.XMLEntityScanner::scanQName (479 bytes)
C1 CompilerThread03647031 23320       3       org.apache.xerces.impl.XMLEntityManager$CharacterBufferPool::init (33 bytes)
C2 CompilerThread13647031 23252       4       org.apache.xerces.impl.XMLNSDocumentScannerImpl::scanAttribute (586 bytes)

VM state:not at safepoint (normal execution)

VM Mutex/Monitor currently owned by a thread: None

Heap address: 0x0000000080000000, size: 2048 MB, Compressed Oops mode: 32-bit
Narrow klass base: 0x0000000000000000, Narrow klass shift: 3
Compressed class space size: 1073741824 Address: 0x0000000100000000

Heap:
 garbage-first heap   total 253952K, used 179201K [0x0000000080000000, 0x0000000100000000)
  region size 1024K, 32 young (32768K), 7 survivors (7168K)
 Metaspace       used 147387K, capacity 151536K, committed 151976K, reserved 1181696K
  class space    used 18530K, capacity 20059K, committed 20236K, reserved 1048576K
Heap Regions: E=young(eden), S=young(survivor), O=old, HS=humongous(starts), HC=humongous(continues), CS=collection set, F=free, A=archive, TAMS=top-at-mark-start (previous, next)
|   0|0x0000000080000000, 0x0000000080100000, 0x0000000080100000|100%| O|  |TAMS 0x0000000080100000, 0x0000000080000000| Untracked 
|   1|0x0000000080100000, 0x0000000080200000, 0x0000000080200000|100%| O|  |TAMS 0x0000000080200000, 0x0000000080100000| Untracked 
|   2|0x0000000080200000, 0x0000000080300000, 0x0000000080300000|100%| O|  |TAMS 0x0000000080300000, 0x0000000080200000| Untracked 
|   3|0x0000000080300000, 0x0000000080400000, 0x0000000080400000|100%|HS|  |TAMS 0x0000000080400000, 0x0000000080300000| Complete 
|   4|0x0000000080400000, 0x0000000080500000, 0x0000000080500000|100%|HC|  |TAMS 0x0000000080500000, 0x0000000080400000| Complete 
|   5|0x0000000080500000, 0x0000000080600000, 0x0000000080600000|100%|HC|  |TAMS 0x0000000080600000, 0x0000000080500000| Complete 
|   6|0x0000000080600000, 0x0000000080700000, 0x0000000080700000|100%| O|  |TAMS 0x0000000080700000, 0x0000000080600000| Untracked 
|   7|0x0000000080700000, 0x0000000080800000, 0x0000000080800000|100%| O|  |TAMS 0x0000000080800000, 0x0000000080700000| Untracked 
|   8|0x0000000080800000, 0x0000000080900000, 0x0000000080900000|100%| O|  |TAMS 0x0000000080900000, 0x0000000080800000| Untracked 
|   9|0x0000000080900000, 0x0000000080a00000, 0x0000000080a00000|100%| O|  |TAMS 0x0000000080a00000, 0x0000000080900000| Untracked 
|  10|0x0000000080a00000, 0x0000000080b00000, 0x0000000080b00000|100%| O|  |TAMS 0x0000000080b00000, 0x0000000080a00000| Untracked 
|  11|0x0000000080b00000, 0x0000000080c00000, 0x0000000080c00000|100%| O|  |TAMS 0x0000000080c00000, 0x0000000080b00000| Untracked 
|  12|0x0000000080c00000, 0x0000000080d00000, 0x0000000080d00000|100%| O|  |TAMS 0x0000000080d00000, 0x0000000080c00000| Untracked 
|  13|0x0000000080d00000, 0x0000000080e00000, 0x0000000080e00000|100%| O|  |TAMS 0x0000000080e00000, 0x0000000080d00000| Untracked 
|  14|0x0000000080e00000, 0x0000000080f00000, 0x0000000080f00000|100%| O|  |TAMS 0x0000000080f00000, 0x0000000080e00000| Untracked 
|  15|0x0000000080f00000, 0x0000000081000000, 0x0000000081000000|100%| O|  |TAMS 0x0000000081000000, 0x0000000080f00000| Untracked 
|  16|0x0000000081000000, 0x0000000081100000, 0x0000000081100000|100%| O|  |TAMS 0x0000000081100000, 0x0000000081000000| Untracked 
|  17|0x0000000081100000, 0x0000000081200000, 0x0000000081200000|100%| O|  |TAMS 0x0000000081200000, 0x0000000081100000| Untracked 
|  18|0x0000000081200000, 0x0000000081300000, 0x0000000081300000|100%| O|  |TAMS 0x0000000081300000, 0x0000000081200000| Untracked 
|  19|0x0000000081300000, 0x0000000081400000, 0x0000000081400000|100%|HS|  |TAMS 0x0000000081400000, 0x0000000081300000| Complete 
|  20|0x0000000081400000, 0x0000000081500000, 0x0000000081500000|100%| O|  |TAMS 0x0000000081500000, 0x0000000081400000| Untracked 
|  21|0x0000000081500000, 0x0000000081600000, 0x0000000081600000|100%| O|  |TAMS 0x0000000081600000, 0x0000000081500000| Untracked 
|  22|0x0000000081600000, 0x0000000081700000, 0x0000000081700000|100%| O|  |TAMS 0x0000000081700000, 0x0000000081600000| Untracked 
|  23|0x0000000081700000, 0x0000000081800000, 0x0000000081800000|100%| O|  |TAMS 0x0000000081800000, 0x0000000081700000| Untracked 
|  24|0x0000000081800000, 0x0000000081900000, 0x0000000081900000|100%|HS|  |TAMS 0x0000000081900000, 0x0000000081800000| Complete 
|  25|0x0000000081900000, 0x0000000081a00000, 0x0000000081a00000|100%|HS|  |TAMS 0x0000000081a00000, 0x0000000081900000| Complete 
|  26|0x0000000081a00000, 0x0000000081b00000, 0x0000000081b00000|100%|HS|  |TAMS 0x0000000081b00000, 0x0000000081a00000| Complete 
|  27|0x0000000081b00000, 0x0000000081c00000, 0x0000000081c00000|100%|HC|  |TAMS 0x0000000081c00000, 0x0000000081b00000| Complete 
|  28|0x0000000081c00000, 0x0000000081d00000, 0x0000000081d00000|100%| O|  |TAMS 0x0000000081d00000, 0x0000000081c00000| Untracked 
|  29|0x0000000081d00000, 0x0000000081e00000, 0x0000000081e00000|100%| O|  |TAMS 0x0000000081e00000, 0x0000000081d00000| Untracked 
|  30|0x0000000081e00000, 0x0000000081f00000, 0x0000000081f00000|100%| O|  |TAMS 0x0000000081f00000, 0x0000000081e00000| Untracked 
|  31|0x0000000081f00000, 0x0000000082000000, 0x0000000082000000|100%| O|  |TAMS 0x0000000082000000, 0x0000000081f00000| Untracked 
|  32|0x0000000082000000, 0x0000000082100000, 0x0000000082100000|100%| O|  |TAMS 0x0000000082100000, 0x0000000082000000| Untracked 
|  33|0x0000000082100000, 0x0000000082200000, 0x0000000082200000|100%| O|  |TAMS 0x0000000082200000, 0x0000000082100000| Untracked 
|  34|0x0000000082200000, 0x0000000082300000, 0x0000000082300000|100%| O|  |TAMS 0x0000000082300000, 0x0000000082200000| Untracked 
|  35|0x0000000082300000, 0x0000000082400000, 0x0000000082400000|100%| O|  |TAMS 0x0000000082400000, 0x0000000082300000| Untracked 
|  36|0x0000000082400000, 0x0000000082500000, 0x0000000082500000|100%| O|  |TAMS 0x0000000082500000, 0x0000000082400000| Untracked 
|  37|0x0000000082500000, 0x0000000082600000, 0x0000000082600000|100%| O|  |TAMS 0x0000000082600000, 0x0000000082500000| Untracked 
|  38|0x0000000082600000, 0x0000000082700000, 0x0000000082700000|100%| O|  |TAMS 0x0000000082700000, 0x0000000082600000| Untracked 
|  39|0x0000000082700000, 0x0000000082800000, 0x0000000082800000|100%| O|  |TAMS 0x0000000082800000, 0x0000000082700000| Untracked 
|  40|0x0000000082800000, 0x0000000082900000, 0x0000000082900000|100%| O|  |TAMS 0x0000000082900000, 0x0000000082800000| Untracked 
|  41|0x0000000082900000, 0x0000000082a00000, 0x0000000082a00000|100%| O|  |TAMS 0x0000000082a00000, 0x0000000082900000| Untracked 
|  42|0x0000000082a00000, 0x0000000082b00000, 0x0000000082b00000|100%| O|  |TAMS 0x0000000082b00000, 0x0000000082a00000| Untracked 
|  43|0x0000000082b00000, 0x0000000082c00000, 0x0000000082c00000|100%| O|  |TAMS 0x0000000082c00000, 0x0000000082b00000| Untracked 
|  44|0x0000000082c00000, 0x0000000082d00000, 0x0000000082d00000|100%| O|  |TAMS 0x0000000082d00000, 0x0000000082c00000| Untracked 
|  45|0x0000000082d00000, 0x0000000082e00000, 0x0000000082e00000|100%| O|  |TAMS 0x0000000082e00000, 0x0000000082d00000| Untracked 
|  46|0x0000000082e00000, 0x0000000082f00000, 0x0000000082f00000|100%| O|  |TAMS 0x0000000082f00000, 0x0000000082e00000| Untracked 
|  47|0x0000000082f00000, 0x0000000083000000, 0x0000000083000000|100%| O|  |TAMS 0x0000000083000000, 0x0000000082f00000| Untracked 
|  48|0x0000000083000000, 0x0000000083100000, 0x0000000083100000|100%| O|  |TAMS 0x0000000083100000, 0x0000000083000000| Untracked 
|  49|0x0000000083100000, 0x0000000083200000, 0x0000000083200000|100%| O|  |TAMS 0x0000000083200000, 0x0000000083100000| Untracked 
|  50|0x0000000083200000, 0x0000000083300000, 0x0000000083300000|100%|HS|  |TAMS 0x0000000083300000, 0x0000000083200000| Complete 
|  51|0x0000000083300000, 0x0000000083400000, 0x0000000083400000|100%|HC|  |TAMS 0x0000000083400000, 0x0000000083300000| Complete 
|  52|0x0000000083400000, 0x00000000834c0600, 0x0000000083500000| 75%| O|  |TAMS 0x00000000834c0600, 0x0000000083400000| Untracked 
|  53|0x0000000083500000, 0x0000000083600000, 0x0000000083600000|100%| O|  |TAMS 0x0000000083600000, 0x0000000083500000| Untracked 
|  54|0x0000000083600000, 0x0000000083700000, 0x0000000083700000|100%| O|  |TAMS 0x0000000083700000, 0x0000000083600000| Untracked 
|  55|0x0000000083700000, 0x0000000083800000, 0x0000000083800000|100%| O|  |TAMS 0x0000000083800000, 0x0000000083700000| Untracked 
|  56|0x0000000083800000, 0x0000000083900000, 0x0000000083900000|100%| O|  |TAMS 0x0000000083900000, 0x0000000083800000| Untracked 
|  57|0x0000000083900000, 0x0000000083a00000, 0x0000000083a00000|100%| O|  |TAMS 0x0000000083a00000, 0x0000000083900000| Untracked 
|  58|0x0000000083a00000, 0x0000000083b00000, 0x0000000083b00000|100%|HS|  |TAMS 0x0000000083b00000, 0x0000000083a00000| Complete 
|  59|0x0000000083b00000, 0x0000000083c00000, 0x0000000083c00000|100%|HC|  |TAMS 0x0000000083c00000, 0x0000000083b00000| Complete 
|  60|0x0000000083c00000, 0x0000000083d00000, 0x0000000083d00000|100%|HC|  |TAMS 0x0000000083d00000, 0x0000000083c00000| Complete 
|  61|0x0000000083d00000, 0x0000000083e00000, 0x0000000083e00000|100%| O|  |TAMS 0x0000000083e00000, 0x0000000083d00000| Untracked 
|  62|0x0000000083e00000, 0x0000000083f00000, 0x0000000083f00000|100%| O|  |TAMS 0x0000000083f00000, 0x0000000083e00000| Untracked 
|  63|0x0000000083f00000, 0x0000000084000000, 0x0000000084000000|100%| O|  |TAMS 0x0000000084000000, 0x0000000083f00000| Untracked 
|  64|0x0000000084000000, 0x0000000084100000, 0x0000000084100000|100%| O|  |TAMS 0x0000000084100000, 0x0000000084000000| Untracked 
|  65|0x0000000084100000, 0x0000000084200000, 0x0000000084200000|100%| O|  |TAMS 0x0000000084200000, 0x0000000084100000| Untracked 
|  66|0x0000000084200000, 0x0000000084300000, 0x0000000084300000|100%|HS|  |TAMS 0x0000000084200000, 0x0000000084200000| Complete 
|  67|0x0000000084300000, 0x0000000084400000, 0x0000000084400000|100%| O|  |TAMS 0x0000000084400000, 0x0000000084300000| Untracked 
|  68|0x0000000084400000, 0x0000000084500000, 0x0000000084500000|100%| O|  |TAMS 0x0000000084500000, 0x0000000084400000| Untracked 
|  69|0x0000000084500000, 0x0000000084600000, 0x0000000084600000|100%| O|  |TAMS 0x0000000084600000, 0x0000000084500000| Untracked 
|  70|0x0000000084600000, 0x0000000084700000, 0x0000000084700000|100%| O|  |TAMS 0x0000000084700000, 0x0000000084600000| Untracked 
|  71|0x0000000084700000, 0x0000000084800000, 0x0000000084800000|100%| O|  |TAMS 0x0000000084800000, 0x0000000084700000| Untracked 
|  72|0x0000000084800000, 0x0000000084900000, 0x0000000084900000|100%| O|  |TAMS 0x0000000084900000, 0x0000000084800000| Untracked 
|  73|0x0000000084900000, 0x0000000084a00000, 0x0000000084a00000|100%| O|  |TAMS 0x0000000084a00000, 0x0000000084900000| Untracked 
|  74|0x0000000084a00000, 0x0000000084b00000, 0x0000000084b00000|100%| O|  |TAMS 0x0000000084b00000, 0x0000000084a00000| Untracked 
|  75|0x0000000084b00000, 0x0000000084c00000, 0x0000000084c00000|100%| O|  |TAMS 0x0000000084c00000, 0x0000000084b00000| Untracked 
|  76|0x0000000084c00000, 0x0000000084d00000, 0x0000000084d00000|100%| O|  |TAMS 0x0000000084d00000, 0x0000000084c00000| Untracked 
|  77|0x0000000084d00000, 0x0000000084e00000, 0x0000000084e00000|100%| O|  |TAMS 0x0000000084e00000, 0x0000000084d00000| Untracked 
|  78|0x0000000084e00000, 0x0000000084f00000, 0x0000000084f00000|100%| O|  |TAMS 0x0000000084f00000, 0x0000000084e00000| Untracked 
|  79|0x0000000084f00000, 0x0000000085000000, 0x0000000085000000|100%| O|  |TAMS 0x0000000085000000, 0x0000000084f00000| Untracked 
|  80|0x0000000085000000, 0x0000000085100000, 0x0000000085100000|100%| O|  |TAMS 0x0000000085100000, 0x0000000085000000| Untracked 
|  81|0x0000000085100000, 0x0000000085200000, 0x0000000085200000|100%| O|  |TAMS 0x0000000085200000, 0x0000000085100000| Untracked 
|  82|0x0000000085200000, 0x0000000085300000, 0x0000000085300000|100%| O|  |TAMS 0x0000000085300000, 0x0000000085200000| Untracked 
|  83|0x0000000085300000, 0x0000000085400000, 0x0000000085400000|100%| O|  |TAMS 0x0000000085400000, 0x0000000085300000| Untracked 
|  84|0x0000000085400000, 0x0000000085500000, 0x0000000085500000|100%|HS|  |TAMS 0x0000000085500000, 0x0000000085400000| Complete 
|  85|0x0000000085500000, 0x0000000085600000, 0x0000000085600000|100%|HC|  |TAMS 0x0000000085600000, 0x0000000085500000| Complete 
|  86|0x0000000085600000, 0x0000000085700000, 0x0000000085700000|100%|HC|  |TAMS 0x0000000085700000, 0x0000000085600000| Complete 
|  87|0x0000000085700000, 0x0000000085800000, 0x0000000085800000|100%| O|  |TAMS 0x0000000085800000, 0x0000000085700000| Untracked 
|  88|0x0000000085800000, 0x0000000085900000, 0x0000000085900000|100%| O|  |TAMS 0x0000000085900000, 0x0000000085800000| Untracked 
|  89|0x0000000085900000, 0x0000000085a00000, 0x0000000085a00000|100%| O|  |TAMS 0x0000000085a00000, 0x0000000085900000| Untracked 
|  90|0x0000000085a00000, 0x0000000085b00000, 0x0000000085b00000|100%| O|  |TAMS 0x0000000085b00000, 0x0000000085a00000| Untracked 
|  91|0x0000000085b00000, 0x0000000085c00000, 0x0000000085c00000|100%| O|  |TAMS 0x0000000085c00000, 0x0000000085b00000| Untracked 
|  92|0x0000000085c00000, 0x0000000085d00000, 0x0000000085d00000|100%| O|  |TAMS 0x0000000085d00000, 0x0000000085c00000| Untracked 
|  93|0x0000000085d00000, 0x0000000085e00000, 0x0000000085e00000|100%| O|  |TAMS 0x0000000085e00000, 0x0000000085d00000| Untracked 
|  94|0x0000000085e00000, 0x0000000085f00000, 0x0000000085f00000|100%|HS|  |TAMS 0x0000000085f00000, 0x0000000085e00000| Complete 
|  95|0x0000000085f00000, 0x0000000086000000, 0x0000000086000000|100%|HC|  |TAMS 0x0000000086000000, 0x0000000085f00000| Complete 
|  96|0x0000000086000000, 0x0000000086100000, 0x0000000086100000|100%| O|  |TAMS 0x0000000086100000, 0x0000000086000000| Untracked 
|  97|0x0000000086100000, 0x0000000086200000, 0x0000000086200000|100%| O|  |TAMS 0x0000000086200000, 0x0000000086100000| Untracked 
|  98|0x0000000086200000, 0x0000000086300000, 0x0000000086300000|100%| O|  |TAMS 0x0000000086300000, 0x0000000086200000| Untracked 
|  99|0x0000000086300000, 0x0000000086400000, 0x0000000086400000|100%| O|  |TAMS 0x0000000086400000, 0x0000000086300000| Untracked 
| 100|0x0000000086400000, 0x0000000086500000, 0x0000000086500000|100%| O|  |TAMS 0x0000000086500000, 0x0000000086400000| Untracked 
| 101|0x0000000086500000, 0x0000000086600000, 0x0000000086600000|100%| O|  |TAMS 0x0000000086600000, 0x0000000086500000| Untracked 
| 102|0x0000000086600000, 0x0000000086700000, 0x0000000086700000|100%| O|  |TAMS 0x0000000086700000, 0x0000000086600000| Untracked 
| 103|0x0000000086700000, 0x0000000086800000, 0x0000000086800000|100%| O|  |TAMS 0x0000000086800000, 0x0000000086700000| Untracked 
| 104|0x0000000086800000, 0x0000000086900000, 0x0000000086900000|100%|HS|  |TAMS 0x0000000086900000, 0x0000000086800000| Complete 
| 105|0x0000000086900000, 0x0000000086a00000, 0x0000000086a00000|100%|HC|  |TAMS 0x0000000086a00000, 0x0000000086900000| Complete 
| 106|0x0000000086a00000, 0x0000000086b00000, 0x0000000086b00000|100%|HC|  |TAMS 0x0000000086b00000, 0x0000000086a00000| Complete 
| 107|0x0000000086b00000, 0x0000000086c00000, 0x0000000086c00000|100%|HC|  |TAMS 0x0000000086c00000, 0x0000000086b00000| Complete 
| 108|0x0000000086c00000, 0x0000000086d00000, 0x0000000086d00000|100%| O|  |TAMS 0x0000000086d00000, 0x0000000086c00000| Untracked 
| 109|0x0000000086d00000, 0x0000000086e00000, 0x0000000086e00000|100%| O|  |TAMS 0x0000000086e00000, 0x0000000086d00000| Untracked 
| 110|0x0000000086e00000, 0x0000000086f00000, 0x0000000086f00000|100%| O|  |TAMS 0x0000000086f00000, 0x0000000086e00000| Untracked 
| 111|0x0000000086f00000, 0x0000000087000000, 0x0000000087000000|100%| O|  |TAMS 0x0000000087000000, 0x0000000086f00000| Untracked 
| 112|0x0000000087000000, 0x0000000087100000, 0x0000000087100000|100%|HS|  |TAMS 0x0000000087100000, 0x0000000087000000| Complete 
| 113|0x0000000087100000, 0x0000000087200000, 0x0000000087200000|100%|HC|  |TAMS 0x0000000087200000, 0x0000000087100000| Complete 
| 114|0x0000000087200000, 0x0000000087300000, 0x0000000087300000|100%|HC|  |TAMS 0x0000000087300000, 0x0000000087200000| Complete 
| 115|0x0000000087300000, 0x0000000087400000, 0x0000000087400000|100%|HS|  |TAMS 0x0000000087400000, 0x0000000087300000| Complete 
| 116|0x0000000087400000, 0x0000000087500000, 0x0000000087500000|100%|HC|  |TAMS 0x0000000087500000, 0x0000000087400000| Complete 
| 117|0x0000000087500000, 0x0000000087600000, 0x0000000087600000|100%|HC|  |TAMS 0x0000000087600000, 0x0000000087500000| Complete 
| 118|0x0000000087600000, 0x0000000087700000, 0x0000000087700000|100%|HC|  |TAMS 0x0000000087700000, 0x0000000087600000| Complete 
| 119|0x0000000087700000, 0x0000000087800000, 0x0000000087800000|100%|HS|  |TAMS 0x0000000087800000, 0x0000000087700000| Complete 
| 120|0x0000000087800000, 0x0000000087900000, 0x0000000087900000|100%|HC|  |TAMS 0x0000000087900000, 0x0000000087800000| Complete 
| 121|0x0000000087900000, 0x0000000087a00000, 0x0000000087a00000|100%|HC|  |TAMS 0x0000000087a00000, 0x0000000087900000| Complete 
| 122|0x0000000087a00000, 0x0000000087b00000, 0x0000000087b00000|100%|HC|  |TAMS 0x0000000087b00000, 0x0000000087a00000| Complete 
| 123|0x0000000087b00000, 0x0000000087c00000, 0x0000000087c00000|100%| O|  |TAMS 0x0000000087c00000, 0x0000000087b00000| Untracked 
| 124|0x0000000087c00000, 0x0000000087d00000, 0x0000000087d00000|100%| O|  |TAMS 0x0000000087d00000, 0x0000000087c00000| Untracked 
| 125|0x0000000087d00000, 0x0000000087e00000, 0x0000000087e00000|100%| O|  |TAMS 0x0000000087e00000, 0x0000000087d00000| Untracked 
| 126|0x0000000087e00000, 0x0000000087f00000, 0x0000000087f00000|100%| O|  |TAMS 0x0000000087f00000, 0x0000000087e00000| Untracked 
| 127|0x0000000087f00000, 0x0000000088000000, 0x0000000088000000|100%| O|  |TAMS 0x0000000088000000, 0x0000000087f00000| Untracked 
| 128|0x0000000088000000, 0x0000000088100000, 0x0000000088100000|100%| O|  |TAMS 0x0000000088100000, 0x0000000088000000| Untracked 
| 129|0x0000000088100000, 0x0000000088200000, 0x0000000088200000|100%| O|  |TAMS 0x0000000088200000, 0x0000000088100000| Untracked 
| 130|0x0000000088200000, 0x0000000088300000, 0x0000000088300000|100%| O|  |TAMS 0x0000000088300000, 0x0000000088200000| Untracked 
| 131|0x0000000088300000, 0x0000000088400000, 0x0000000088400000|100%| O|  |TAMS 0x0000000088400000, 0x0000000088300000| Untracked 
| 132|0x0000000088400000, 0x0000000088500000, 0x0000000088500000|100%| O|  |TAMS 0x0000000088500000, 0x0000000088400000| Untracked 
| 133|0x0000000088500000, 0x0000000088600000, 0x0000000088600000|100%| O|  |TAMS 0x0000000088600000, 0x0000000088500000| Untracked 
| 134|0x0000000088600000, 0x0000000088700000, 0x0000000088700000|100%| O|  |TAMS 0x0000000088700000, 0x0000000088600000| Untracked 
| 135|0x0000000088700000, 0x0000000088800000, 0x0000000088800000|100%| O|  |TAMS 0x0000000088800000, 0x0000000088700000| Untracked 
| 136|0x0000000088800000, 0x0000000088900000, 0x0000000088900000|100%| O|  |TAMS 0x0000000088900000, 0x0000000088800000| Untracked 
| 137|0x0000000088900000, 0x0000000088a00000, 0x0000000088a00000|100%| O|  |TAMS 0x0000000088a00000, 0x0000000088900000| Untracked 
| 138|0x0000000088a00000, 0x0000000088b00000, 0x0000000088b00000|100%| O|  |TAMS 0x0000000088b00000, 0x0000000088a00000| Untracked 
| 139|0x0000000088b00000, 0x0000000088c00000, 0x0000000088c00000|100%| O|  |TAMS 0x0000000088c00000, 0x0000000088b00000| Untracked 
| 140|0x0000000088c00000, 0x0000000088d00000, 0x0000000088d00000|100%| O|  |TAMS 0x0000000088d00000, 0x0000000088c00000| Untracked 
| 141|0x0000000088d00000, 0x0000000088e00000, 0x0000000088e00000|100%| O|  |TAMS 0x0000000088e00000, 0x0000000088d00000| Untracked 
| 142|0x0000000088e00000, 0x0000000088f00000, 0x0000000088f00000|100%| O|  |TAMS 0x0000000088f00000, 0x0000000088e00000| Untracked 
| 143|0x0000000088f00000, 0x0000000089000000, 0x0000000089000000|100%| O|  |TAMS 0x0000000089000000, 0x0000000088f00000| Untracked 
| 144|0x0000000089000000, 0x0000000089100000, 0x0000000089100000|100%| O|  |TAMS 0x0000000089100000, 0x0000000089000000| Untracked 
| 145|0x0000000089100000, 0x0000000089100000, 0x0000000089200000|  0%| F|  |TAMS 0x0000000089100000, 0x0000000089100000| Untracked 
| 146|0x0000000089200000, 0x0000000089200000, 0x0000000089300000|  0%| F|  |TAMS 0x0000000089200000, 0x0000000089200000| Untracked 
| 147|0x0000000089300000, 0x0000000089300000, 0x0000000089400000|  0%| F|  |TAMS 0x0000000089300000, 0x0000000089300000| Untracked 
| 148|0x0000000089400000, 0x0000000089400000, 0x0000000089500000|  0%| F|  |TAMS 0x0000000089400000, 0x0000000089400000| Untracked 
| 149|0x0000000089500000, 0x0000000089500000, 0x0000000089600000|  0%| F|  |TAMS 0x0000000089500000, 0x0000000089500000| Untracked 
| 150|0x0000000089600000, 0x0000000089600000, 0x0000000089700000|  0%| F|  |TAMS 0x0000000089600000, 0x0000000089600000| Untracked 
| 151|0x0000000089700000, 0x0000000089700000, 0x0000000089800000|  0%| F|  |TAMS 0x0000000089700000, 0x0000000089700000| Untracked 
| 152|0x0000000089800000, 0x0000000089800000, 0x0000000089900000|  0%| F|  |TAMS 0x0000000089800000, 0x0000000089800000| Untracked 
| 153|0x0000000089900000, 0x0000000089900000, 0x0000000089a00000|  0%| F|  |TAMS 0x0000000089900000, 0x0000000089900000| Untracked 
| 154|0x0000000089a00000, 0x0000000089a00000, 0x0000000089b00000|  0%| F|  |TAMS 0x0000000089a00000, 0x0000000089a00000| Untracked 
| 155|0x0000000089b00000, 0x0000000089b00000, 0x0000000089c00000|  0%| F|  |TAMS 0x0000000089b00000, 0x0000000089b00000| Untracked 
| 156|0x0000000089c00000, 0x0000000089c00000, 0x0000000089d00000|  0%| F|  |TAMS 0x0000000089c00000, 0x0000000089c00000| Untracked 
| 157|0x0000000089d00000, 0x0000000089d00000, 0x0000000089e00000|  0%| F|  |TAMS 0x0000000089d00000, 0x0000000089d00000| Untracked 
| 158|0x0000000089e00000, 0x0000000089e00000, 0x0000000089f00000|  0%| F|  |TAMS 0x0000000089e00000, 0x0000000089e00000| Untracked 
| 159|0x0000000089f00000, 0x0000000089f00000, 0x000000008a000000|  0%| F|  |TAMS 0x0000000089f00000, 0x0000000089f00000| Untracked 
| 160|0x000000008a000000, 0x000000008a000000, 0x000000008a100000|  0%| F|  |TAMS 0x000000008a000000, 0x000000008a000000| Untracked 
| 161|0x000000008a100000, 0x000000008a100000, 0x000000008a200000|  0%| F|  |TAMS 0x000000008a100000, 0x000000008a100000| Untracked 
| 162|0x000000008a200000, 0x000000008a200000, 0x000000008a300000|  0%| F|  |TAMS 0x000000008a200000, 0x000000008a200000| Untracked 
| 163|0x000000008a300000, 0x000000008a300000, 0x000000008a400000|  0%| F|  |TAMS 0x000000008a300000, 0x000000008a300000| Untracked 
| 164|0x000000008a400000, 0x000000008a400000, 0x000000008a500000|  0%| F|  |TAMS 0x000000008a400000, 0x000000008a400000| Untracked 
| 165|0x000000008a500000, 0x000000008a500000, 0x000000008a600000|  0%| F|  |TAMS 0x000000008a500000, 0x000000008a500000| Untracked 
| 166|0x000000008a600000, 0x000000008a600000, 0x000000008a700000|  0%| F|  |TAMS 0x000000008a600000, 0x000000008a600000| Untracked 
| 167|0x000000008a700000, 0x000000008a700000, 0x000000008a800000|  0%| F|  |TAMS 0x000000008a700000, 0x000000008a700000| Untracked 
| 168|0x000000008a800000, 0x000000008a800000, 0x000000008a900000|  0%| F|  |TAMS 0x000000008a800000, 0x000000008a800000| Untracked 
| 169|0x000000008a900000, 0x000000008a900000, 0x000000008aa00000|  0%| F|  |TAMS 0x000000008a900000, 0x000000008a900000| Untracked 
| 170|0x000000008aa00000, 0x000000008aa00000, 0x000000008ab00000|  0%| F|  |TAMS 0x000000008aa00000, 0x000000008aa00000| Untracked 
| 171|0x000000008ab00000, 0x000000008ab00000, 0x000000008ac00000|  0%| F|  |TAMS 0x000000008ab00000, 0x000000008ab00000| Untracked 
| 172|0x000000008ac00000, 0x000000008ac00000, 0x000000008ad00000|  0%| F|  |TAMS 0x000000008ac00000, 0x000000008ac00000| Untracked 
| 173|0x000000008ad00000, 0x000000008ad00000, 0x000000008ae00000|  0%| F|  |TAMS 0x000000008ad00000, 0x000000008ad00000| Untracked 
| 174|0x000000008ae00000, 0x000000008ae00000, 0x000000008af00000|  0%| F|  |TAMS 0x000000008ae00000, 0x000000008ae00000| Untracked 
| 175|0x000000008af00000, 0x000000008af00000, 0x000000008b000000|  0%| F|  |TAMS 0x000000008af00000, 0x000000008af00000| Untracked 
| 176|0x000000008b000000, 0x000000008b000000, 0x000000008b100000|  0%| F|  |TAMS 0x000000008b000000, 0x000000008b000000| Untracked 
| 177|0x000000008b100000, 0x000000008b100000, 0x000000008b200000|  0%| F|  |TAMS 0x000000008b100000, 0x000000008b100000| Untracked 
| 178|0x000000008b200000, 0x000000008b200000, 0x000000008b300000|  0%| F|  |TAMS 0x000000008b200000, 0x000000008b200000| Untracked 
| 179|0x000000008b300000, 0x000000008b300000, 0x000000008b400000|  0%| F|  |TAMS 0x000000008b300000, 0x000000008b300000| Untracked 
| 180|0x000000008b400000, 0x000000008b400000, 0x000000008b500000|  0%| F|  |TAMS 0x000000008b400000, 0x000000008b400000| Untracked 
| 181|0x000000008b500000, 0x000000008b500000, 0x000000008b600000|  0%| F|  |TAMS 0x000000008b500000, 0x000000008b500000| Untracked 
| 182|0x000000008b600000, 0x000000008b600000, 0x000000008b700000|  0%| F|  |TAMS 0x000000008b600000, 0x000000008b600000| Untracked 
| 183|0x000000008b700000, 0x000000008b700000, 0x000000008b800000|  0%| F|  |TAMS 0x000000008b700000, 0x000000008b700000| Untracked 
| 184|0x000000008b800000, 0x000000008b800000, 0x000000008b900000|  0%| F|  |TAMS 0x000000008b800000, 0x000000008b800000| Untracked 
| 185|0x000000008b900000, 0x000000008b900000, 0x000000008ba00000|  0%| F|  |TAMS 0x000000008b900000, 0x000000008b900000| Untracked 
| 186|0x000000008ba00000, 0x000000008ba00000, 0x000000008bb00000|  0%| F|  |TAMS 0x000000008ba00000, 0x000000008ba00000| Untracked 
| 187|0x000000008bb00000, 0x000000008bb00000, 0x000000008bc00000|  0%| F|  |TAMS 0x000000008bb00000, 0x000000008bb00000| Untracked 
| 188|0x000000008bc00000, 0x000000008bc00000, 0x000000008bd00000|  0%| F|  |TAMS 0x000000008bc00000, 0x000000008bc00000| Untracked 
| 189|0x000000008bd00000, 0x000000008bd00000, 0x000000008be00000|  0%| F|  |TAMS 0x000000008bd00000, 0x000000008bd00000| Untracked 
| 190|0x000000008be00000, 0x000000008be00000, 0x000000008bf00000|  0%| F|  |TAMS 0x000000008be00000, 0x000000008be00000| Untracked 
| 191|0x000000008bf00000, 0x000000008bf00000, 0x000000008c000000|  0%| F|  |TAMS 0x000000008bf00000, 0x000000008bf00000| Untracked 
| 192|0x000000008c000000, 0x000000008c000000, 0x000000008c100000|  0%| F|  |TAMS 0x000000008c000000, 0x000000008c000000| Untracked 
| 193|0x000000008c100000, 0x000000008c100000, 0x000000008c200000|  0%| F|  |TAMS 0x000000008c100000, 0x000000008c100000| Untracked 
| 194|0x000000008c200000, 0x000000008c200000, 0x000000008c300000|  0%| F|  |TAMS 0x000000008c200000, 0x000000008c200000| Untracked 
| 195|0x000000008c300000, 0x000000008c300000, 0x000000008c400000|  0%| F|  |TAMS 0x000000008c300000, 0x000000008c300000| Untracked 
| 196|0x000000008c400000, 0x000000008c400000, 0x000000008c500000|  0%| F|  |TAMS 0x000000008c400000, 0x000000008c400000| Untracked 
| 197|0x000000008c500000, 0x000000008c500000, 0x000000008c600000|  0%| F|  |TAMS 0x000000008c500000, 0x000000008c500000| Untracked 
| 198|0x000000008c600000, 0x000000008c600000, 0x000000008c700000|  0%| F|  |TAMS 0x000000008c600000, 0x000000008c600000| Untracked 
| 199|0x000000008c700000, 0x000000008c700000, 0x000000008c800000|  0%| F|  |TAMS 0x000000008c700000, 0x000000008c700000| Untracked 
| 200|0x000000008c800000, 0x000000008c800000, 0x000000008c900000|  0%| F|  |TAMS 0x000000008c800000, 0x000000008c800000| Untracked 
| 201|0x000000008c900000, 0x000000008c900000, 0x000000008ca00000|  0%| F|  |TAMS 0x000000008c900000, 0x000000008c900000| Untracked 
| 202|0x000000008ca00000, 0x000000008ca00000, 0x000000008cb00000|  0%| F|  |TAMS 0x000000008ca00000, 0x000000008ca00000| Untracked 
| 203|0x000000008cb00000, 0x000000008cb00000, 0x000000008cc00000|  0%| F|  |TAMS 0x000000008cb00000, 0x000000008cb00000| Untracked 
| 204|0x000000008cc00000, 0x000000008cc00000, 0x000000008cd00000|  0%| F|  |TAMS 0x000000008cc00000, 0x000000008cc00000| Untracked 
| 205|0x000000008cd00000, 0x000000008ce00000, 0x000000008ce00000|100%| O|  |TAMS 0x000000008ce00000, 0x000000008cd00000| Untracked 
| 206|0x000000008ce00000, 0x000000008ce00000, 0x000000008cf00000|  0%| F|  |TAMS 0x000000008ce00000, 0x000000008ce00000| Untracked 
| 207|0x000000008cf00000, 0x000000008cf00000, 0x000000008d000000|  0%| F|  |TAMS 0x000000008cf00000, 0x000000008cf00000| Untracked 
| 208|0x000000008d000000, 0x000000008d000000, 0x000000008d100000|  0%| F|  |TAMS 0x000000008d000000, 0x000000008d000000| Untracked 
| 209|0x000000008d100000, 0x000000008d100000, 0x000000008d200000|  0%| F|  |TAMS 0x000000008d100000, 0x000000008d100000| Untracked 
| 210|0x000000008d200000, 0x000000008d200000, 0x000000008d300000|  0%| F|  |TAMS 0x000000008d200000, 0x000000008d200000| Untracked 
| 211|0x000000008d300000, 0x000000008d300000, 0x000000008d400000|  0%| F|  |TAMS 0x000000008d300000, 0x000000008d300000| Untracked 
| 212|0x000000008d400000, 0x000000008d400000, 0x000000008d500000|  0%| F|  |TAMS 0x000000008d400000, 0x000000008d400000| Untracked 
| 213|0x000000008d500000, 0x000000008d500000, 0x000000008d600000|  0%| F|  |TAMS 0x000000008d500000, 0x000000008d500000| Untracked 
| 214|0x000000008d600000, 0x000000008d600000, 0x000000008d700000|  0%| F|  |TAMS 0x000000008d600000, 0x000000008d600000| Untracked 
| 215|0x000000008d700000, 0x000000008d700000, 0x000000008d800000|  0%| F|  |TAMS 0x000000008d700000, 0x000000008d700000| Untracked 
| 216|0x000000008d800000, 0x000000008d864290, 0x000000008d900000| 39%| E|  |TAMS 0x000000008d800000, 0x000000008d800000| Complete 
| 217|0x000000008d900000, 0x000000008d93ffe0, 0x000000008da00000| 24%| S|CS|TAMS 0x000000008d900000, 0x000000008d900000| Complete 
| 218|0x000000008da00000, 0x000000008db00000, 0x000000008db00000|100%| S|CS|TAMS 0x000000008da00000, 0x000000008da00000| Complete 
| 219|0x000000008db00000, 0x000000008dc00000, 0x000000008dc00000|100%| S|CS|TAMS 0x000000008db00000, 0x000000008db00000| Complete 
| 220|0x000000008dc00000, 0x000000008dd00000, 0x000000008dd00000|100%| S|CS|TAMS 0x000000008dc00000, 0x000000008dc00000| Complete 
| 221|0x000000008dd00000, 0x000000008de00000, 0x000000008de00000|100%| S|CS|TAMS 0x000000008dd00000, 0x000000008dd00000| Complete 
| 222|0x000000008de00000, 0x000000008df00000, 0x000000008df00000|100%| S|CS|TAMS 0x000000008de00000, 0x000000008de00000| Complete 
| 223|0x000000008df00000, 0x000000008e000000, 0x000000008e000000|100%| S|CS|TAMS 0x000000008df00000, 0x000000008df00000| Complete 
| 224|0x000000008e000000, 0x000000008e100000, 0x000000008e100000|100%| E|CS|TAMS 0x000000008e000000, 0x000000008e000000| Complete 
| 225|0x000000008e100000, 0x000000008e200000, 0x000000008e200000|100%| E|CS|TAMS 0x000000008e100000, 0x000000008e100000| Complete 
| 226|0x000000008e200000, 0x000000008e300000, 0x000000008e300000|100%| E|CS|TAMS 0x000000008e200000, 0x000000008e200000| Complete 
| 227|0x000000008e300000, 0x000000008e400000, 0x000000008e400000|100%| E|CS|TAMS 0x000000008e300000, 0x000000008e300000| Complete 
| 228|0x000000008e400000, 0x000000008e500000, 0x000000008e500000|100%| E|CS|TAMS 0x000000008e400000, 0x000000008e400000| Complete 
| 229|0x000000008e500000, 0x000000008e600000, 0x000000008e600000|100%| E|CS|TAMS 0x000000008e500000, 0x000000008e500000| Complete 
| 230|0x000000008e600000, 0x000000008e700000, 0x000000008e700000|100%| E|CS|TAMS 0x000000008e600000, 0x000000008e600000| Complete 
| 231|0x000000008e700000, 0x000000008e800000, 0x000000008e800000|100%| E|CS|TAMS 0x000000008e700000, 0x000000008e700000| Complete 
| 232|0x000000008e800000, 0x000000008e900000, 0x000000008e900000|100%| E|CS|TAMS 0x000000008e800000, 0x000000008e800000| Complete 
| 233|0x000000008e900000, 0x000000008ea00000, 0x000000008ea00000|100%| E|CS|TAMS 0x000000008e900000, 0x000000008e900000| Complete 
| 234|0x000000008ea00000, 0x000000008eb00000, 0x000000008eb00000|100%| E|CS|TAMS 0x000000008ea00000, 0x000000008ea00000| Complete 
| 235|0x000000008eb00000, 0x000000008ec00000, 0x000000008ec00000|100%| E|CS|TAMS 0x000000008eb00000, 0x000000008eb00000| Complete 
| 236|0x000000008ec00000, 0x000000008ed00000, 0x000000008ed00000|100%| E|CS|TAMS 0x000000008ec00000, 0x000000008ec00000| Complete 
| 237|0x000000008ed00000, 0x000000008ee00000, 0x000000008ee00000|100%| E|CS|TAMS 0x000000008ed00000, 0x000000008ed00000| Complete 
| 238|0x000000008ee00000, 0x000000008ef00000, 0x000000008ef00000|100%| E|CS|TAMS 0x000000008ee00000, 0x000000008ee00000| Complete 
| 239|0x000000008ef00000, 0x000000008f000000, 0x000000008f000000|100%| E|CS|TAMS 0x000000008ef00000, 0x000000008ef00000| Complete 
| 240|0x000000008f000000, 0x000000008f100000, 0x000000008f100000|100%| E|CS|TAMS 0x000000008f000000, 0x000000008f000000| Complete 
| 241|0x000000008f100000, 0x000000008f200000, 0x000000008f200000|100%| E|CS|TAMS 0x000000008f100000, 0x000000008f100000| Complete 
| 242|0x000000008f200000, 0x000000008f300000, 0x000000008f300000|100%| E|CS|TAMS 0x000000008f200000, 0x000000008f200000| Complete 
| 243|0x000000008f300000, 0x000000008f400000, 0x000000008f400000|100%| E|CS|TAMS 0x000000008f300000, 0x000000008f300000| Complete 
| 244|0x000000008f400000, 0x000000008f500000, 0x000000008f500000|100%| E|CS|TAMS 0x000000008f400000, 0x000000008f400000| Complete 
| 245|0x000000008f500000, 0x000000008f600000, 0x000000008f600000|100%| E|  |TAMS 0x000000008f500000, 0x000000008f500000| Complete 
| 246|0x000000008f600000, 0x000000008f700000, 0x000000008f700000|100%| E|CS|TAMS 0x000000008f600000, 0x000000008f600000| Complete 
| 247|0x000000008f700000, 0x000000008f800000, 0x000000008f800000|100%| E|CS|TAMS 0x000000008f700000, 0x000000008f700000| Complete 

Card table byte_map: [0x000002a99bc30000,0x000002a99c030000] _byte_map_base: 0x000002a99b830000

Marking Bits (Prev, Next): (CMBitMap*) 0x000002a988d704b8, (CMBitMap*) 0x000002a988d704f0
 Prev Bits: [0x000002a99c430000, 0x000002a99e430000)
 Next Bits: [0x000002a99e430000, 0x000002a9a0430000)

Polling page: 0x000002a988510000

Metaspace:

Usage:
  Non-class:    128.40 MB capacity,   125.84 MB ( 98%) used,     2.09 MB (  2%) free+waste,   478.44 KB ( <1%) overhead. 
      Class:     19.59 MB capacity,    18.10 MB ( 92%) used,     1.28 MB (  7%) free+waste,   215.19 KB (  1%) overhead. 
       Both:    147.98 MB capacity,   143.93 MB ( 97%) used,     3.37 MB (  2%) free+waste,   693.63 KB ( <1%) overhead. 

Virtual space:
  Non-class space:      130.00 MB reserved,     128.65 MB ( 99%) committed 
      Class space:        1.00 GB reserved,      19.76 MB (  2%) committed 
             Both:        1.13 GB reserved,     148.41 MB ( 13%) committed 

Chunk freelists:
   Non-Class:  199.00 KB
       Class:  69.00 KB
        Both:  268.00 KB

MaxMetaspaceSize: 17179869184.00 GB
CompressedClassSpaceSize: 1.00 GB

CodeHeap 'non-profiled nmethods': size=120064Kb used=15908Kb max_used=15908Kb free=104155Kb
 bounds [0x000002a9942f0000, 0x000002a995290000, 0x000002a99b830000]
CodeHeap 'profiled nmethods': size=120000Kb used=46263Kb max_used=46813Kb free=73737Kb
 bounds [0x000002a98cdc0000, 0x000002a98fbd0000, 0x000002a9942f0000]
CodeHeap 'non-nmethods': size=5696Kb used=2408Kb max_used=2481Kb free=3287Kb
 bounds [0x000002a98c830000, 0x000002a98cac0000, 0x000002a98cdc0000]
 total_blobs=21789 nmethods=20744 adapters=955
 compilation: enabled
              stopped_count=0, restarted_count=0
 full_count=0

Compilation events (20 events):
Event: 3646.569 Thread 0x000002a9a31cf800 23296       3       com.android.utils.PositionXmlParser::parse (9 bytes)
Event: 3646.570 Thread 0x000002a9a31cf800 nmethod 23296 0x000002a98e4c8c90 code [0x000002a98e4c8ee0, 0x000002a98e4c9678]
Event: 3646.591 Thread 0x000002a9a31cf800 23298       3       org.apache.xerces.impl.XMLEntityScanner::skipString (207 bytes)
Event: 3646.593 Thread 0x000002a9a31cf800 nmethod 23298 0x000002a98e550590 code [0x000002a98e550820, 0x000002a98e5513c8]
Event: 3646.593 Thread 0x000002a9a31cf800 23299       3       java.lang.AbstractStringBuilder::appendChars (130 bytes)
Event: 3646.595 Thread 0x000002a9a31cf800 nmethod 23299 0x000002a98e594e10 code [0x000002a98e595080, 0x000002a98e595b68]
Event: 3646.778 Thread 0x000002a9a31cf800 23302       3       java.lang.AbstractStringBuilder::append (33 bytes)
Event: 3646.778 Thread 0x000002a9a31cf800 nmethod 23302 0x000002a98e364410 code [0x000002a98e3645e0, 0x000002a98e3647c8]
Event: 3646.823 Thread 0x000002a9a31cf800 23303   !   3       org.apache.xerces.parsers.AbstractSAXParser::getEntityResolver (61 bytes)
Event: 3646.824 Thread 0x000002a9a31cf800 nmethod 23303 0x000002a98e593c10 code [0x000002a98e593e60, 0x000002a98e594a78]
Event: 3646.824 Thread 0x000002a9a31cf800 23304   !   3       org.apache.xerces.parsers.AbstractSAXParser::setEntityResolver (124 bytes)
Event: 3646.825 Thread 0x000002a9a31cf800 nmethod 23304 0x000002a98e5b6c90 code [0x000002a98e5b6f80, 0x000002a98e5b8368]
Event: 3646.868 Thread 0x000002a9a31cf800 23305  s    3       java.util.Stack::pop (19 bytes)
Event: 3646.869 Thread 0x000002a9a31cf800 nmethod 23305 0x000002a98e5c9310 code [0x000002a98e5c9520, 0x000002a98e5ca108]
Event: 3646.873 Thread 0x000002a9a31cf800 23306   !   3       org.apache.xerces.parsers.DOMParser::getEntityResolver (60 bytes)
Event: 3646.874 Thread 0x000002a9a31cf800 nmethod 23306 0x000002a98e61e910 code [0x000002a98e61eb60, 0x000002a98e61f778]
Event: 3646.882 Thread 0x000002a9a31cf800 23307       3       java.util.Stack::push (7 bytes)
Event: 3646.883 Thread 0x000002a9a31cf800 nmethod 23307 0x000002a98e4d2490 code [0x000002a98e4d26a0, 0x000002a98e4d2eb8]
Event: 3646.916 Thread 0x000002a9a31cf800 23308       3       com.android.ide.common.resources.configuration.LocaleQualifier::<init> (147 bytes)
Event: 3646.918 Thread 0x000002a9a31cf800 nmethod 23308 0x000002a98e620210 code [0x000002a98e6205c0, 0x000002a98e621d08]

GC Heap History (20 events):
Event: 2581.568 GC heap before
{Heap before GC invocations=65 (full 0):
 garbage-first heap   total 210944K, used 163092K [0x0000000080000000, 0x0000000100000000)
  region size 1024K, 31 young (31744K), 4 survivors (4096K)
 Metaspace       used 141554K, capacity 145435K, committed 145704K, reserved 1175552K
  class space    used 17834K, capacity 19251K, committed 19340K, reserved 1048576K
}
Event: 2581.590 GC heap after
{Heap after GC invocations=66 (full 0):
 garbage-first heap   total 210944K, used 138592K [0x0000000080000000, 0x0000000100000000)
  region size 1024K, 3 young (3072K), 3 survivors (3072K)
 Metaspace       used 141554K, capacity 145435K, committed 145704K, reserved 1175552K
  class space    used 17834K, capacity 19251K, committed 19340K, reserved 1048576K
}
Event: 2583.745 GC heap before
{Heap before GC invocations=66 (full 0):
 garbage-first heap   total 210944K, used 166240K [0x0000000080000000, 0x0000000100000000)
  region size 1024K, 31 young (31744K), 3 survivors (3072K)
 Metaspace       used 141860K, capacity 145835K, committed 145960K, reserved 1175552K
  class space    used 17845K, capacity 19318K, committed 19340K, reserved 1048576K
}
Event: 2583.760 GC heap after
{Heap after GC invocations=67 (full 0):
 garbage-first heap   total 210944K, used 140630K [0x0000000080000000, 0x0000000100000000)
  region size 1024K, 4 young (4096K), 4 survivors (4096K)
 Metaspace       used 141860K, capacity 145835K, committed 145960K, reserved 1175552K
  class space    used 17845K, capacity 19318K, committed 19340K, reserved 1048576K
}
Event: 2585.130 GC heap before
{Heap before GC invocations=68 (full 0):
 garbage-first heap   total 210944K, used 170326K [0x0000000080000000, 0x0000000100000000)
  region size 1024K, 33 young (33792K), 4 survivors (4096K)
 Metaspace       used 142603K, capacity 146552K, committed 146856K, reserved 1177600K
  class space    used 17925K, capacity 19388K, committed 19468K, reserved 1048576K
}
Event: 2585.154 GC heap after
{Heap after GC invocations=69 (full 0):
 garbage-first heap   total 210944K, used 143587K [0x0000000080000000, 0x0000000100000000)
  region size 1024K, 5 young (5120K), 5 survivors (5120K)
 Metaspace       used 142603K, capacity 146552K, committed 146856K, reserved 1177600K
  class space    used 17925K, capacity 19388K, committed 19468K, reserved 1048576K
}
Event: 2585.263 GC heap before
{Heap before GC invocations=69 (full 0):
 garbage-first heap   total 210944K, used 147683K [0x0000000080000000, 0x0000000100000000)
  region size 1024K, 10 young (10240K), 5 survivors (5120K)
 Metaspace       used 142611K, capacity 146557K, committed 146856K, reserved 1177600K
  class space    used 17927K, capacity 19390K, committed 19468K, reserved 1048576K
}
Event: 2585.288 GC heap after
{Heap after GC invocations=70 (full 0):
 garbage-first heap   total 210944K, used 143638K [0x0000000080000000, 0x0000000100000000)
  region size 1024K, 1 young (1024K), 1 survivors (1024K)
 Metaspace       used 142611K, capacity 146557K, committed 146856K, reserved 1177600K
  class space    used 17927K, capacity 19390K, committed 19468K, reserved 1048576K
}
Event: 2587.028 GC heap before
{Heap before GC invocations=70 (full 0):
 garbage-first heap   total 210944K, used 171286K [0x0000000080000000, 0x0000000100000000)
  region size 1024K, 29 young (29696K), 1 survivors (1024K)
 Metaspace       used 143011K, capacity 146942K, committed 147112K, reserved 1177600K
  class space    used 17977K, capacity 19409K, committed 19468K, reserved 1048576K
}
Event: 2587.048 GC heap after
{Heap after GC invocations=71 (full 0):
 garbage-first heap   total 210944K, used 145427K [0x0000000080000000, 0x0000000100000000)
  region size 1024K, 3 young (3072K), 3 survivors (3072K)
 Metaspace       used 143011K, capacity 146942K, committed 147112K, reserved 1177600K
  class space    used 17977K, capacity 19409K, committed 19468K, reserved 1048576K
}
Event: 2588.641 GC heap before
{Heap before GC invocations=72 (full 0):
 garbage-first heap   total 210944K, used 174099K [0x0000000080000000, 0x0000000100000000)
  region size 1024K, 31 young (31744K), 3 survivors (3072K)
 Metaspace       used 144151K, capacity 148188K, committed 148392K, reserved 1177600K
  class space    used 18145K, capacity 19602K, committed 19724K, reserved 1048576K
}
Event: 2588.659 GC heap after
{Heap after GC invocations=73 (full 0):
 garbage-first heap   total 210944K, used 146953K [0x0000000080000000, 0x0000000100000000)
  region size 1024K, 2 young (2048K), 2 survivors (2048K)
 Metaspace       used 144151K, capacity 148188K, committed 148392K, reserved 1177600K
  class space    used 18145K, capacity 19602K, committed 19724K, reserved 1048576K
}
Event: 2589.199 GC heap before
{Heap before GC invocations=73 (full 0):
 garbage-first heap   total 210944K, used 155145K [0x0000000080000000, 0x0000000100000000)
  region size 1024K, 10 young (10240K), 2 survivors (2048K)
 Metaspace       used 144179K, capacity 148191K, committed 148392K, reserved 1177600K
  class space    used 18145K, capacity 19602K, committed 19724K, reserved 1048576K
}
Event: 2589.221 GC heap after
{Heap after GC invocations=74 (full 0):
 garbage-first heap   total 210944K, used 146507K [0x0000000080000000, 0x0000000100000000)
  region size 1024K, 1 young (1024K), 1 survivors (1024K)
 Metaspace       used 144179K, capacity 148191K, committed 148392K, reserved 1177600K
  class space    used 18145K, capacity 19602K, committed 19724K, reserved 1048576K
}
Event: 2590.017 GC heap before
{Heap before GC invocations=74 (full 0):
 garbage-first heap   total 210944K, used 175179K [0x0000000080000000, 0x0000000100000000)
  region size 1024K, 29 young (29696K), 1 survivors (1024K)
 Metaspace       used 146183K, capacity 150235K, committed 150440K, reserved 1179648K
  class space    used 18410K, capacity 19922K, committed 19980K, reserved 1048576K
}
Event: 2590.035 GC heap after
{Heap after GC invocations=75 (full 0):
 garbage-first heap   total 253952K, used 148408K [0x0000000080000000, 0x0000000100000000)
  region size 1024K, 3 young (3072K), 3 survivors (3072K)
 Metaspace       used 146183K, capacity 150235K, committed 150440K, reserved 1179648K
  class space    used 18410K, capacity 19922K, committed 19980K, reserved 1048576K
}
Event: 3641.820 GC heap before
{Heap before GC invocations=76 (full 0):
 garbage-first heap   total 253952K, used 197560K [0x0000000080000000, 0x0000000100000000)
  region size 1024K, 51 young (52224K), 3 survivors (3072K)
 Metaspace       used 146688K, capacity 150839K, committed 151080K, reserved 1179648K
  class space    used 18474K, capacity 20018K, committed 20108K, reserved 1048576K
}
Event: 3641.836 GC heap after
{Heap after GC invocations=77 (full 0):
 garbage-first heap   total 253952K, used 150644K [0x0000000080000000, 0x0000000100000000)
  region size 1024K, 5 young (5120K), 5 survivors (5120K)
 Metaspace       used 146688K, capacity 150839K, committed 151080K, reserved 1179648K
  class space    used 18474K, capacity 20018K, committed 20108K, reserved 1048576K
}
Event: 3644.348 GC heap before
{Heap before GC invocations=77 (full 0):
 garbage-first heap   total 253952K, used 174196K [0x0000000080000000, 0x0000000100000000)
  region size 1024K, 29 young (29696K), 5 survivors (5120K)
 Metaspace       used 146900K, capacity 151124K, committed 151336K, reserved 1181696K
  class space    used 18490K, capacity 20033K, committed 20108K, reserved 1048576K
}
Event: 3644.376 GC heap after
{Heap after GC invocations=78 (full 0):
 garbage-first heap   total 253952K, used 154625K [0x0000000080000000, 0x0000000100000000)
  region size 1024K, 7 young (7168K), 7 survivors (7168K)
 Metaspace       used 146900K, capacity 151124K, committed 151336K, reserved 1181696K
  class space    used 18490K, capacity 20033K, committed 20108K, reserved 1048576K
}

Deoptimization events (20 events):
Event: 3646.421 Thread 0x000002a9a58fc800 DEOPT PACKING pc=0x000002a994ce11e4 sp=0x000000f47b0f9c60
Event: 3646.421 Thread 0x000002a9a58fc800 DEOPT UNPACKING pc=0x000002a98c85662f sp=0x000000f47b0f9be0 mode 2
Event: 3646.483 Thread 0x000002a9a58fc800 Uncommon trap: trap_request=0xffffff4d fr.pc=0x000002a995272e54 relative=0x00000000000021b4
Event: 3646.484 Thread 0x000002a9a58fc800 Uncommon trap: reason=unstable_if action=reinterpret pc=0x000002a995272e54 method=java.lang.String.getChars(II[CI)V @ 23 c2
Event: 3646.484 Thread 0x000002a9a58fc800 DEOPT PACKING pc=0x000002a995272e54 sp=0x000000f47b0f9ed0
Event: 3646.484 Thread 0x000002a9a58fc800 DEOPT UNPACKING pc=0x000002a98c85662f sp=0x000000f47b0f9d50 mode 2
Event: 3646.484 Thread 0x000002a9a58fc800 Uncommon trap: trap_request=0xffffff4d fr.pc=0x000002a99430318c relative=0x000000000000024c
Event: 3646.484 Thread 0x000002a9a58fc800 Uncommon trap: reason=unstable_if action=reinterpret pc=0x000002a99430318c method=java.lang.String.isLatin1()Z @ 10 c2
Event: 3646.484 Thread 0x000002a9a58fc800 DEOPT PACKING pc=0x000002a99430318c sp=0x000000f47b0f9990
Event: 3646.484 Thread 0x000002a9a58fc800 DEOPT UNPACKING pc=0x000002a98c85662f sp=0x000000f47b0f98c8 mode 2
Event: 3646.484 Thread 0x000002a9a58fc800 Uncommon trap: trap_request=0xffffff4d fr.pc=0x000002a994cb71b4 relative=0x00000000000004f4
Event: 3646.484 Thread 0x000002a9a58fc800 Uncommon trap: reason=unstable_if action=reinterpret pc=0x000002a994cb71b4 method=java.lang.AbstractStringBuilder.appendChars([CII)V @ 43 c2
Event: 3646.484 Thread 0x000002a9a58fc800 DEOPT PACKING pc=0x000002a994cb71b4 sp=0x000000f47b0f9be0
Event: 3646.484 Thread 0x000002a9a58fc800 DEOPT UNPACKING pc=0x000002a98c85662f sp=0x000000f47b0f9b18 mode 2
Event: 3646.484 Thread 0x000002a9a58fc800 Uncommon trap: trap_request=0xffffff4d fr.pc=0x000002a9943f7560 relative=0x00000000000002c0
Event: 3646.484 Thread 0x000002a9a58fc800 Uncommon trap: reason=unstable_if action=reinterpret pc=0x000002a9943f7560 method=java.lang.AbstractStringBuilder.appendChars([CII)V @ 10 c2
Event: 3646.484 Thread 0x000002a9a58fc800 DEOPT PACKING pc=0x000002a9943f7560 sp=0x000000f47b0f9b70
Event: 3646.484 Thread 0x000002a9a58fc800 DEOPT UNPACKING pc=0x000002a98c85662f sp=0x000000f47b0f9b08 mode 2
Event: 3646.554 Thread 0x000002a9a58fc800 DEOPT PACKING pc=0x000002a98cdfe43c sp=0x000000f47b0f9cb0
Event: 3646.554 Thread 0x000002a9a58fc800 DEOPT UNPACKING pc=0x000002a98c856dde sp=0x000000f47b0f9110 mode 0

Classes redefined (0 events):
No events

Internal exceptions (20 events):
Event: 2589.715 Thread 0x000002a9ac522800 Exception <a 'java/lang/ClassNotFoundException'{0x000000008b83ccd8}: org/gradle/api/plugins/internal/DefaultJavaPluginConventionCustomizer> (0x000000008b83ccd8) thrown at [./src/hotspot/share/classfile/systemDictionary.cpp, line 231]
Event: 2589.722 Thread 0x000002a9ac522800 Exception <a 'java/lang/ClassNotFoundException'{0x000000008b8ae6a8}: org/gradle/api/plugins/internal/DefaultBasePluginConventionBeanInfo> (0x000000008b8ae6a8) thrown at [./src/hotspot/share/classfile/systemDictionary.cpp, line 231]
Event: 2589.723 Thread 0x000002a9ac522800 Exception <a 'java/lang/ClassNotFoundException'{0x000000008b8cdc50}: org/gradle/api/plugins/BasePluginConventionBeanInfo> (0x000000008b8cdc50) thrown at [./src/hotspot/share/classfile/systemDictionary.cpp, line 231]
Event: 2589.724 Thread 0x000002a9ac522800 Exception <a 'java/lang/ClassNotFoundException'{0x000000008b8ed568}: org/gradle/api/plugins/BasePluginConventionCustomizer> (0x000000008b8ed568) thrown at [./src/hotspot/share/classfile/systemDictionary.cpp, line 231]
Event: 2589.726 Thread 0x000002a9ac522800 Exception <a 'java/lang/ClassNotFoundException'{0x000000008b71b6a8}: org/gradle/api/plugins/internal/DefaultBasePluginConventionCustomizer> (0x000000008b71b6a8) thrown at [./src/hotspot/share/classfile/systemDictionary.cpp, line 231]
Event: 2590.066 Thread 0x000002a9ac522800 Exception <a 'java/lang/NoSuchMethodError'{0x000000008f60d0f0}: <clinit>> (0x000000008f60d0f0) thrown at [./src/hotspot/share/prims/jni.cpp, line 1362]
Event: 2590.682 Thread 0x000002a9a5912000 Exception <a 'sun/nio/fs/WindowsException'{0x000000008f200fe0}> (0x000000008f200fe0) thrown at [./src/hotspot/share/prims/jni.cpp, line 615]
Event: 2590.686 Thread 0x000002a9ac522000 Exception <a 'java/lang/NoSuchMethodError'{0x000000008f21ee90}: <clinit>> (0x000000008f21ee90) thrown at [./src/hotspot/share/prims/jni.cpp, line 1362]
Event: 2590.688 Thread 0x000002a9ac522000 Exception <a 'java/lang/NoSuchMethodError'{0x000000008f230a40}: <clinit>> (0x000000008f230a40) thrown at [./src/hotspot/share/prims/jni.cpp, line 1362]
Event: 2590.689 Thread 0x000002a9ac522000 Exception <a 'java/lang/NoSuchMethodError'{0x000000008f2bd588}: <clinit>> (0x000000008f2bd588) thrown at [./src/hotspot/share/prims/jni.cpp, line 1362]
Event: 2590.855 Thread 0x000002a9ac522000 Exception <a 'java/lang/NoSuchMethodError'{0x000000008f2da840}: <clinit>> (0x000000008f2da840) thrown at [./src/hotspot/share/prims/jni.cpp, line 1362]
Event: 2590.857 Thread 0x000002a9ac522000 Exception <a 'java/lang/NoSuchMethodError'{0x000000008f2ea6b8}: <clinit>> (0x000000008f2ea6b8) thrown at [./src/hotspot/share/prims/jni.cpp, line 1362]
Event: 3641.870 Thread 0x000002a9a5911000 Exception <a 'sun/nio/fs/WindowsException'{0x000000008f6ee5d0}> (0x000000008f6ee5d0) thrown at [./src/hotspot/share/prims/jni.cpp, line 615]
Event: 3642.258 Thread 0x000002a9a5911000 Exception <a 'java/lang/NoClassDefFoundError'{0x000000008f234268}: org/jetbrains/kotlin/gradle/plugin/KotlinBasePluginWrapper> (0x000000008f234268) thrown at [./src/hotspot/share/oops/constantPool.cpp, line 775]
Event: 3642.418 Thread 0x000002a9a5911000 Exception <a 'sun/nio/fs/WindowsException'{0x000000008f1999a0}> (0x000000008f1999a0) thrown at [./src/hotspot/share/prims/jni.cpp, line 615]
Event: 3642.438 Thread 0x000002a9a5911000 Exception <a 'sun/nio/fs/WindowsException'{0x000000008f03d500}> (0x000000008f03d500) thrown at [./src/hotspot/share/prims/jni.cpp, line 615]
Event: 3642.438 Thread 0x000002a9a5911000 Exception <a 'sun/nio/fs/WindowsException'{0x000000008f03e770}> (0x000000008f03e770) thrown at [./src/hotspot/share/prims/jni.cpp, line 615]
Event: 3642.438 Thread 0x000002a9a5911000 Exception <a 'sun/nio/fs/WindowsException'{0x000000008f03fa30}> (0x000000008f03fa30) thrown at [./src/hotspot/share/prims/jni.cpp, line 615]
Event: 3642.438 Thread 0x000002a9a5911000 Exception <a 'sun/nio/fs/WindowsException'{0x000000008f040cf0}> (0x000000008f040cf0) thrown at [./src/hotspot/share/prims/jni.cpp, line 615]
Event: 3642.630 Thread 0x000002a9a5911000 Exception <a 'sun/nio/fs/WindowsException'{0x000000008ec29d18}> (0x000000008ec29d18) thrown at [./src/hotspot/share/prims/jni.cpp, line 615]

Events (20 events):
Event: 3646.309 loading class com/android/ide/common/blame/MergingLog$2 done
Event: 3646.311 loading class com/android/build/gradle/internal/tasks/Workers
Event: 3646.311 loading class com/android/build/gradle/internal/tasks/Workers done
Event: 3646.313 loading class com/android/build/gradle/internal/tasks/Workers$WorkerExecutorAdapter
Event: 3646.313 loading class com/android/build/gradle/internal/tasks/Workers$WorkerExecutorAdapter done
Event: 3646.314 loading class org/gradle/workers/WorkerExecutionException
Event: 3646.314 loading class org/gradle/workers/WorkerExecutionException done
Event: 3646.314 loading class com/android/ide/common/workers/WorkerExecutorException
Event: 3646.314 loading class com/android/ide/common/workers/WorkerExecutorException done
Event: 3646.315 loading class com/android/build/gradle/internal/tasks/Workers$WorkerExecutorAdapter$taskRecord$2
Event: 3646.315 loading class com/android/build/gradle/internal/tasks/Workers$WorkerExecutorAdapter$taskRecord$2 done
Event: 3646.317 loading class com/android/build/gradle/internal/aapt/WorkerExecutorResourceCompilationService
Event: 3646.317 loading class com/android/build/gradle/internal/aapt/WorkerExecutorResourceCompilationService done
Event: 3646.319 loading class com/android/build/gradle/tasks/MergeResources
Event: 3646.319 loading class com/android/build/gradle/tasks/MergeResources done
Event: 3646.321 loading class com/android/ide/common/resources/ResourceSet$FolderData
Event: 3646.321 loading class com/android/ide/common/resources/ResourceSet$FolderData done
Event: 3646.422 Thread 0x000002a9a58ff800 Thread added: 0x000002a9a58ff800
Event: 3646.483 Executing VM operation: RevokeBias
Event: 3646.483 Executing VM operation: RevokeBias done


Dynamic libraries:
0x00007ff629d90000 - 0x00007ff629d9a000 	E:\PROGRAMMS\Android Studio\jre\bin\java.exe
0x00007ffd5c390000 - 0x00007ffd5c585000 	C:\WINDOWS\SYSTEM32\ntdll.dll
0x00007ffd5b5a0000 - 0x00007ffd5b65d000 	C:\WINDOWS\System32\KERNEL32.DLL
0x00007ffd59f50000 - 0x00007ffd5a21d000 	C:\WINDOWS\System32\KERNELBASE.dll
0x00007ffd5a2e0000 - 0x00007ffd5a3e0000 	C:\WINDOWS\System32\ucrtbase.dll
0x00007ffd52070000 - 0x00007ffd52087000 	E:\PROGRAMMS\Android Studio\jre\bin\VCRUNTIME140.dll
0x00007ffd46760000 - 0x00007ffd46779000 	E:\PROGRAMMS\Android Studio\jre\bin\jli.dll
0x00007ffd5c060000 - 0x00007ffd5c200000 	C:\WINDOWS\System32\USER32.dll
0x00007ffd47830000 - 0x00007ffd47aca000 	C:\WINDOWS\WinSxS\amd64_microsoft.windows.common-controls_6595b64144ccf1df_6.0.19041.1110_none_60b5254171f9507e\COMCTL32.dll
0x00007ffd5a2b0000 - 0x00007ffd5a2d2000 	C:\WINDOWS\System32\win32u.dll
0x00007ffd5a3e0000 - 0x00007ffd5a47e000 	C:\WINDOWS\System32\msvcrt.dll
0x00007ffd5b8f0000 - 0x00007ffd5b91a000 	C:\WINDOWS\System32\GDI32.dll
0x00007ffd59da0000 - 0x00007ffd59eab000 	C:\WINDOWS\System32\gdi32full.dll
0x00007ffd59eb0000 - 0x00007ffd59f4d000 	C:\WINDOWS\System32\msvcp_win.dll
0x00007ffd5c200000 - 0x00007ffd5c230000 	C:\WINDOWS\System32\IMM32.DLL
0x00007ffd261e0000 - 0x00007ffd2627d000 	E:\PROGRAMMS\Android Studio\jre\bin\msvcp140.dll
0x00007ffd1e090000 - 0x00007ffd1eb65000 	E:\PROGRAMMS\Android Studio\jre\bin\server\jvm.dll
0x00007ffd5bfb0000 - 0x00007ffd5c05e000 	C:\WINDOWS\System32\ADVAPI32.dll
0x00007ffd5aa70000 - 0x00007ffd5ab0c000 	C:\WINDOWS\System32\sechost.dll
0x00007ffd5b990000 - 0x00007ffd5bab5000 	C:\WINDOWS\System32\RPCRT4.dll
0x00007ffd5c340000 - 0x00007ffd5c348000 	C:\WINDOWS\System32\PSAPI.DLL
0x00007ffd543a0000 - 0x00007ffd543a9000 	C:\WINDOWS\SYSTEM32\WSOCK32.dll
0x00007ffd5b920000 - 0x00007ffd5b98b000 	C:\WINDOWS\System32\WS2_32.dll
0x00007ffd488b0000 - 0x00007ffd488d7000 	C:\WINDOWS\SYSTEM32\WINMM.dll
0x00007ffd4f0d0000 - 0x00007ffd4f0da000 	C:\WINDOWS\SYSTEM32\VERSION.dll
0x00007ffd58340000 - 0x00007ffd58352000 	C:\WINDOWS\SYSTEM32\kernel.appcore.dll
0x00007ffd4f740000 - 0x00007ffd4f751000 	E:\PROGRAMMS\Android Studio\jre\bin\verify.dll
0x00007ffd48e40000 - 0x00007ffd49024000 	C:\WINDOWS\SYSTEM32\DBGHELP.DLL
0x00007ffd48d70000 - 0x00007ffd48d9c000 	C:\WINDOWS\SYSTEM32\dbgcore.DLL
0x00007ffd5a220000 - 0x00007ffd5a2a2000 	C:\WINDOWS\System32\bcryptPrimitives.dll
0x00007ffd47210000 - 0x00007ffd47239000 	E:\PROGRAMMS\Android Studio\jre\bin\java.dll
0x00007ffd52f90000 - 0x00007ffd52f9b000 	E:\PROGRAMMS\Android Studio\jre\bin\jimage.dll
0x00007ffd4f720000 - 0x00007ffd4f738000 	E:\PROGRAMMS\Android Studio\jre\bin\zip.dll
0x00007ffd5acc0000 - 0x00007ffd5b404000 	C:\WINDOWS\System32\SHELL32.dll
0x00007ffd57930000 - 0x00007ffd580c4000 	C:\WINDOWS\SYSTEM32\windows.storage.dll
0x00007ffd5bad0000 - 0x00007ffd5be24000 	C:\WINDOWS\System32\combase.dll
0x00007ffd593b0000 - 0x00007ffd593dc000 	C:\WINDOWS\SYSTEM32\Wldp.dll
0x00007ffd5a9c0000 - 0x00007ffd5aa6d000 	C:\WINDOWS\System32\SHCORE.dll
0x00007ffd5b410000 - 0x00007ffd5b465000 	C:\WINDOWS\System32\shlwapi.dll
0x00007ffd599e0000 - 0x00007ffd599ff000 	C:\WINDOWS\SYSTEM32\profapi.dll
0x00007ffd54630000 - 0x00007ffd5464a000 	E:\PROGRAMMS\Android Studio\jre\bin\net.dll
0x00007ffd52990000 - 0x00007ffd52a9a000 	C:\WINDOWS\SYSTEM32\WINHTTP.dll
0x00007ffd59130000 - 0x00007ffd5919a000 	C:\WINDOWS\system32\mswsock.dll
0x00007ffd54610000 - 0x00007ffd54624000 	E:\PROGRAMMS\Android Studio\jre\bin\nio.dll
0x00007ffd46780000 - 0x00007ffd467a7000 	C:\Users\Dmitriy\.gradle\native\e1d6ef7f7dcc3fd88c89a11ec53ec762bb8ba0a96d01ffa2cd45eb1d1d8dd5c5\windows-amd64\native-platform.dll
0x00007ffd0eeb0000 - 0x00007ffd0eff4000 	C:\Users\Dmitriy\.gradle\native\5664cfc778a61ccfe75a443a1ab52a65af34e5dc3c78e0209fed803814484fcb\windows-amd64\native-platform-file-events.dll
0x00007ffd54600000 - 0x00007ffd5460a000 	E:\PROGRAMMS\Android Studio\jre\bin\management.dll
0x00007ffd52330000 - 0x00007ffd5233d000 	E:\PROGRAMMS\Android Studio\jre\bin\management_ext.dll
0x00007ffd59770000 - 0x00007ffd59788000 	C:\WINDOWS\SYSTEM32\CRYPTSP.dll
0x00007ffd58ad0000 - 0x00007ffd58b04000 	C:\WINDOWS\system32\rsaenh.dll
0x00007ffd59d70000 - 0x00007ffd59d97000 	C:\WINDOWS\System32\bcrypt.dll
0x00007ffd599a0000 - 0x00007ffd599ce000 	C:\WINDOWS\SYSTEM32\USERENV.dll
0x00007ffd592c0000 - 0x00007ffd592cc000 	C:\WINDOWS\SYSTEM32\CRYPTBASE.dll
0x00007ffd58e40000 - 0x00007ffd58e7b000 	C:\WINDOWS\SYSTEM32\IPHLPAPI.DLL
0x00007ffd5bac0000 - 0x00007ffd5bac8000 	C:\WINDOWS\System32\NSI.dll
0x00007ffd51cb0000 - 0x00007ffd51cc7000 	C:\WINDOWS\SYSTEM32\dhcpcsvc6.DLL
0x00007ffd51c40000 - 0x00007ffd51c5d000 	C:\WINDOWS\SYSTEM32\dhcpcsvc.DLL
0x00007ffd58e80000 - 0x00007ffd58f4b000 	C:\WINDOWS\SYSTEM32\DNSAPI.dll
0x00007ffd45fb0000 - 0x00007ffd45fd7000 	E:\PROGRAMMS\Android Studio\jre\bin\sunec.dll
0x00007ffd480d0000 - 0x00007ffd480da000 	C:\Windows\System32\rasadhlp.dll
0x00007ffd51ef0000 - 0x00007ffd51f70000 	C:\WINDOWS\System32\fwpuclnt.dll

dbghelp: loaded successfully - version: 4.0.5 - missing functions: none
symbol engine: initialized successfully - sym options: 0x614 - pdb path: .;E:\PROGRAMMS\Android Studio\jre\bin;C:\WINDOWS\SYSTEM32;C:\WINDOWS\WinSxS\amd64_microsoft.windows.common-controls_6595b64144ccf1df_6.0.19041.1110_none_60b5254171f9507e;E:\PROGRAMMS\Android Studio\jre\bin\server;C:\Users\Dmitriy\.gradle\native\e1d6ef7f7dcc3fd88c89a11ec53ec762bb8ba0a96d01ffa2cd45eb1d1d8dd5c5\windows-amd64;C:\Users\Dmitriy\.gradle\native\5664cfc778a61ccfe75a443a1ab52a65af34e5dc3c78e0209fed803814484fcb\windows-amd64

VM Arguments:
jvm_args: --add-opens=java.base/java.util=ALL-UNNAMED --add-opens=java.base/java.lang=ALL-UNNAMED --add-opens=java.base/java.lang.invoke=ALL-UNNAMED --add-opens=java.base/java.util=ALL-UNNAMED --add-opens=java.prefs/java.util.prefs=ALL-UNNAMED --add-opens=java.prefs/java.util.prefs=ALL-UNNAMED --add-opens=java.base/java.nio.charset=ALL-UNNAMED --add-opens=java.base/java.net=ALL-UNNAMED --add-opens=java.base/java.util.concurrent.atomic=ALL-UNNAMED -Xmx2048m -Dfile.encoding=UTF-8 -Duser.country=RU -Duser.language=ru -Duser.variant 
java_command: org.gradle.launcher.daemon.bootstrap.GradleDaemon 7.2
java_class_path (initial): C:\Users\Dmitriy\.gradle\wrapper\dists\gradle-7.2-bin\2dnblmf4td7x66yl1d74lt32g\gradle-7.2\lib\gradle-launcher-7.2.jar
Launcher Type: SUN_STANDARD

[Global flags]
     intx CICompilerCount                          = 3                                         {product} {ergonomic}
     uint ConcGCThreads                            = 1                                         {product} {ergonomic}
     uint G1ConcRefinementThreads                  = 4                                         {product} {ergonomic}
   size_t G1HeapRegionSize                         = 1048576                                   {product} {ergonomic}
    uintx GCDrainStackTargetSize                   = 64                                        {product} {ergonomic}
   size_t InitialHeapSize                          = 134217728                                 {product} {ergonomic}
   size_t MarkStackSize                            = 4194304                                   {product} {ergonomic}
   size_t MaxHeapSize                              = 2147483648                                {product} {command line}
   size_t MaxNewSize                               = 1287651328                                {product} {ergonomic}
   size_t MinHeapDeltaBytes                        = 1048576                                   {product} {ergonomic}
    uintx NonNMethodCodeHeapSize                   = 5830732                                {pd product} {ergonomic}
    uintx NonProfiledCodeHeapSize                  = 122913754                              {pd product} {ergonomic}
    uintx ProfiledCodeHeapSize                     = 122913754                              {pd product} {ergonomic}
    uintx ReservedCodeCacheSize                    = 251658240                              {pd product} {ergonomic}
     bool SegmentedCodeCache                       = true                                      {product} {ergonomic}
     bool UseCompressedClassPointers               = true                                 {lp64_product} {ergonomic}
     bool UseCompressedOops                        = true                                 {lp64_product} {ergonomic}
     bool UseG1GC                                  = true                                      {product} {ergonomic}
     bool UseLargePagesIndividualAllocation        = false                                  {pd product} {ergonomic}

Logging:
Log output configuration:
 #0: stdout all=warning uptime,level,tags
 #1: stderr all=off uptime,level,tags

Environment Variables:
JAVA_HOME=E:\PROGRAMMS\Android Studio\bin
PATH=C:\Program Files (x86)\Embarcadero\Studio\20.0\bin;C:\Users\Public\Documents\Embarcadero\Studio\20.0\Bpl;C:\Program Files (x86)\Embarcadero\Studio\20.0\bin64;C:\Users\Public\Documents\Embarcadero\Studio\20.0\Bpl\Win64;C:\Program Files (x86)\Intel\iCLS Client\;C:\Program Files\Intel\iCLS Client\;C:\Windows\system32;C:\Windows;C:\Windows\System32\Wbem;C:\Windows\System32\WindowsPowerShell\v1.0\;C:\Windows\System32\OpenSSH\;C:\Program Files\dotnet\;C:\Program Files\Microsoft SQL Server\Client SDK\ODBC\170\Tools\Binn\;E:\Progs\Git\cmd;E:\Progs\nodejs\;C:\Program Files (x86)\Intel\Intel(R) Management Engine Components\DAL;C:\Program Files\Intel\Intel(R) Management Engine Components\DAL;C:\Program Files (x86)\Intel\Intel(R) Management Engine Components\IPT;C:\Program Files\Intel\Intel(R) Management Engine Components\IPT;C:\Program Files (x86)\NVIDIA Corporation\PhysX\Common;C:\Program Files\PostgreSQL\11\bin;C:\Program Files\PostgreSQL\11\lib;C:\Program Files\Microsoft SQL Server\Client SDK\ODBC\130\Tools\Binn\;C:\Program Files (x86)\Microsoft SQL Server\140\Tools\Binn\;C:\Program Files\Microsoft SQL Server\140\Tools\Binn\;C:\Program Files\Microsoft SQL Server\140\DTS\Binn\;C:\Program Files\Microsoft SQL Server\130\Tools\Binn\;E:\PROGRAMMS\Git\cmd;C:\Program Files (x86)\Microsoft SDKs\Windows\v10.0A\bin\NETFX 4.6.1 Tools\ildasm.exe;C:\Windows\Microsoft.NET\Framework\v4.0.30319;C:\Program Files (x86)\Microsoft SQL Server\150\Tools\Binn\;C:\Program Files\Microsoft SQL Server\150\Tools\Binn\;C:\Program Files\Microsoft SQL Server\150\DTS\Binn\;C:\ProgramData\chocolatey\bin;C:\WINDOWS\system32;C:\WINDOWS;C:\WINDOWS\System32\Wbem;C:\WINDOWS\System32\WindowsPowerShell\v1.0\;C:\WINDOWS\System32\OpenSSH\;C:\Program Files (x86)\Microsoft SQL Server\150\DTS\Binn\;C:\Program Files\Microsoft SQL Server\120\Tools\Binn\;C:\Program Files (x86)\dotnet\;E:\PROGRAMMS\eclipse-workspace\MMVP\MAKE;C:\Users\Dmitriy\AppData\Local\Microsoft\WindowsApps;C:\Users\Dmitriy\.dotnet\tools;C:\Program 
USERNAME=Dmitriy
OS=Windows_NT
PROCESSOR_IDENTIFIER=Intel64 Family 6 Model 142 Stepping 10, GenuineIntel



---------------  S Y S T E M  ---------------

OS: Windows 10 , 64 bit Build 19041 (10.0.19041.1706)
OS uptime: 0 days 1:20 hours
Hyper-V role detected

CPU:total 4 (initial active 4) (2 cores per cpu, 2 threads per core) family 6 model 142 stepping 10 microcode 0xb4, cmov, cx8, fxsr, mmx, sse, sse2, sse3, ssse3, sse4.1, sse4.2, popcnt, avx, avx2, aes, clmul, erms, 3dnowpref, lzcnt, ht, tsc, tscinvbit, bmi1, bmi2, adx, fma

Memory: 4k page, system-wide physical 8067M (1142M free)
TotalPageFile size 8867M (AvailPageFile size 4M)
current process WorkingSet (physical memory assigned to process): 586M, peak: 588M
current process commit charge ("private bytes"): 670M, peak: 694M

vm_info: OpenJDK 64-Bit Server VM (11.0.11+9-b60-7590822) for windows-amd64 JRE (11.0.11+9-b60-7590822), built on Jul 29 2021 21:43:44 by "builder" with MS VC++ 14.0 (VS2015)

END.
