#
# There is insufficient memory for the Java Runtime Environment to continue.
# Native memory allocation (mmap) failed to map 56623104 bytes for Failed to commit area from 0x0000000090b00000 to 0x0000000094100000 of length 56623104.
# Possible reasons:
#   The system is out of physical RAM or swap space
#   The process is running with CompressedOops enabled, and the Java Heap may be blocking the growth of the native heap
# Possible solutions:
#   Reduce memory load on the system
#   Increase physical memory or swap space
#   Check if swap backing store is full
#   Decrease Java heap size (-Xmx/-Xms)
#   Decrease number of Java threads
#   Decrease Java thread stack sizes (-Xss)
#   Set larger code cache with -XX:ReservedCodeCacheSize=
#   JVM is running with Unscaled Compressed Oops mode in which the Java heap is
#     placed in the first 4GB address space. The Java Heap base address is the
#     maximum limit for the native heap growth. Please use -XX:HeapBaseMinAddress
#     to set the Java Heap base and to place the Java Heap above 4GB virtual address.
# This output file may be truncated or incomplete.
#
#  Out of Memory Error (./src/hotspot/os/windows/os_windows.cpp:3301), pid=10900, tid=8404
#
# JRE version: OpenJDK Runtime Environment (11.0.11+9) (build 11.0.11+9-b60-7590822)
# Java VM: OpenJDK 64-Bit Server VM (11.0.11+9-b60-7590822, mixed mode, tiered, compressed oops, g1 gc, windows-amd64)
# No core dump will be written. Minidumps are not enabled by default on client versions of Windows
#

---------------  S U M M A R Y ------------

Command Line: --add-opens=java.base/java.util=ALL-UNNAMED --add-opens=java.base/java.lang=ALL-UNNAMED --add-opens=java.base/java.lang.invoke=ALL-UNNAMED --add-opens=java.base/java.util=ALL-UNNAMED --add-opens=java.prefs/java.util.prefs=ALL-UNNAMED --add-opens=java.prefs/java.util.prefs=ALL-UNNAMED --add-opens=java.base/java.nio.charset=ALL-UNNAMED --add-opens=java.base/java.net=ALL-UNNAMED --add-opens=java.base/java.util.concurrent.atomic=ALL-UNNAMED -Xmx2048m -Dfile.encoding=UTF-8 -Duser.country=RU -Duser.language=ru -Duser.variant org.gradle.launcher.daemon.bootstrap.GradleDaemon 7.2

Host: Intel(R) Core(TM) i3-8130U CPU @ 2.20GHz, 4 cores, 7G,  Windows 10 , 64 bit Build 19041 (10.0.19041.1566)
Time: Fri Apr 22 01:24:50 2022 RTZ 2 (зима) elapsed time: 803.474865 seconds (0d 0h 13m 23s)

---------------  T H R E A D  ---------------

Current thread (0x00000275fa204800):  VMThread "VM Thread" [stack: 0x00000082b0600000,0x00000082b0700000] [id=8404]

Stack: [0x00000082b0600000,0x00000082b0700000]
[error occurred during error reporting (printing stack bounds), id 0xc0000005, EXCEPTION_ACCESS_VIOLATION (0xc0000005) at pc=0x00000275e3130f2d]

Native frames: (J=compiled Java code, j=interpreted, Vv=VM code, C=native code)
V  [jvm.dll+0x5f214a]
V  [jvm.dll+0x726fb5]
V  [jvm.dll+0x7285cd]
V  [jvm.dll+0x728be5]
V  [jvm.dll+0x728b9b]
V  [jvm.dll+0x5f14e8]
V  [jvm.dll+0x5f1c78]
C  [ntdll.dll+0xa20cf]
C  [ntdll.dll+0x51454]
C  [ntdll.dll+0xa0bfe]
C  0x00000275e3130f2d

VM_Operation (0x00000082b43f8530): G1CollectForAllocation, mode: safepoint, requested by thread 0x00000275fdd4a800


---------------  P R O C E S S  ---------------

Threads class SMR info:
_java_thread_list=0x00000275827a10e0, length=101, elements={
0x00000275dde5f800, 0x00000275f99eb800, 0x00000275f99f5000, 0x00000275fa215000,
0x00000275fa218000, 0x00000275fa219000, 0x00000275fa260800, 0x00000275fa264800,
0x00000275fa26d000, 0x00000275fa3c1800, 0x00000275fba72000, 0x00000275fc657800,
0x00000275fb7cd800, 0x00000275fc76d000, 0x00000275fc76c000, 0x00000275fc76e800,
0x00000275fc76f800, 0x00000275fc772000, 0x00000275fc770800, 0x00000275fafa1000,
0x00000275fafa3000, 0x00000275faf9e800, 0x00000275fafa1800, 0x00000275fafa5800,
0x0000027582e55000, 0x0000027582e4e800, 0x0000027584269800, 0x00000275fafa9800,
0x000002758426a800, 0x0000027582e4d800, 0x000002758426c000, 0x0000027582e50800,
0x0000027582e52800, 0x00000275fafab800, 0x000002758426b800, 0x0000027584268000,
0x0000027582e50000, 0x0000027584274800, 0x0000027584265800, 0x000002758426f800,
0x0000027584272000, 0x0000027584272800, 0x0000027584270000, 0x0000027584271000,
0x0000027584273800, 0x000002758426e000, 0x000002758426e800, 0x0000027582ccf000,
0x0000027582ccc000, 0x0000027582ccc800, 0x0000027582ccd800, 0x0000027582cd1000,
0x0000027582cd0000, 0x0000027582ccb000, 0x0000027582cd6800, 0x0000027582cd5000,
0x0000027582cd1800, 0x0000027582cd5800, 0x0000027582cd7800, 0x0000027582cd8000,
0x0000027582cd4000, 0x0000027582cd2800, 0x0000027582cd9000, 0x0000027582cd3800,
0x00000275fdd47000, 0x00000275fdd49800, 0x00000275fdd48800, 0x00000275fdd44800,
0x00000275fdd43800, 0x00000275fdd4a800, 0x00000275fdd4b000, 0x00000275fdd45800,
0x00000275fdd50000, 0x00000275fdd4d800, 0x00000275fdd4c800, 0x00000275fdd4f000,
0x00000275fdd51000, 0x00000275fdd51800, 0x00000275fdd4c000, 0x00000275fdd52800,
0x00000275fdd4e800, 0x0000027582e47000, 0x0000027582e49800, 0x0000027582e47800,
0x0000027582e4b000, 0x0000027582e4a000, 0x0000027582e4c800, 0x0000027582e48800,
0x0000027582e51800, 0x0000027582e54000, 0x0000027582e4f000, 0x0000027582e55800,
0x00000275faf9d800, 0x00000275faf9f000, 0x00000275fafa4000, 0x00000275fafa7800,
0x00000275fafa2800, 0x00000275fafaa800, 0x00000275fafac000, 0x00000275fafa9000,
0x00000275fc771000
}

Java Threads: ( => current thread )
  0x00000275dde5f800 JavaThread "main" [_thread_blocked, id=2340, stack(0x00000082b0000000,0x00000082b0100000)]
  0x00000275f99eb800 JavaThread "Reference Handler" daemon [_thread_blocked, id=10764, stack(0x00000082b0700000,0x00000082b0800000)]
  0x00000275f99f5000 JavaThread "Finalizer" daemon [_thread_blocked, id=9368, stack(0x00000082b0800000,0x00000082b0900000)]
  0x00000275fa215000 JavaThread "Signal Dispatcher" daemon [_thread_blocked, id=6228, stack(0x00000082b0900000,0x00000082b0a00000)]
  0x00000275fa218000 JavaThread "Attach Listener" daemon [_thread_blocked, id=11984, stack(0x00000082b0a00000,0x00000082b0b00000)]
  0x00000275fa219000 JavaThread "Service Thread" daemon [_thread_blocked, id=1704, stack(0x00000082b0b00000,0x00000082b0c00000)]
  0x00000275fa260800 JavaThread "C2 CompilerThread0" daemon [_thread_in_native, id=6592, stack(0x00000082b0c00000,0x00000082b0d00000)]
  0x00000275fa264800 JavaThread "C1 CompilerThread0" daemon [_thread_blocked, id=9296, stack(0x00000082b0d00000,0x00000082b0e00000)]
  0x00000275fa26d000 JavaThread "Sweeper thread" daemon [_thread_blocked, id=8776, stack(0x00000082b0e00000,0x00000082b0f00000)]
  0x00000275fa3c1800 JavaThread "Common-Cleaner" daemon [_thread_blocked, id=11028, stack(0x00000082b0f00000,0x00000082b1000000)]
  0x00000275fba72000 JavaThread "Daemon health stats" [_thread_blocked, id=2872, stack(0x00000082b1400000,0x00000082b1500000)]
  0x00000275fc657800 JavaThread "Incoming local TCP Connector on port 51662" [_thread_in_native, id=3344, stack(0x00000082b1100000,0x00000082b1200000)]
  0x00000275fb7cd800 JavaThread "Daemon periodic checks" [_thread_blocked, id=11840, stack(0x00000082b1500000,0x00000082b1600000)]
  0x00000275fc76d000 JavaThread "Cache worker for journal cache (C:\Users\Dmitriy\.gradle\caches\journal-1)" [_thread_blocked, id=4864, stack(0x00000082b1f00000,0x00000082b2000000)]
  0x00000275fc76c000 JavaThread "File lock request listener" [_thread_in_native, id=7472, stack(0x00000082b2000000,0x00000082b2100000)]
  0x00000275fc76e800 JavaThread "Cache worker for file hash cache (C:\Users\Dmitriy\.gradle\caches\7.2\fileHashes)" [_thread_blocked, id=1764, stack(0x00000082b2100000,0x00000082b2200000)]
  0x00000275fc76f800 JavaThread "File watcher server" daemon [_thread_blocked, id=11464, stack(0x00000082b2300000,0x00000082b2400000)]
  0x00000275fc772000 JavaThread "File watcher consumer" daemon [_thread_blocked, id=10208, stack(0x00000082b2400000,0x00000082b2500000)]
  0x00000275fc770800 JavaThread "jar transforms" [_thread_blocked, id=11200, stack(0x00000082b1d00000,0x00000082b1e00000)]
  0x00000275fafa1000 JavaThread "jar transforms Thread 2" [_thread_blocked, id=11440, stack(0x00000082b2500000,0x00000082b2600000)]
  0x00000275fafa3000 JavaThread "jar transforms Thread 3" [_thread_blocked, id=2428, stack(0x00000082b2600000,0x00000082b2700000)]
  0x00000275faf9e800 JavaThread "jar transforms Thread 4" [_thread_blocked, id=4292, stack(0x00000082b2700000,0x00000082b2800000)]
  0x00000275fafa1800 JavaThread "Cache worker for execution history cache (C:\Users\Dmitriy\.gradle\caches\7.2\executionHistory)" [_thread_blocked, id=11364, stack(0x00000082b2c00000,0x00000082b2d00000)]
  0x00000275fafa5800 JavaThread "Cache worker for file content cache (C:\Users\Dmitriy\.gradle\caches\7.2\fileContent)" [_thread_blocked, id=6656, stack(0x00000082b2d00000,0x00000082b2e00000)]
  0x0000027582e55000 JavaThread "Memory manager" [_thread_blocked, id=5020, stack(0x00000082afe00000,0x00000082aff00000)]
  0x0000027582e4e800 JavaThread "pool-3-thread-1" [_thread_blocked, id=9660, stack(0x00000082afd00000,0x00000082afe00000)]
  0x0000027584269800 JavaThread "pool-6-thread-1" [_thread_blocked, id=5300, stack(0x00000082b5a00000,0x00000082b5b00000)]
  0x00000275fafa9800 JavaThread "pool-9-thread-1" [_thread_blocked, id=9112, stack(0x00000082b5c00000,0x00000082b5d00000)]
  0x000002758426a800 JavaThread "pool-12-thread-1" [_thread_blocked, id=10212, stack(0x00000082b5800000,0x00000082b5900000)]
  0x0000027582e4d800 JavaThread "pool-15-thread-1" [_thread_blocked, id=11692, stack(0x00000082b5b00000,0x00000082b5c00000)]
  0x000002758426c000 JavaThread "pool-18-thread-1" [_thread_blocked, id=8032, stack(0x00000082b5700000,0x00000082b5800000)]
  0x0000027582e50800 JavaThread "pool-21-thread-1" [_thread_blocked, id=1800, stack(0x00000082b5d00000,0x00000082b5e00000)]
  0x0000027582e52800 JavaThread "pool-24-thread-1" [_thread_blocked, id=6252, stack(0x00000082b5f00000,0x00000082b6000000)]
  0x00000275fafab800 JavaThread "pool-27-thread-1" [_thread_blocked, id=344, stack(0x00000082b6100000,0x00000082b6200000)]
  0x000002758426b800 JavaThread "Daemon Thread 4" [_thread_blocked, id=2420, stack(0x00000082aff00000,0x00000082b0000000)]
  0x0000027584268000 JavaThread "Daemon worker Thread 4" [_thread_blocked, id=4660, stack(0x00000082b1800000,0x00000082b1900000)]
  0x0000027582e50000 JavaThread "pool-30-thread-1" [_thread_blocked, id=11820, stack(0x00000082b5900000,0x00000082b5a00000)]
  0x0000027584274800 JavaThread "pool-33-thread-1" [_thread_blocked, id=11972, stack(0x00000082b6200000,0x00000082b6300000)]
  0x0000027584265800 JavaThread "Handler for socket connection from /127.0.0.1:51662 to /127.0.0.1:52255" [_thread_in_native, id=6460, stack(0x00000082b1600000,0x00000082b1700000)]
  0x000002758426f800 JavaThread "Cancel handler" [_thread_blocked, id=10732, stack(0x00000082b1700000,0x00000082b1800000)]
  0x0000027584272000 JavaThread "Asynchronous log dispatcher for DefaultDaemonConnection: socket connection from /127.0.0.1:51662 to /127.0.0.1:52255" [_thread_blocked, id=1256, stack(0x00000082b1900000,0x00000082b1a00000)]
  0x0000027584272800 JavaThread "Stdin handler" [_thread_blocked, id=224, stack(0x00000082b1a00000,0x00000082b1b00000)]
  0x0000027584270000 JavaThread "Daemon client event forwarder" [_thread_blocked, id=6192, stack(0x00000082b1b00000,0x00000082b1c00000)]
  0x0000027584271000 JavaThread "Cache worker for file hash cache (E:\Programming\Quiz\.gradle\7.2\fileHashes)" [_thread_blocked, id=10528, stack(0x00000082b1c00000,0x00000082b1d00000)]
  0x0000027584273800 JavaThread "Cache worker for checksums cache (E:\Programming\Quiz\.gradle\checksums)" [_thread_blocked, id=8800, stack(0x00000082b2200000,0x00000082b2300000)]
  0x000002758426e000 JavaThread "Cache worker for cache directory md-supplier (C:\Users\Dmitriy\.gradle\caches\7.2\md-supplier)" [_thread_blocked, id=12128, stack(0x00000082b2800000,0x00000082b2900000)]
  0x000002758426e800 JavaThread "Cache worker for cache directory md-rule (C:\Users\Dmitriy\.gradle\caches\7.2\md-rule)" [_thread_blocked, id=6572, stack(0x00000082b2900000,0x00000082b2a00000)]
  0x0000027582ccf000 JavaThread "Cache worker for dependencies-accessors (E:\Programming\Quiz\.gradle\7.2\dependencies-accessors)" [_thread_blocked, id=7960, stack(0x00000082b2a00000,0x00000082b2b00000)]
  0x0000027582ccc000 JavaThread "Cache worker for Build Output Cleanup Cache (E:\Programming\Quiz\.gradle\buildOutputCleanup)" [_thread_blocked, id=4048, stack(0x00000082b2b00000,0x00000082b2c00000)]
  0x0000027582ccc800 JavaThread "Unconstrained build operations" [_thread_blocked, id=6556, stack(0x00000082b2f00000,0x00000082b3000000)]
  0x0000027582ccd800 JavaThread "Unconstrained build operations Thread 2" [_thread_blocked, id=10468, stack(0x00000082b3000000,0x00000082b3100000)]
  0x0000027582cd1000 JavaThread "Unconstrained build operations Thread 3" [_thread_blocked, id=8632, stack(0x00000082b3100000,0x00000082b3200000)]
  0x0000027582cd0000 JavaThread "Unconstrained build operations Thread 4" [_thread_blocked, id=3756, stack(0x00000082b3200000,0x00000082b3300000)]
  0x0000027582ccb000 JavaThread "Unconstrained build operations Thread 5" [_thread_blocked, id=6092, stack(0x00000082b3300000,0x00000082b3400000)]
  0x0000027582cd6800 JavaThread "Unconstrained build operations Thread 6" [_thread_blocked, id=780, stack(0x00000082b3400000,0x00000082b3500000)]
  0x0000027582cd5000 JavaThread "Unconstrained build operations Thread 7" [_thread_blocked, id=3092, stack(0x00000082b3500000,0x00000082b3600000)]
  0x0000027582cd1800 JavaThread "Unconstrained build operations Thread 8" [_thread_blocked, id=7224, stack(0x00000082b3600000,0x00000082b3700000)]
  0x0000027582cd5800 JavaThread "Unconstrained build operations Thread 9" [_thread_blocked, id=3376, stack(0x00000082b3700000,0x00000082b3800000)]
  0x0000027582cd7800 JavaThread "Unconstrained build operations Thread 10" [_thread_blocked, id=4248, stack(0x00000082b3800000,0x00000082b3900000)]
  0x0000027582cd8000 JavaThread "Unconstrained build operations Thread 11" [_thread_blocked, id=10648, stack(0x00000082b3900000,0x00000082b3a00000)]
  0x0000027582cd4000 JavaThread "Unconstrained build operations Thread 12" [_thread_blocked, id=9524, stack(0x00000082b3a00000,0x00000082b3b00000)]
  0x0000027582cd2800 JavaThread "Unconstrained build operations Thread 13" [_thread_blocked, id=2608, stack(0x00000082b3b00000,0x00000082b3c00000)]
  0x0000027582cd9000 JavaThread "Unconstrained build operations Thread 14" [_thread_blocked, id=9076, stack(0x00000082b3c00000,0x00000082b3d00000)]
  0x0000027582cd3800 JavaThread "Unconstrained build operations Thread 15" [_thread_blocked, id=2948, stack(0x00000082b3d00000,0x00000082b3e00000)]
  0x00000275fdd47000 JavaThread "Unconstrained build operations Thread 16" [_thread_blocked, id=9236, stack(0x00000082b3e00000,0x00000082b3f00000)]
  0x00000275fdd49800 JavaThread "Unconstrained build operations Thread 17" [_thread_blocked, id=11832, stack(0x00000082b3f00000,0x00000082b4000000)]
  0x00000275fdd48800 JavaThread "Unconstrained build operations Thread 18" [_thread_blocked, id=2200, stack(0x00000082b4000000,0x00000082b4100000)]
  0x00000275fdd44800 JavaThread "Unconstrained build operations Thread 19" [_thread_blocked, id=7412, stack(0x00000082b4100000,0x00000082b4200000)]
  0x00000275fdd43800 JavaThread "Unconstrained build operations Thread 20" [_thread_blocked, id=5788, stack(0x00000082b4200000,0x00000082b4300000)]
  0x00000275fdd4a800 JavaThread "Unconstrained build operations Thread 21" [_thread_blocked, id=10352, stack(0x00000082b4300000,0x00000082b4400000)]
  0x00000275fdd4b000 JavaThread "Unconstrained build operations Thread 22" [_thread_blocked, id=9868, stack(0x00000082b4400000,0x00000082b4500000)]
  0x00000275fdd45800 JavaThread "Unconstrained build operations Thread 23" [_thread_blocked, id=7268, stack(0x00000082b4500000,0x00000082b4600000)]
  0x00000275fdd50000 JavaThread "Unconstrained build operations Thread 24" [_thread_blocked, id=8028, stack(0x00000082b4600000,0x00000082b4700000)]
  0x00000275fdd4d800 JavaThread "Unconstrained build operations Thread 25" [_thread_blocked, id=12116, stack(0x00000082b4700000,0x00000082b4800000)]
  0x00000275fdd4c800 JavaThread "Unconstrained build operations Thread 26" [_thread_blocked, id=6668, stack(0x00000082b4800000,0x00000082b4900000)]
  0x00000275fdd4f000 JavaThread "Unconstrained build operations Thread 27" [_thread_blocked, id=8084, stack(0x00000082b4900000,0x00000082b4a00000)]
  0x00000275fdd51000 JavaThread "Unconstrained build operations Thread 28" [_thread_blocked, id=11908, stack(0x00000082b4a00000,0x00000082b4b00000)]
  0x00000275fdd51800 JavaThread "Unconstrained build operations Thread 29" [_thread_blocked, id=6000, stack(0x00000082b4b00000,0x00000082b4c00000)]
  0x00000275fdd4c000 JavaThread "Unconstrained build operations Thread 30" [_thread_blocked, id=11024, stack(0x00000082b4c00000,0x00000082b4d00000)]
  0x00000275fdd52800 JavaThread "Unconstrained build operations Thread 31" [_thread_blocked, id=992, stack(0x00000082b4d00000,0x00000082b4e00000)]
  0x00000275fdd4e800 JavaThread "Unconstrained build operations Thread 32" [_thread_blocked, id=2896, stack(0x00000082b4e00000,0x00000082b4f00000)]
  0x0000027582e47000 JavaThread "Unconstrained build operations Thread 33" [_thread_blocked, id=4852, stack(0x00000082b4f00000,0x00000082b5000000)]
  0x0000027582e49800 JavaThread "Unconstrained build operations Thread 34" [_thread_blocked, id=3840, stack(0x00000082b5000000,0x00000082b5100000)]
  0x0000027582e47800 JavaThread "Unconstrained build operations Thread 35" [_thread_blocked, id=6104, stack(0x00000082b5100000,0x00000082b5200000)]
  0x0000027582e4b000 JavaThread "Unconstrained build operations Thread 36" [_thread_blocked, id=4044, stack(0x00000082b5200000,0x00000082b5300000)]
  0x0000027582e4a000 JavaThread "Unconstrained build operations Thread 37" [_thread_blocked, id=2544, stack(0x00000082b5300000,0x00000082b5400000)]
  0x0000027582e4c800 JavaThread "Unconstrained build operations Thread 38" [_thread_blocked, id=2336, stack(0x00000082b5400000,0x00000082b5500000)]
  0x0000027582e48800 JavaThread "Unconstrained build operations Thread 39" [_thread_blocked, id=10624, stack(0x00000082b5500000,0x00000082b5600000)]
  0x0000027582e51800 JavaThread "Unconstrained build operations Thread 40" [_thread_blocked, id=11792, stack(0x00000082b5600000,0x00000082b5700000)]
  0x0000027582e54000 JavaThread "build event listener" [_thread_blocked, id=9040, stack(0x00000082b6000000,0x00000082b6100000)]
  0x0000027582e4f000 JavaThread "pool-36-thread-1" [_thread_blocked, id=6408, stack(0x00000082b6300000,0x00000082b6400000)]
  0x0000027582e55800 JavaThread "build event listener" [_thread_blocked, id=32, stack(0x00000082b6400000,0x00000082b6500000)]
  0x00000275faf9d800 JavaThread "Execution worker for ':'" [_thread_blocked, id=6380, stack(0x00000082b6500000,0x00000082b6600000)]
  0x00000275faf9f000 JavaThread "Execution worker for ':' Thread 2" [_thread_blocked, id=11556, stack(0x00000082b6600000,0x00000082b6700000)]
  0x00000275fafa4000 JavaThread "Execution worker for ':' Thread 3" [_thread_blocked, id=11992, stack(0x00000082b6700000,0x00000082b6800000)]
  0x00000275fafa7800 JavaThread "Cache worker for execution history cache (E:\Programming\Quiz\.gradle\7.2\executionHistory)" [_thread_blocked, id=11104, stack(0x00000082b6800000,0x00000082b6900000)]
  0x00000275fafa2800 JavaThread "WorkerExecutor Queue" [_thread_blocked, id=6160, stack(0x00000082b6900000,0x00000082b6a00000)]
  0x00000275fafaa800 JavaThread "WorkerExecutor Queue Thread 2" [_thread_blocked, id=11072, stack(0x00000082b6a00000,0x00000082b6b00000)]
  0x00000275fafac000 JavaThread "WorkerExecutor Queue Thread 3" [_thread_blocked, id=1768, stack(0x00000082b6b00000,0x00000082b6c00000)]
  0x00000275fafa9000 JavaThread "WorkerExecutor Queue Thread 4" [_thread_blocked, id=6232, stack(0x00000082b6c00000,0x00000082b6d00000)]
  0x00000275fc771000 JavaThread "C2 CompilerThread1" daemon [_thread_in_native, id=7136, stack(0x00000082b2e00000,0x00000082b2f00000)]

Other Threads:
=>0x00000275fa204800 VMThread "VM Thread" [stack: 0x00000082b0600000,0x00000082b0700000] [id=8404]
  0x00000275fa3d6000 WatcherThread [stack: 0x00000082b1000000,0x00000082b1100000] [id=7840]
  0x00000275dde78000 GCTaskThread "GC Thread#0" [stack: 0x00000082b0100000,0x00000082b0200000] [id=3400]
  0x00000275fab94800 GCTaskThread "GC Thread#1" [stack: 0x00000082b1200000,0x00000082b1300000] [id=2120]
  0x00000275faf19800 GCTaskThread "GC Thread#2" [stack: 0x00000082b1300000,0x00000082b1400000] [id=5092]
  0x00000275fcdbc800 GCTaskThread "GC Thread#3" [stack: 0x00000082b1e00000,0x00000082b1f00000] [id=10724]
  0x00000275ddea8800 ConcurrentGCThread "G1 Main Marker" [stack: 0x00000082b0200000,0x00000082b0300000] [id=9404]
  0x00000275ddeaa000 ConcurrentGCThread "G1 Conc#0" [stack: 0x00000082b0300000,0x00000082b0400000] [id=11836]
  0x00000275f983c800 ConcurrentGCThread "G1 Refine#0" [stack: 0x00000082b0400000,0x00000082b0500000] [id=2712]
  0x00000275f983d000 ConcurrentGCThread "G1 Young RemSet Sampling" [stack: 0x00000082b0500000,0x00000082b0600000] [id=8264]

Threads with active compile tasks:
C2 CompilerThread0 803524 31972       4       com.android.tools.r8.internal.y81::a (282 bytes)
C2 CompilerThread1 803524 31854       4       com.android.tools.r8.internal.qe1::a (455 bytes)

VM state:at safepoint (normal execution)

VM Mutex/Monitor currently owned by a thread:  ([mutex/lock_event])
[0x00000275dde5d870] Threads_lock - owner thread: 0x00000275fa204800
[0x00000275dde5d7e0] Heap_lock - owner thread: 0x00000275fdd4a800

Heap address: 0x0000000080000000, size: 2048 MB, Compressed Oops mode: 32-bit
Narrow klass base: 0x0000000000000000, Narrow klass shift: 3
Compressed class space size: 1073741824 Address: 0x0000000100000000

Heap:
 garbage-first heap   total 328704K, used 180539K [0x0000000080000000, 0x0000000100000000)
  region size 1024K, 3 young (3072K), 3 survivors (3072K)
 Metaspace       used 158087K, capacity 163510K, committed 163840K, reserved 1191936K
  class space    used 19174K, capacity 21107K, committed 21248K, reserved 1048576K
Heap Regions: E=young(eden), S=young(survivor), O=old, HS=humongous(starts), HC=humongous(continues), CS=collection set, F=free, A=archive, TAMS=top-at-mark-start (previous, next)
|   0|0x0000000080000000, 0x0000000080100000, 0x0000000080100000|100%| O|  |TAMS 0x0000000080100000, 0x0000000080000000| Updating 
|   1|0x0000000080100000, 0x0000000080200000, 0x0000000080200000|100%| O|  |TAMS 0x0000000080200000, 0x0000000080100000| Updating 
|   2|0x0000000080200000, 0x0000000080300000, 0x0000000080300000|100%| O|  |TAMS 0x0000000080300000, 0x0000000080200000| Updating 
|   3|0x0000000080300000, 0x0000000080400000, 0x0000000080400000|100%|HS|  |TAMS 0x0000000080400000, 0x0000000080300000| Complete 
|   4|0x0000000080400000, 0x0000000080500000, 0x0000000080500000|100%|HC|  |TAMS 0x0000000080500000, 0x0000000080400000| Complete 
|   5|0x0000000080500000, 0x0000000080600000, 0x0000000080600000|100%|HC|  |TAMS 0x0000000080600000, 0x0000000080500000| Complete 
|   6|0x0000000080600000, 0x0000000080700000, 0x0000000080700000|100%| O|  |TAMS 0x0000000080700000, 0x0000000080600000| Updating 
|   7|0x0000000080700000, 0x0000000080800000, 0x0000000080800000|100%| O|  |TAMS 0x0000000080800000, 0x0000000080700000| Updating 
|   8|0x0000000080800000, 0x0000000080900000, 0x0000000080900000|100%| O|  |TAMS 0x0000000080900000, 0x0000000080800000| Updating 
|   9|0x0000000080900000, 0x0000000080a00000, 0x0000000080a00000|100%| O|  |TAMS 0x0000000080a00000, 0x0000000080900000| Updating 
|  10|0x0000000080a00000, 0x0000000080b00000, 0x0000000080b00000|100%| O|  |TAMS 0x0000000080b00000, 0x0000000080a00000| Updating 
|  11|0x0000000080b00000, 0x0000000080c00000, 0x0000000080c00000|100%| O|  |TAMS 0x0000000080c00000, 0x0000000080b00000| Updating 
|  12|0x0000000080c00000, 0x0000000080d00000, 0x0000000080d00000|100%| O|  |TAMS 0x0000000080d00000, 0x0000000080c00000| Updating 
|  13|0x0000000080d00000, 0x0000000080e00000, 0x0000000080e00000|100%| O|  |TAMS 0x0000000080e00000, 0x0000000080d00000| Updating 
|  14|0x0000000080e00000, 0x0000000080f00000, 0x0000000080f00000|100%| O|  |TAMS 0x0000000080f00000, 0x0000000080e00000| Updating 
|  15|0x0000000080f00000, 0x0000000081000000, 0x0000000081000000|100%| O|  |TAMS 0x0000000081000000, 0x0000000080f00000| Updating 
|  16|0x0000000081000000, 0x0000000081100000, 0x0000000081100000|100%|HS|  |TAMS 0x0000000081100000, 0x0000000081000000| Complete 
|  17|0x0000000081100000, 0x0000000081200000, 0x0000000081200000|100%|HC|  |TAMS 0x0000000081200000, 0x0000000081100000| Complete 
|  18|0x0000000081200000, 0x0000000081300000, 0x0000000081300000|100%|HS|  |TAMS 0x0000000081300000, 0x0000000081200000| Complete 
|  19|0x0000000081300000, 0x0000000081400000, 0x0000000081400000|100%|HC|  |TAMS 0x0000000081400000, 0x0000000081300000| Complete 
|  20|0x0000000081400000, 0x0000000081500000, 0x0000000081500000|100%|HC|  |TAMS 0x0000000081500000, 0x0000000081400000| Complete 
|  21|0x0000000081500000, 0x0000000081600000, 0x0000000081600000|100%|HS|  |TAMS 0x0000000081600000, 0x0000000081500000| Complete 
|  22|0x0000000081600000, 0x0000000081700000, 0x0000000081700000|100%|HC|  |TAMS 0x0000000081700000, 0x0000000081600000| Complete 
|  23|0x0000000081700000, 0x0000000081800000, 0x0000000081800000|100%|HC|  |TAMS 0x0000000081800000, 0x0000000081700000| Complete 
|  24|0x0000000081800000, 0x0000000081900000, 0x0000000081900000|100%|HC|  |TAMS 0x0000000081900000, 0x0000000081800000| Complete 
|  25|0x0000000081900000, 0x0000000081a00000, 0x0000000081a00000|100%| O|  |TAMS 0x0000000081a00000, 0x0000000081900000| Updating 
|  26|0x0000000081a00000, 0x0000000081b00000, 0x0000000081b00000|100%| O|  |TAMS 0x0000000081b00000, 0x0000000081a00000| Updating 
|  27|0x0000000081b00000, 0x0000000081c00000, 0x0000000081c00000|100%| O|  |TAMS 0x0000000081c00000, 0x0000000081b00000| Updating 
|  28|0x0000000081c00000, 0x0000000081d00000, 0x0000000081d00000|100%| O|  |TAMS 0x0000000081d00000, 0x0000000081c00000| Updating 
|  29|0x0000000081d00000, 0x0000000081e00000, 0x0000000081e00000|100%| O|  |TAMS 0x0000000081e00000, 0x0000000081d00000| Updating 
|  30|0x0000000081e00000, 0x0000000081f00000, 0x0000000081f00000|100%| O|  |TAMS 0x0000000081f00000, 0x0000000081e00000| Updating 
|  31|0x0000000081f00000, 0x0000000082000000, 0x0000000082000000|100%| O|  |TAMS 0x0000000082000000, 0x0000000081f00000| Updating 
|  32|0x0000000082000000, 0x0000000082100000, 0x0000000082100000|100%| O|  |TAMS 0x0000000082100000, 0x0000000082000000| Updating 
|  33|0x0000000082100000, 0x0000000082200000, 0x0000000082200000|100%| O|  |TAMS 0x0000000082200000, 0x0000000082100000| Updating 
|  34|0x0000000082200000, 0x0000000082300000, 0x0000000082300000|100%| O|  |TAMS 0x0000000082300000, 0x0000000082200000| Updating 
|  35|0x0000000082300000, 0x0000000082400000, 0x0000000082400000|100%| O|  |TAMS 0x0000000082400000, 0x0000000082300000| Updating 
|  36|0x0000000082400000, 0x0000000082500000, 0x0000000082500000|100%| O|  |TAMS 0x0000000082500000, 0x0000000082400000| Updating 
|  37|0x0000000082500000, 0x0000000082600000, 0x0000000082600000|100%| O|  |TAMS 0x0000000082600000, 0x0000000082500000| Updating 
|  38|0x0000000082600000, 0x0000000082700000, 0x0000000082700000|100%| O|  |TAMS 0x0000000082700000, 0x0000000082600000| Updating 
|  39|0x0000000082700000, 0x0000000082800000, 0x0000000082800000|100%| O|  |TAMS 0x0000000082800000, 0x0000000082700000| Updating 
|  40|0x0000000082800000, 0x0000000082900000, 0x0000000082900000|100%| O|  |TAMS 0x0000000082900000, 0x0000000082800000| Updating 
|  41|0x0000000082900000, 0x0000000082a00000, 0x0000000082a00000|100%| O|  |TAMS 0x0000000082a00000, 0x0000000082900000| Updating 
|  42|0x0000000082a00000, 0x0000000082b00000, 0x0000000082b00000|100%| O|  |TAMS 0x0000000082b00000, 0x0000000082a00000| Updating 
|  43|0x0000000082b00000, 0x0000000082c00000, 0x0000000082c00000|100%|HS|  |TAMS 0x0000000082c00000, 0x0000000082b00000| Complete 
|  44|0x0000000082c00000, 0x0000000082d00000, 0x0000000082d00000|100%|HC|  |TAMS 0x0000000082d00000, 0x0000000082c00000| Complete 
|  45|0x0000000082d00000, 0x0000000082e00000, 0x0000000082e00000|100%| O|  |TAMS 0x0000000082e00000, 0x0000000082d00000| Updating 
|  46|0x0000000082e00000, 0x0000000082f00000, 0x0000000082f00000|100%| O|  |TAMS 0x0000000082f00000, 0x0000000082e00000| Updating 
|  47|0x0000000082f00000, 0x0000000083000000, 0x0000000083000000|100%|HS|  |TAMS 0x0000000083000000, 0x0000000082f00000| Complete 
|  48|0x0000000083000000, 0x0000000083100000, 0x0000000083100000|100%|HC|  |TAMS 0x0000000083100000, 0x0000000083000000| Complete 
|  49|0x0000000083100000, 0x0000000083200000, 0x0000000083200000|100%|HC|  |TAMS 0x0000000083200000, 0x0000000083100000| Complete 
|  50|0x0000000083200000, 0x0000000083300000, 0x0000000083300000|100%|HC|  |TAMS 0x0000000083300000, 0x0000000083200000| Complete 
|  51|0x0000000083300000, 0x0000000083400000, 0x0000000083400000|100%| O|  |TAMS 0x0000000083400000, 0x0000000083300000| Updating 
|  52|0x0000000083400000, 0x0000000083500000, 0x0000000083500000|100%| O|  |TAMS 0x0000000083500000, 0x0000000083400000| Updating 
|  53|0x0000000083500000, 0x0000000083600000, 0x0000000083600000|100%| O|  |TAMS 0x0000000083600000, 0x0000000083500000| Updating 
|  54|0x0000000083600000, 0x0000000083700000, 0x0000000083700000|100%| O|  |TAMS 0x0000000083700000, 0x0000000083600000| Updating 
|  55|0x0000000083700000, 0x0000000083800000, 0x0000000083800000|100%| O|  |TAMS 0x0000000083800000, 0x0000000083700000| Updating 
|  56|0x0000000083800000, 0x0000000083900000, 0x0000000083900000|100%| O|  |TAMS 0x0000000083900000, 0x0000000083800000| Updating 
|  57|0x0000000083900000, 0x0000000083a00000, 0x0000000083a00000|100%| O|  |TAMS 0x0000000083a00000, 0x0000000083900000| Updating 
|  58|0x0000000083a00000, 0x0000000083b00000, 0x0000000083b00000|100%| O|  |TAMS 0x0000000083b00000, 0x0000000083a00000| Updating 
|  59|0x0000000083b00000, 0x0000000083c00000, 0x0000000083c00000|100%|HS|  |TAMS 0x0000000083c00000, 0x0000000083b00000| Complete 
|  60|0x0000000083c00000, 0x0000000083d00000, 0x0000000083d00000|100%|HC|  |TAMS 0x0000000083d00000, 0x0000000083c00000| Complete 
|  61|0x0000000083d00000, 0x0000000083e00000, 0x0000000083e00000|100%|HC|  |TAMS 0x0000000083e00000, 0x0000000083d00000| Complete 
|  62|0x0000000083e00000, 0x0000000083f00000, 0x0000000083f00000|100%| O|  |TAMS 0x0000000083f00000, 0x0000000083e00000| Updating 
|  63|0x0000000083f00000, 0x0000000084000000, 0x0000000084000000|100%| O|  |TAMS 0x0000000084000000, 0x0000000083f00000| Updating 
|  64|0x0000000084000000, 0x0000000084100000, 0x0000000084100000|100%| O|  |TAMS 0x0000000084100000, 0x0000000084000000| Updating 
|  65|0x0000000084100000, 0x0000000084200000, 0x0000000084200000|100%| O|  |TAMS 0x0000000084200000, 0x0000000084100000| Updating 
|  66|0x0000000084200000, 0x0000000084300000, 0x0000000084300000|100%| O|  |TAMS 0x0000000084300000, 0x0000000084200000| Updating 
|  67|0x0000000084300000, 0x0000000084400000, 0x0000000084400000|100%| O|  |TAMS 0x0000000084400000, 0x0000000084300000| Updating 
|  68|0x0000000084400000, 0x0000000084500000, 0x0000000084500000|100%|HS|  |TAMS 0x0000000084500000, 0x0000000084400000| Complete 
|  69|0x0000000084500000, 0x0000000084600000, 0x0000000084600000|100%|HS|  |TAMS 0x0000000084600000, 0x0000000084500000| Complete 
|  70|0x0000000084600000, 0x0000000084700000, 0x0000000084700000|100%|HS|  |TAMS 0x0000000084700000, 0x0000000084600000| Complete 
|  71|0x0000000084700000, 0x0000000084800000, 0x0000000084800000|100%| O|  |TAMS 0x0000000084800000, 0x0000000084700000| Updating 
|  72|0x0000000084800000, 0x0000000084900000, 0x0000000084900000|100%| O|  |TAMS 0x0000000084900000, 0x0000000084800000| Updating 
|  73|0x0000000084900000, 0x0000000084a00000, 0x0000000084a00000|100%| O|  |TAMS 0x0000000084a00000, 0x0000000084900000| Updating 
|  74|0x0000000084a00000, 0x0000000084b00000, 0x0000000084b00000|100%| O|  |TAMS 0x0000000084b00000, 0x0000000084a00000| Updating 
|  75|0x0000000084b00000, 0x0000000084c00000, 0x0000000084c00000|100%| O|  |TAMS 0x0000000084c00000, 0x0000000084b00000| Updating 
|  76|0x0000000084c00000, 0x0000000084d00000, 0x0000000084d00000|100%| O|  |TAMS 0x0000000084d00000, 0x0000000084c00000| Updating 
|  77|0x0000000084d00000, 0x0000000084e00000, 0x0000000084e00000|100%|HS|  |TAMS 0x0000000084e00000, 0x0000000084d00000| Complete 
|  78|0x0000000084e00000, 0x0000000084f00000, 0x0000000084f00000|100%|HC|  |TAMS 0x0000000084f00000, 0x0000000084e00000| Complete 
|  79|0x0000000084f00000, 0x0000000085000000, 0x0000000085000000|100%| O|  |TAMS 0x0000000085000000, 0x0000000084f00000| Updating 
|  80|0x0000000085000000, 0x0000000085100000, 0x0000000085100000|100%|HS|  |TAMS 0x0000000085100000, 0x0000000085000000| Complete 
|  81|0x0000000085100000, 0x0000000085200000, 0x0000000085200000|100%|HC|  |TAMS 0x0000000085200000, 0x0000000085100000| Complete 
|  82|0x0000000085200000, 0x0000000085300000, 0x0000000085300000|100%|HC|  |TAMS 0x0000000085300000, 0x0000000085200000| Complete 
|  83|0x0000000085300000, 0x0000000085400000, 0x0000000085400000|100%|HS|  |TAMS 0x0000000085400000, 0x0000000085300000| Complete 
|  84|0x0000000085400000, 0x0000000085500000, 0x0000000085500000|100%|HC|  |TAMS 0x0000000085500000, 0x0000000085400000| Complete 
|  85|0x0000000085500000, 0x0000000085600000, 0x0000000085600000|100%|HC|  |TAMS 0x0000000085600000, 0x0000000085500000| Complete 
|  86|0x0000000085600000, 0x0000000085700000, 0x0000000085700000|100%|HC|  |TAMS 0x0000000085700000, 0x0000000085600000| Complete 
|  87|0x0000000085700000, 0x0000000085800000, 0x0000000085800000|100%| O|  |TAMS 0x0000000085800000, 0x0000000085700000| Updating 
|  88|0x0000000085800000, 0x0000000085900000, 0x0000000085900000|100%| O|  |TAMS 0x0000000085900000, 0x0000000085800000| Updating 
|  89|0x0000000085900000, 0x0000000085a00000, 0x0000000085a00000|100%| O|  |TAMS 0x0000000085a00000, 0x0000000085900000| Updating 
|  90|0x0000000085a00000, 0x0000000085b00000, 0x0000000085b00000|100%| O|  |TAMS 0x0000000085b00000, 0x0000000085a00000| Updating 
|  91|0x0000000085b00000, 0x0000000085c00000, 0x0000000085c00000|100%| O|  |TAMS 0x0000000085c00000, 0x0000000085b00000| Updating 
|  92|0x0000000085c00000, 0x0000000085d00000, 0x0000000085d00000|100%| O|  |TAMS 0x0000000085d00000, 0x0000000085c00000| Updating 
|  93|0x0000000085d00000, 0x0000000085e00000, 0x0000000085e00000|100%| O|  |TAMS 0x0000000085e00000, 0x0000000085d00000| Updating 
|  94|0x0000000085e00000, 0x0000000085f00000, 0x0000000085f00000|100%| O|  |TAMS 0x0000000085f00000, 0x0000000085e00000| Updating 
|  95|0x0000000085f00000, 0x0000000086000000, 0x0000000086000000|100%| O|  |TAMS 0x0000000086000000, 0x0000000085f00000| Updating 
|  96|0x0000000086000000, 0x0000000086100000, 0x0000000086100000|100%| O|  |TAMS 0x0000000086100000, 0x0000000086000000| Updating 
|  97|0x0000000086100000, 0x0000000086200000, 0x0000000086200000|100%| O|  |TAMS 0x0000000086200000, 0x0000000086100000| Updating 
|  98|0x0000000086200000, 0x0000000086300000, 0x0000000086300000|100%| O|  |TAMS 0x0000000086300000, 0x0000000086200000| Updating 
|  99|0x0000000086300000, 0x0000000086400000, 0x0000000086400000|100%| O|  |TAMS 0x0000000086400000, 0x0000000086300000| Updating 
| 100|0x0000000086400000, 0x0000000086500000, 0x0000000086500000|100%| O|  |TAMS 0x0000000086500000, 0x0000000086400000| Updating 
| 101|0x0000000086500000, 0x0000000086600000, 0x0000000086600000|100%| O|  |TAMS 0x0000000086600000, 0x0000000086500000| Updating 
| 102|0x0000000086600000, 0x0000000086700000, 0x0000000086700000|100%| O|  |TAMS 0x0000000086700000, 0x0000000086600000| Updating 
| 103|0x0000000086700000, 0x0000000086800000, 0x0000000086800000|100%| O|  |TAMS 0x0000000086800000, 0x0000000086700000| Updating 
| 104|0x0000000086800000, 0x0000000086900000, 0x0000000086900000|100%| O|  |TAMS 0x0000000086900000, 0x0000000086800000| Updating 
| 105|0x0000000086900000, 0x0000000086a00000, 0x0000000086a00000|100%| O|  |TAMS 0x0000000086a00000, 0x0000000086900000| Updating 
| 106|0x0000000086a00000, 0x0000000086b00000, 0x0000000086b00000|100%| O|  |TAMS 0x0000000086b00000, 0x0000000086a00000| Updating 
| 107|0x0000000086b00000, 0x0000000086c00000, 0x0000000086c00000|100%| O|  |TAMS 0x0000000086c00000, 0x0000000086b00000| Updating 
| 108|0x0000000086c00000, 0x0000000086d00000, 0x0000000086d00000|100%| O|  |TAMS 0x0000000086d00000, 0x0000000086c00000| Updating 
| 109|0x0000000086d00000, 0x0000000086e00000, 0x0000000086e00000|100%| O|  |TAMS 0x0000000086e00000, 0x0000000086d00000| Updating 
| 110|0x0000000086e00000, 0x0000000086f00000, 0x0000000086f00000|100%| O|  |TAMS 0x0000000086f00000, 0x0000000086e00000| Updating 
| 111|0x0000000086f00000, 0x0000000087000000, 0x0000000087000000|100%| O|  |TAMS 0x0000000087000000, 0x0000000086f00000| Updating 
| 112|0x0000000087000000, 0x0000000087100000, 0x0000000087100000|100%| O|  |TAMS 0x0000000087100000, 0x0000000087000000| Updating 
| 113|0x0000000087100000, 0x0000000087200000, 0x0000000087200000|100%| O|  |TAMS 0x0000000087200000, 0x0000000087100000| Updating 
| 114|0x0000000087200000, 0x0000000087300000, 0x0000000087300000|100%| O|  |TAMS 0x0000000087300000, 0x0000000087200000| Updating 
| 115|0x0000000087300000, 0x0000000087400000, 0x0000000087400000|100%| O|  |TAMS 0x0000000087400000, 0x0000000087300000| Updating 
| 116|0x0000000087400000, 0x0000000087500000, 0x0000000087500000|100%| O|  |TAMS 0x0000000087500000, 0x0000000087400000| Updating 
| 117|0x0000000087500000, 0x0000000087600000, 0x0000000087600000|100%| O|  |TAMS 0x0000000087600000, 0x0000000087500000| Updating 
| 118|0x0000000087600000, 0x0000000087700000, 0x0000000087700000|100%| O|  |TAMS 0x0000000087700000, 0x0000000087600000| Updating 
| 119|0x0000000087700000, 0x0000000087800000, 0x0000000087800000|100%| O|  |TAMS 0x0000000087800000, 0x0000000087700000| Updating 
| 120|0x0000000087800000, 0x0000000087900000, 0x0000000087900000|100%| O|  |TAMS 0x0000000087900000, 0x0000000087800000| Updating 
| 121|0x0000000087900000, 0x0000000087a00000, 0x0000000087a00000|100%| O|  |TAMS 0x0000000087a00000, 0x0000000087900000| Updating 
| 122|0x0000000087a00000, 0x0000000087b00000, 0x0000000087b00000|100%| O|  |TAMS 0x0000000087b00000, 0x0000000087a00000| Updating 
| 123|0x0000000087b00000, 0x0000000087c00000, 0x0000000087c00000|100%| O|  |TAMS 0x0000000087c00000, 0x0000000087b00000| Updating 
| 124|0x0000000087c00000, 0x0000000087d00000, 0x0000000087d00000|100%| O|  |TAMS 0x0000000087d00000, 0x0000000087c00000| Updating 
| 125|0x0000000087d00000, 0x0000000087e00000, 0x0000000087e00000|100%| O|  |TAMS 0x0000000087e00000, 0x0000000087d00000| Updating 
| 126|0x0000000087e00000, 0x0000000087f00000, 0x0000000087f00000|100%| O|  |TAMS 0x0000000087f00000, 0x0000000087e00000| Updating 
| 127|0x0000000087f00000, 0x0000000088000000, 0x0000000088000000|100%| O|  |TAMS 0x0000000088000000, 0x0000000087f00000| Updating 
| 128|0x0000000088000000, 0x0000000088100000, 0x0000000088100000|100%| O|  |TAMS 0x0000000088100000, 0x0000000088000000| Updating 
| 129|0x0000000088100000, 0x0000000088100000, 0x0000000088200000|  0%| F|  |TAMS 0x0000000088100000, 0x0000000088100000| Untracked 
| 130|0x0000000088200000, 0x0000000088300000, 0x0000000088300000|100%| O|  |TAMS 0x0000000088300000, 0x0000000088200000| Updating 
| 131|0x0000000088300000, 0x0000000088400000, 0x0000000088400000|100%| O|  |TAMS 0x0000000088400000, 0x0000000088300000| Updating 
| 132|0x0000000088400000, 0x0000000088500000, 0x0000000088500000|100%| O|  |TAMS 0x0000000088500000, 0x0000000088400000| Updating 
| 133|0x0000000088500000, 0x0000000088600000, 0x0000000088600000|100%| O|  |TAMS 0x0000000088600000, 0x0000000088500000| Updating 
| 134|0x0000000088600000, 0x0000000088700000, 0x0000000088700000|100%| O|  |TAMS 0x0000000088700000, 0x0000000088600000| Updating 
| 135|0x0000000088700000, 0x0000000088800000, 0x0000000088800000|100%| O|  |TAMS 0x0000000088800000, 0x0000000088700000| Updating 
| 136|0x0000000088800000, 0x0000000088900000, 0x0000000088900000|100%| O|  |TAMS 0x0000000088900000, 0x0000000088800000| Updating 
| 137|0x0000000088900000, 0x0000000088a00000, 0x0000000088a00000|100%| O|  |TAMS 0x0000000088a00000, 0x0000000088900000| Updating 
| 138|0x0000000088a00000, 0x0000000088b00000, 0x0000000088b00000|100%| O|  |TAMS 0x0000000088b00000, 0x0000000088a00000| Updating 
| 139|0x0000000088b00000, 0x0000000088c00000, 0x0000000088c00000|100%| O|  |TAMS 0x0000000088c00000, 0x0000000088b00000| Updating 
| 140|0x0000000088c00000, 0x0000000088d00000, 0x0000000088d00000|100%| O|  |TAMS 0x0000000088d00000, 0x0000000088c00000| Updating 
| 141|0x0000000088d00000, 0x0000000088d00000, 0x0000000088e00000|  0%| F|  |TAMS 0x0000000088d00000, 0x0000000088d00000| Untracked 
| 142|0x0000000088e00000, 0x0000000088f00000, 0x0000000088f00000|100%| O|  |TAMS 0x0000000088f00000, 0x0000000088e00000| Updating 
| 143|0x0000000088f00000, 0x0000000089000000, 0x0000000089000000|100%| O|  |TAMS 0x0000000089000000, 0x0000000088f00000| Updating 
| 144|0x0000000089000000, 0x0000000089100000, 0x0000000089100000|100%| O|  |TAMS 0x0000000089100000, 0x0000000089000000| Updating 
| 145|0x0000000089100000, 0x0000000089200000, 0x0000000089200000|100%| O|  |TAMS 0x0000000089200000, 0x0000000089100000| Updating 
| 146|0x0000000089200000, 0x0000000089300000, 0x0000000089300000|100%| O|  |TAMS 0x0000000089300000, 0x0000000089200000| Updating 
| 147|0x0000000089300000, 0x0000000089400000, 0x0000000089400000|100%| O|  |TAMS 0x0000000089400000, 0x0000000089300000| Updating 
| 148|0x0000000089400000, 0x0000000089500000, 0x0000000089500000|100%| O|  |TAMS 0x0000000089500000, 0x0000000089400000| Updating 
| 149|0x0000000089500000, 0x0000000089600000, 0x0000000089600000|100%| O|  |TAMS 0x0000000089600000, 0x0000000089500000| Updating 
| 150|0x0000000089600000, 0x0000000089700000, 0x0000000089700000|100%| O|  |TAMS 0x0000000089700000, 0x0000000089600000| Updating 
| 151|0x0000000089700000, 0x0000000089800000, 0x0000000089800000|100%| O|  |TAMS 0x0000000089800000, 0x0000000089700000| Updating 
| 152|0x0000000089800000, 0x0000000089900000, 0x0000000089900000|100%| O|  |TAMS 0x0000000089900000, 0x0000000089800000| Updating 
| 153|0x0000000089900000, 0x0000000089a00000, 0x0000000089a00000|100%| O|  |TAMS 0x0000000089a00000, 0x0000000089900000| Updating 
| 154|0x0000000089a00000, 0x0000000089b00000, 0x0000000089b00000|100%| O|  |TAMS 0x0000000089b00000, 0x0000000089a00000| Updating 
| 155|0x0000000089b00000, 0x0000000089c00000, 0x0000000089c00000|100%| O|  |TAMS 0x0000000089c00000, 0x0000000089b00000| Updating 
| 156|0x0000000089c00000, 0x0000000089d00000, 0x0000000089d00000|100%| O|  |TAMS 0x0000000089d00000, 0x0000000089c00000| Updating 
| 157|0x0000000089d00000, 0x0000000089e00000, 0x0000000089e00000|100%| O|  |TAMS 0x0000000089e00000, 0x0000000089d00000| Updating 
| 158|0x0000000089e00000, 0x0000000089f00000, 0x0000000089f00000|100%| O|  |TAMS 0x0000000089f00000, 0x0000000089e00000| Updating 
| 159|0x0000000089f00000, 0x000000008a000000, 0x000000008a000000|100%| O|  |TAMS 0x000000008a000000, 0x0000000089f00000| Updating 
| 160|0x000000008a000000, 0x000000008a100000, 0x000000008a100000|100%| O|  |TAMS 0x000000008a100000, 0x000000008a000000| Updating 
| 161|0x000000008a100000, 0x000000008a200000, 0x000000008a200000|100%| O|  |TAMS 0x000000008a200000, 0x000000008a100000| Updating 
| 162|0x000000008a200000, 0x000000008a300000, 0x000000008a300000|100%| O|  |TAMS 0x000000008a300000, 0x000000008a200000| Updating 
| 163|0x000000008a300000, 0x000000008a400000, 0x000000008a400000|100%| O|  |TAMS 0x000000008a400000, 0x000000008a300000| Updating 
| 164|0x000000008a400000, 0x000000008a500000, 0x000000008a500000|100%| O|  |TAMS 0x000000008a500000, 0x000000008a400000| Updating 
| 165|0x000000008a500000, 0x000000008a600000, 0x000000008a600000|100%| O|  |TAMS 0x000000008a600000, 0x000000008a500000| Updating 
| 166|0x000000008a600000, 0x000000008a700000, 0x000000008a700000|100%| O|  |TAMS 0x000000008a700000, 0x000000008a600000| Updating 
| 167|0x000000008a700000, 0x000000008a800000, 0x000000008a800000|100%| O|  |TAMS 0x000000008a800000, 0x000000008a700000| Updating 
| 168|0x000000008a800000, 0x000000008a900000, 0x000000008a900000|100%| O|  |TAMS 0x000000008a900000, 0x000000008a800000| Updating 
| 169|0x000000008a900000, 0x000000008aa00000, 0x000000008aa00000|100%| O|  |TAMS 0x000000008aa00000, 0x000000008a900000| Updating 
| 170|0x000000008aa00000, 0x000000008aa9e600, 0x000000008ab00000| 61%| O|  |TAMS 0x000000008aa9e600, 0x000000008aa00000| Updating 
| 171|0x000000008ab00000, 0x000000008ab00000, 0x000000008ac00000|  0%| F|  |TAMS 0x000000008ab00000, 0x000000008ab00000| Untracked 
| 172|0x000000008ac00000, 0x000000008ac00000, 0x000000008ad00000|  0%| F|  |TAMS 0x000000008ac00000, 0x000000008ac00000| Untracked 
| 173|0x000000008ad00000, 0x000000008ad00000, 0x000000008ae00000|  0%| F|  |TAMS 0x000000008ad00000, 0x000000008ad00000| Untracked 
| 174|0x000000008ae00000, 0x000000008ae00000, 0x000000008af00000|  0%| F|  |TAMS 0x000000008ae00000, 0x000000008ae00000| Untracked 
| 175|0x000000008af00000, 0x000000008b000000, 0x000000008b000000|100%| O|  |TAMS 0x000000008b000000, 0x000000008af00000| Updating 
| 176|0x000000008b000000, 0x000000008b000000, 0x000000008b100000|  0%| F|  |TAMS 0x000000008b000000, 0x000000008b000000| Untracked 
| 177|0x000000008b100000, 0x000000008b200000, 0x000000008b200000|100%| O|  |TAMS 0x000000008b200000, 0x000000008b100000| Updating 
| 178|0x000000008b200000, 0x000000008b300000, 0x000000008b300000|100%| O|  |TAMS 0x000000008b300000, 0x000000008b200000| Updating 
| 179|0x000000008b300000, 0x000000008b400000, 0x000000008b400000|100%| O|  |TAMS 0x000000008b400000, 0x000000008b300000| Updating 
| 180|0x000000008b400000, 0x000000008b500000, 0x000000008b500000|100%| O|  |TAMS 0x000000008b500000, 0x000000008b400000| Updating 
| 181|0x000000008b500000, 0x000000008b500000, 0x000000008b600000|  0%| F|  |TAMS 0x000000008b500000, 0x000000008b500000| Untracked 
| 182|0x000000008b600000, 0x000000008b600000, 0x000000008b700000|  0%| F|  |TAMS 0x000000008b600000, 0x000000008b600000| Untracked 
| 183|0x000000008b700000, 0x000000008b700000, 0x000000008b800000|  0%| F|  |TAMS 0x000000008b700000, 0x000000008b700000| Untracked 
| 184|0x000000008b800000, 0x000000008b800000, 0x000000008b900000|  0%| F|  |TAMS 0x000000008b800000, 0x000000008b800000| Untracked 
| 185|0x000000008b900000, 0x000000008b900000, 0x000000008ba00000|  0%| F|  |TAMS 0x000000008b900000, 0x000000008b900000| Untracked 
| 186|0x000000008ba00000, 0x000000008ba00000, 0x000000008bb00000|  0%| F|  |TAMS 0x000000008ba00000, 0x000000008ba00000| Untracked 
| 187|0x000000008bb00000, 0x000000008bb00000, 0x000000008bc00000|  0%| F|  |TAMS 0x000000008bb00000, 0x000000008bb00000| Untracked 
| 188|0x000000008bc00000, 0x000000008bc00000, 0x000000008bd00000|  0%| F|  |TAMS 0x000000008bc00000, 0x000000008bc00000| Untracked 
| 189|0x000000008bd00000, 0x000000008bd00000, 0x000000008be00000|  0%| F|  |TAMS 0x000000008bd00000, 0x000000008bd00000| Untracked 
| 190|0x000000008be00000, 0x000000008be00000, 0x000000008bf00000|  0%| F|  |TAMS 0x000000008be00000, 0x000000008be00000| Untracked 
| 191|0x000000008bf00000, 0x000000008bf00000, 0x000000008c000000|  0%| F|  |TAMS 0x000000008bf00000, 0x000000008bf00000| Untracked 
| 192|0x000000008c000000, 0x000000008c000000, 0x000000008c100000|  0%| F|  |TAMS 0x000000008c000000, 0x000000008c000000| Untracked 
| 193|0x000000008c100000, 0x000000008c100000, 0x000000008c200000|  0%| F|  |TAMS 0x000000008c100000, 0x000000008c100000| Untracked 
| 194|0x000000008c200000, 0x000000008c200000, 0x000000008c300000|  0%| F|  |TAMS 0x000000008c200000, 0x000000008c200000| Untracked 
| 195|0x000000008c300000, 0x000000008c300000, 0x000000008c400000|  0%| F|  |TAMS 0x000000008c300000, 0x000000008c300000| Untracked 
| 196|0x000000008c400000, 0x000000008c400000, 0x000000008c500000|  0%| F|  |TAMS 0x000000008c400000, 0x000000008c400000| Untracked 
| 197|0x000000008c500000, 0x000000008c500000, 0x000000008c600000|  0%| F|  |TAMS 0x000000008c500000, 0x000000008c500000| Untracked 
| 198|0x000000008c600000, 0x000000008c600000, 0x000000008c700000|  0%| F|  |TAMS 0x000000008c600000, 0x000000008c600000| Untracked 
| 199|0x000000008c700000, 0x000000008c700000, 0x000000008c800000|  0%| F|  |TAMS 0x000000008c700000, 0x000000008c700000| Untracked 
| 200|0x000000008c800000, 0x000000008c800000, 0x000000008c900000|  0%| F|  |TAMS 0x000000008c800000, 0x000000008c800000| Untracked 
| 201|0x000000008c900000, 0x000000008c900000, 0x000000008ca00000|  0%| F|  |TAMS 0x000000008c900000, 0x000000008c900000| Untracked 
| 202|0x000000008ca00000, 0x000000008ca00000, 0x000000008cb00000|  0%| F|  |TAMS 0x000000008ca00000, 0x000000008ca00000| Untracked 
| 203|0x000000008cb00000, 0x000000008cb00000, 0x000000008cc00000|  0%| F|  |TAMS 0x000000008cb00000, 0x000000008cb00000| Untracked 
| 204|0x000000008cc00000, 0x000000008cc00000, 0x000000008cd00000|  0%| F|  |TAMS 0x000000008cc00000, 0x000000008cc00000| Untracked 
| 205|0x000000008cd00000, 0x000000008cd00000, 0x000000008ce00000|  0%| F|  |TAMS 0x000000008cd00000, 0x000000008cd00000| Untracked 
| 206|0x000000008ce00000, 0x000000008ce00000, 0x000000008cf00000|  0%| F|  |TAMS 0x000000008ce00000, 0x000000008ce00000| Untracked 
| 207|0x000000008cf00000, 0x000000008cf00000, 0x000000008d000000|  0%| F|  |TAMS 0x000000008cf00000, 0x000000008cf00000| Untracked 
| 208|0x000000008d000000, 0x000000008d000000, 0x000000008d100000|  0%| F|  |TAMS 0x000000008d000000, 0x000000008d000000| Untracked 
| 209|0x000000008d100000, 0x000000008d100000, 0x000000008d200000|  0%| F|  |TAMS 0x000000008d100000, 0x000000008d100000| Untracked 
| 210|0x000000008d200000, 0x000000008d200000, 0x000000008d300000|  0%| F|  |TAMS 0x000000008d200000, 0x000000008d200000| Untracked 
| 211|0x000000008d300000, 0x000000008d3b0730, 0x000000008d400000| 68%| S|CS|TAMS 0x000000008d300000, 0x000000008d300000| Complete 
| 212|0x000000008d400000, 0x000000008d500000, 0x000000008d500000|100%| S|CS|TAMS 0x000000008d400000, 0x000000008d400000| Complete 
| 213|0x000000008d500000, 0x000000008d500000, 0x000000008d600000|  0%| F|  |TAMS 0x000000008d500000, 0x000000008d500000| Untracked 
| 214|0x000000008d600000, 0x000000008d700000, 0x000000008d700000|100%| S|CS|TAMS 0x000000008d600000, 0x000000008d600000| Complete 
| 215|0x000000008d700000, 0x000000008d700000, 0x000000008d800000|  0%| F|  |TAMS 0x000000008d700000, 0x000000008d700000| Untracked 
| 216|0x000000008d800000, 0x000000008d800000, 0x000000008d900000|  0%| F|  |TAMS 0x000000008d800000, 0x000000008d800000| Untracked 
| 217|0x000000008d900000, 0x000000008d900000, 0x000000008da00000|  0%| F|  |TAMS 0x000000008d900000, 0x000000008d900000| Untracked 
| 218|0x000000008da00000, 0x000000008da00000, 0x000000008db00000|  0%| F|  |TAMS 0x000000008da00000, 0x000000008da00000| Untracked 
| 219|0x000000008db00000, 0x000000008db00000, 0x000000008dc00000|  0%| F|  |TAMS 0x000000008db00000, 0x000000008db00000| Untracked 
| 220|0x000000008dc00000, 0x000000008dc00000, 0x000000008dd00000|  0%| F|  |TAMS 0x000000008dc00000, 0x000000008dc00000| Untracked 
| 221|0x000000008dd00000, 0x000000008dd00000, 0x000000008de00000|  0%| F|  |TAMS 0x000000008dd00000, 0x000000008dd00000| Untracked 
| 222|0x000000008de00000, 0x000000008de00000, 0x000000008df00000|  0%| F|  |TAMS 0x000000008de00000, 0x000000008de00000| Untracked 
| 223|0x000000008df00000, 0x000000008df00000, 0x000000008e000000|  0%| F|  |TAMS 0x000000008df00000, 0x000000008df00000| Untracked 
| 224|0x000000008e000000, 0x000000008e000000, 0x000000008e100000|  0%| F|  |TAMS 0x000000008e000000, 0x000000008e000000| Untracked 
| 225|0x000000008e100000, 0x000000008e100000, 0x000000008e200000|  0%| F|  |TAMS 0x000000008e100000, 0x000000008e100000| Untracked 
| 226|0x000000008e200000, 0x000000008e200000, 0x000000008e300000|  0%| F|  |TAMS 0x000000008e200000, 0x000000008e200000| Untracked 
| 227|0x000000008e300000, 0x000000008e300000, 0x000000008e400000|  0%| F|  |TAMS 0x000000008e300000, 0x000000008e300000| Untracked 
| 228|0x000000008e400000, 0x000000008e400000, 0x000000008e500000|  0%| F|  |TAMS 0x000000008e400000, 0x000000008e400000| Untracked 
| 229|0x000000008e500000, 0x000000008e500000, 0x000000008e600000|  0%| F|  |TAMS 0x000000008e500000, 0x000000008e500000| Untracked 
| 230|0x000000008e600000, 0x000000008e600000, 0x000000008e700000|  0%| F|  |TAMS 0x000000008e600000, 0x000000008e600000| Untracked 
| 231|0x000000008e700000, 0x000000008e700000, 0x000000008e800000|  0%| F|  |TAMS 0x000000008e700000, 0x000000008e700000| Untracked 
| 232|0x000000008e800000, 0x000000008e800000, 0x000000008e900000|  0%| F|  |TAMS 0x000000008e800000, 0x000000008e800000| Untracked 
| 233|0x000000008e900000, 0x000000008e900000, 0x000000008ea00000|  0%| F|  |TAMS 0x000000008e900000, 0x000000008e900000| Untracked 
| 234|0x000000008ea00000, 0x000000008ea00000, 0x000000008eb00000|  0%| F|  |TAMS 0x000000008ea00000, 0x000000008ea00000| Untracked 
| 235|0x000000008eb00000, 0x000000008eb00000, 0x000000008ec00000|  0%| F|  |TAMS 0x000000008eb00000, 0x000000008eb00000| Untracked 
| 236|0x000000008ec00000, 0x000000008ec00000, 0x000000008ed00000|  0%| F|  |TAMS 0x000000008ec00000, 0x000000008ec00000| Untracked 
| 237|0x000000008ed00000, 0x000000008ed00000, 0x000000008ee00000|  0%| F|  |TAMS 0x000000008ed00000, 0x000000008ed00000| Untracked 
| 238|0x000000008ee00000, 0x000000008ee00000, 0x000000008ef00000|  0%| F|  |TAMS 0x000000008ee00000, 0x000000008ee00000| Untracked 
| 239|0x000000008ef00000, 0x000000008ef00000, 0x000000008f000000|  0%| F|  |TAMS 0x000000008ef00000, 0x000000008ef00000| Untracked 
| 240|0x000000008f000000, 0x000000008f000000, 0x000000008f100000|  0%| F|  |TAMS 0x000000008f000000, 0x000000008f000000| Untracked 
| 241|0x000000008f100000, 0x000000008f100000, 0x000000008f200000|  0%| F|  |TAMS 0x000000008f100000, 0x000000008f100000| Untracked 
| 242|0x000000008f200000, 0x000000008f200000, 0x000000008f300000|  0%| F|  |TAMS 0x000000008f200000, 0x000000008f200000| Untracked 
| 243|0x000000008f300000, 0x000000008f300000, 0x000000008f400000|  0%| F|  |TAMS 0x000000008f300000, 0x000000008f300000| Untracked 
| 244|0x000000008f400000, 0x000000008f400000, 0x000000008f500000|  0%| F|  |TAMS 0x000000008f400000, 0x000000008f400000| Untracked 
| 245|0x000000008f500000, 0x000000008f500000, 0x000000008f600000|  0%| F|  |TAMS 0x000000008f500000, 0x000000008f500000| Untracked 
| 246|0x000000008f600000, 0x000000008f600000, 0x000000008f700000|  0%| F|  |TAMS 0x000000008f600000, 0x000000008f600000| Untracked 
| 247|0x000000008f700000, 0x000000008f700000, 0x000000008f800000|  0%| F|  |TAMS 0x000000008f700000, 0x000000008f700000| Untracked 
| 248|0x000000008f800000, 0x000000008f800000, 0x000000008f900000|  0%| F|  |TAMS 0x000000008f800000, 0x000000008f800000| Untracked 
| 249|0x000000008f900000, 0x000000008f900000, 0x000000008fa00000|  0%| F|  |TAMS 0x000000008f900000, 0x000000008f900000| Untracked 
| 250|0x000000008fa00000, 0x000000008fa00000, 0x000000008fb00000|  0%| F|  |TAMS 0x000000008fa00000, 0x000000008fa00000| Untracked 
| 251|0x000000008fb00000, 0x000000008fb00000, 0x000000008fc00000|  0%| F|  |TAMS 0x000000008fb00000, 0x000000008fb00000| Untracked 
| 252|0x000000008fc00000, 0x000000008fc00000, 0x000000008fd00000|  0%| F|  |TAMS 0x000000008fc00000, 0x000000008fc00000| Untracked 
| 253|0x000000008fd00000, 0x000000008fd00000, 0x000000008fe00000|  0%| F|  |TAMS 0x000000008fd00000, 0x000000008fd00000| Untracked 
| 254|0x000000008fe00000, 0x000000008fe00000, 0x000000008ff00000|  0%| F|  |TAMS 0x000000008fe00000, 0x000000008fe00000| Untracked 
| 255|0x000000008ff00000, 0x000000008ff00000, 0x0000000090000000|  0%| F|  |TAMS 0x000000008ff00000, 0x000000008ff00000| Untracked 
| 256|0x0000000090000000, 0x0000000090000000, 0x0000000090100000|  0%| F|  |TAMS 0x0000000090000000, 0x0000000090000000| Untracked 
| 257|0x0000000090100000, 0x0000000090100000, 0x0000000090200000|  0%| F|  |TAMS 0x0000000090100000, 0x0000000090100000| Untracked 
| 258|0x0000000090200000, 0x0000000090200000, 0x0000000090300000|  0%| F|  |TAMS 0x0000000090200000, 0x0000000090200000| Untracked 
| 259|0x0000000090300000, 0x0000000090300000, 0x0000000090400000|  0%| F|  |TAMS 0x0000000090300000, 0x0000000090300000| Untracked 
| 260|0x0000000090400000, 0x0000000090400000, 0x0000000090500000|  0%| F|  |TAMS 0x0000000090400000, 0x0000000090400000| Untracked 
| 261|0x0000000090500000, 0x0000000090500000, 0x0000000090600000|  0%| F|  |TAMS 0x0000000090500000, 0x0000000090500000| Untracked 
| 262|0x0000000090600000, 0x0000000090600000, 0x0000000090700000|  0%| F|  |TAMS 0x0000000090600000, 0x0000000090600000| Untracked 
| 263|0x0000000090700000, 0x0000000090700000, 0x0000000090800000|  0%| F|  |TAMS 0x0000000090700000, 0x0000000090700000| Untracked 
| 264|0x0000000090800000, 0x0000000090800000, 0x0000000090900000|  0%| F|  |TAMS 0x0000000090800000, 0x0000000090800000| Untracked 
| 265|0x0000000090900000, 0x0000000090900000, 0x0000000090a00000|  0%| F|  |TAMS 0x0000000090900000, 0x0000000090900000| Untracked 
| 266|0x0000000090a00000, 0x0000000090a00000, 0x0000000090b00000|  0%| F|  |TAMS 0x0000000090a00000, 0x0000000090a00000| Untracked 

Card table byte_map: [0x00000275f2b60000,0x00000275f2f60000] _byte_map_base: 0x00000275f2760000

Marking Bits (Prev, Next): (CMBitMap*) 0x00000275dde9fd68, (CMBitMap*) 0x00000275dde9fda0
 Prev Bits: [0x00000275f3360000, 0x00000275f5360000)
 Next Bits: [0x00000275f5360000, 0x00000275f7360000)

Polling page: 0x00000275e3110000

Metaspace:

Usage:
  Non-class:    139.07 MB capacity,   135.66 MB ( 98%) used,     2.89 MB (  2%) free+waste,   530.25 KB ( <1%) overhead. 
      Class:     20.61 MB capacity,    18.73 MB ( 91%) used,     1.66 MB (  8%) free+waste,   234.13 KB (  1%) overhead. 
       Both:    159.68 MB capacity,   154.38 MB ( 97%) used,     4.55 MB (  3%) free+waste,   764.38 KB ( <1%) overhead. 

Virtual space:
  Non-class space:      140.00 MB reserved,     139.25 MB (>99%) committed 
      Class space:        1.00 GB reserved,      20.75 MB (  2%) committed 
             Both:        1.14 GB reserved,     160.00 MB ( 14%) committed 

Chunk freelists:
   Non-Class:  61.00 KB
       Class:  20.00 KB
        Both:  81.00 KB

MaxMetaspaceSize: 17179869184.00 GB
CompressedClassSpaceSize: 1.00 GB

CodeHeap 'non-profiled nmethods': size=120064Kb used=23180Kb max_used=23180Kb free=96883Kb
 bounds [0x00000275eabf0000, 0x00000275ec2a0000, 0x00000275f2130000]
CodeHeap 'profiled nmethods': size=120000Kb used=58997Kb max_used=58997Kb free=61002Kb
 bounds [0x00000275e36c0000, 0x00000275e70a0000, 0x00000275eabf0000]
CodeHeap 'non-nmethods': size=5696Kb used=2387Kb max_used=2501Kb free=3308Kb
 bounds [0x00000275e3130000, 0x00000275e33b0000, 0x00000275e36c0000]
 total_blobs=27444 nmethods=26425 adapters=929
 compilation: enabled
              stopped_count=0, restarted_count=0
 full_count=0

Compilation events (20 events):
Event: 803.338 Thread 0x00000275fa264800 32081       1       com.android.tools.r8.graph.g0::l0 (5 bytes)
Event: 803.338 Thread 0x00000275fa264800 nmethod 32081 0x00000275ec299f90 code [0x00000275ec29a140, 0x00000275ec29a1f8]
Event: 803.338 Thread 0x00000275fa264800 32082       2       com.android.tools.r8.graph.u1$d::a (9 bytes)
Event: 803.338 Thread 0x00000275fa264800 nmethod 32082 0x00000275e709bc10 code [0x00000275e709bdc0, 0x00000275e709bee8]
Event: 803.338 Thread 0x00000275fa264800 32083       2       com.android.tools.r8.graph.u1::b (4 bytes)
Event: 803.339 Thread 0x00000275fa264800 nmethod 32083 0x00000275e3b18390 code [0x00000275e3b18540, 0x00000275e3b18618]
Event: 803.339 Thread 0x00000275fa264800 32084       1       com.android.tools.r8.graph.j0::w0 (5 bytes)
Event: 803.339 Thread 0x00000275fa264800 nmethod 32084 0x00000275ec29a290 code [0x00000275ec29a440, 0x00000275ec29a4f8]
Event: 803.339 Thread 0x00000275fa264800 32085       2       com.android.tools.r8.graph.u1$e::c (13 bytes)
Event: 803.339 Thread 0x00000275fa264800 nmethod 32085 0x00000275e709bf90 code [0x00000275e709c140, 0x00000275e709c258]
Event: 803.339 Thread 0x00000275fa264800 32086       2       com.android.tools.r8.internal.TQ0$$Lambda$1861/0x000000010141b040::accept (16 bytes)
Event: 803.339 Thread 0x00000275fa264800 nmethod 32086 0x00000275e709c310 code [0x00000275e709c4e0, 0x00000275e709c6d8]
Event: 803.340 Thread 0x00000275fa264800 32087       2       com.android.tools.r8.graph.u1$g::c (13 bytes)
Event: 803.340 Thread 0x00000275fa264800 nmethod 32087 0x00000275e709c890 code [0x00000275e709ca40, 0x00000275e709cb58]
Event: 803.341 Thread 0x00000275fa264800 32088       2       com.android.tools.r8.dex.e$$Lambda$1907/0x0000000101445c40::accept (12 bytes)
Event: 803.341 Thread 0x00000275fa264800 nmethod 32088 0x00000275e709cc10 code [0x00000275e709cdc0, 0x00000275e709cf08]
Event: 803.341 Thread 0x00000275fa264800 32089       1       com.android.tools.r8.code.v1::m (2 bytes)
Event: 803.341 Thread 0x00000275fa264800 nmethod 32089 0x00000275ec29a590 code [0x00000275ec29a740, 0x00000275ec29a7f8]
Event: 803.343 Thread 0x00000275fa264800 32090       2       com.android.tools.r8.internal.NU0::a (14 bytes)
Event: 803.344 Thread 0x00000275fa264800 nmethod 32090 0x00000275e709d010 code [0x00000275e709d1c0, 0x00000275e709d2e8]

GC Heap History (20 events):
Event: 799.028 GC heap after
{Heap after GC invocations=136 (full 0):
 garbage-first heap   total 273408K, used 185705K [0x0000000080000000, 0x0000000100000000)
  region size 1024K, 7 young (7168K), 7 survivors (7168K)
 Metaspace       used 151316K, capacity 156495K, committed 156672K, reserved 1185792K
  class space    used 18261K, capacity 20106K, committed 20224K, reserved 1048576K
}
Event: 799.278 GC heap before
{Heap before GC invocations=136 (full 0):
 garbage-first heap   total 273408K, used 227689K [0x0000000080000000, 0x0000000100000000)
  region size 1024K, 48 young (49152K), 7 survivors (7168K)
 Metaspace       used 152045K, capacity 157271K, committed 157568K, reserved 1185792K
  class space    used 18402K, capacity 20253K, committed 20352K, reserved 1048576K
}
Event: 799.298 GC heap after
{Heap after GC invocations=137 (full 0):
 garbage-first heap   total 273408K, used 193248K [0x0000000080000000, 0x0000000100000000)
  region size 1024K, 6 young (6144K), 6 survivors (6144K)
 Metaspace       used 152045K, capacity 157271K, committed 157568K, reserved 1185792K
  class space    used 18402K, capacity 20253K, committed 20352K, reserved 1048576K
}
Event: 799.908 GC heap before
{Heap before GC invocations=137 (full 0):
 garbage-first heap   total 273408K, used 230112K [0x0000000080000000, 0x0000000100000000)
  region size 1024K, 42 young (43008K), 6 survivors (6144K)
 Metaspace       used 155219K, capacity 160620K, committed 160896K, reserved 1189888K
  class space    used 18906K, capacity 20839K, committed 20864K, reserved 1048576K
}
Event: 799.929 GC heap after
{Heap after GC invocations=138 (full 0):
 garbage-first heap   total 273408K, used 197916K [0x0000000080000000, 0x0000000100000000)
  region size 1024K, 4 young (4096K), 4 survivors (4096K)
 Metaspace       used 155219K, capacity 160620K, committed 160896K, reserved 1189888K
  class space    used 18906K, capacity 20839K, committed 20864K, reserved 1048576K
}
Event: 800.878 GC heap before
{Heap before GC invocations=139 (full 0):
 garbage-first heap   total 273408K, used 223516K [0x0000000080000000, 0x0000000100000000)
  region size 1024K, 37 young (37888K), 4 survivors (4096K)
 Metaspace       used 156987K, capacity 162394K, committed 162688K, reserved 1191936K
  class space    used 19108K, capacity 21028K, committed 21120K, reserved 1048576K
}
Event: 800.889 GC heap after
{Heap after GC invocations=140 (full 0):
 garbage-first heap   total 273408K, used 191252K [0x0000000080000000, 0x0000000100000000)
  region size 1024K, 2 young (2048K), 2 survivors (2048K)
 Metaspace       used 156987K, capacity 162394K, committed 162688K, reserved 1191936K
  class space    used 19108K, capacity 21028K, committed 21120K, reserved 1048576K
}
Event: 801.066 GC heap before
{Heap before GC invocations=140 (full 0):
 garbage-first heap   total 273408K, used 201492K [0x0000000080000000, 0x0000000100000000)
  region size 1024K, 13 young (13312K), 2 survivors (2048K)
 Metaspace       used 157147K, capacity 162622K, committed 162688K, reserved 1191936K
  class space    used 19131K, capacity 21061K, committed 21120K, reserved 1048576K
}
Event: 801.074 GC heap after
{Heap after GC invocations=141 (full 0):
 garbage-first heap   total 273408K, used 179243K [0x0000000080000000, 0x0000000100000000)
  region size 1024K, 2 young (2048K), 2 survivors (2048K)
 Metaspace       used 157147K, capacity 162622K, committed 162688K, reserved 1191936K
  class space    used 19131K, capacity 21061K, committed 21120K, reserved 1048576K
}
Event: 801.591 GC heap before
{Heap before GC invocations=141 (full 0):
 garbage-first heap   total 273408K, used 222251K [0x0000000080000000, 0x0000000100000000)
  region size 1024K, 44 young (45056K), 2 survivors (2048K)
 Metaspace       used 157426K, capacity 162856K, committed 162944K, reserved 1191936K
  class space    used 19143K, capacity 21071K, committed 21120K, reserved 1048576K
}
Event: 801.595 GC heap after
{Heap after GC invocations=142 (full 0):
 garbage-first heap   total 273408K, used 178874K [0x0000000080000000, 0x0000000100000000)
  region size 1024K, 2 young (2048K), 2 survivors (2048K)
 Metaspace       used 157426K, capacity 162856K, committed 162944K, reserved 1191936K
  class space    used 19143K, capacity 21071K, committed 21120K, reserved 1048576K
}
Event: 801.935 GC heap before
{Heap before GC invocations=142 (full 0):
 garbage-first heap   total 273408K, used 223930K [0x0000000080000000, 0x0000000100000000)
  region size 1024K, 46 young (47104K), 2 survivors (2048K)
 Metaspace       used 157615K, capacity 163063K, committed 163200K, reserved 1191936K
  class space    used 19153K, capacity 21074K, committed 21120K, reserved 1048576K
}
Event: 801.939 GC heap after
{Heap after GC invocations=143 (full 0):
 garbage-first heap   total 273408K, used 178715K [0x0000000080000000, 0x0000000100000000)
  region size 1024K, 1 young (1024K), 1 survivors (1024K)
 Metaspace       used 157615K, capacity 163063K, committed 163200K, reserved 1191936K
  class space    used 19153K, capacity 21074K, committed 21120K, reserved 1048576K
}
Event: 802.296 GC heap before
{Heap before GC invocations=143 (full 0):
 garbage-first heap   total 273408K, used 226843K [0x0000000080000000, 0x0000000100000000)
  region size 1024K, 48 young (49152K), 1 survivors (1024K)
 Metaspace       used 157913K, capacity 163364K, committed 163456K, reserved 1191936K
  class space    used 19166K, capacity 21106K, committed 21120K, reserved 1048576K
}
Event: 802.300 GC heap after
{Heap after GC invocations=144 (full 0):
 garbage-first heap   total 273408K, used 178852K [0x0000000080000000, 0x0000000100000000)
  region size 1024K, 2 young (2048K), 2 survivors (2048K)
 Metaspace       used 157913K, capacity 163364K, committed 163456K, reserved 1191936K
  class space    used 19166K, capacity 21106K, committed 21120K, reserved 1048576K
}
Event: 802.555 GC heap before
{Heap before GC invocations=144 (full 0):
 garbage-first heap   total 273408K, used 228004K [0x0000000080000000, 0x0000000100000000)
  region size 1024K, 50 young (51200K), 2 survivors (2048K)
 Metaspace       used 157992K, capacity 163459K, committed 163712K, reserved 1191936K
  class space    used 19171K, capacity 21116K, committed 21120K, reserved 1048576K
}
Event: 802.562 GC heap after
{Heap after GC invocations=145 (full 0):
 garbage-first heap   total 273408K, used 180516K [0x0000000080000000, 0x0000000100000000)
  region size 1024K, 3 young (3072K), 3 survivors (3072K)
 Metaspace       used 157992K, capacity 163459K, committed 163712K, reserved 1191936K
  class space    used 19171K, capacity 21116K, committed 21120K, reserved 1048576K
}
Event: 802.847 GC heap before
{Heap before GC invocations=145 (full 0):
 garbage-first heap   total 273408K, used 229668K [0x0000000080000000, 0x0000000100000000)
  region size 1024K, 51 young (52224K), 3 survivors (3072K)
 Metaspace       used 158084K, capacity 163559K, committed 163840K, reserved 1191936K
  class space    used 19186K, capacity 21127K, committed 21248K, reserved 1048576K
}
Event: 802.857 GC heap after
{Heap after GC invocations=146 (full 0):
 garbage-first heap   total 273408K, used 180384K [0x0000000080000000, 0x0000000100000000)
  region size 1024K, 3 young (3072K), 3 survivors (3072K)
 Metaspace       used 158084K, capacity 163559K, committed 163840K, reserved 1191936K
  class space    used 19186K, capacity 21127K, committed 21248K, reserved 1048576K
}
Event: 803.350 GC heap before
{Heap before GC invocations=146 (full 0):
 garbage-first heap   total 273408K, used 230560K [0x0000000080000000, 0x0000000100000000)
  region size 1024K, 53 young (54272K), 3 survivors (3072K)
 Metaspace       used 158087K, capacity 163510K, committed 163840K, reserved 1191936K
  class space    used 19174K, capacity 21107K, committed 21248K, reserved 1048576K
}

Deoptimization events (20 events):
Event: 802.514 Thread 0x0000027582cd8000 DEOPT PACKING pc=0x00000275e6d7ad56 sp=0x00000082b39f9320
Event: 802.514 Thread 0x0000027582cd8000 DEOPT UNPACKING pc=0x00000275e3156dde sp=0x00000082b39f8940 mode 0
Event: 802.563 Thread 0x00000275fdd51000 DEOPT PACKING pc=0x00000275e6c4e888 sp=0x00000082b4af97f0
Event: 802.563 Thread 0x00000275fdd51000 DEOPT UNPACKING pc=0x00000275e3156dde sp=0x00000082b4af8e38 mode 0
Event: 802.577 Thread 0x00000275fdd4a800 DEOPT PACKING pc=0x00000275e6c525b2 sp=0x00000082b43f95b0
Event: 802.577 Thread 0x00000275fdd4a800 DEOPT UNPACKING pc=0x00000275e3156dde sp=0x00000082b43f8b60 mode 0
Event: 802.723 Thread 0x00000275fdd51000 DEOPT PACKING pc=0x00000275e6d62320 sp=0x00000082b4af9820
Event: 802.723 Thread 0x00000275fdd51000 DEOPT UNPACKING pc=0x00000275e3156dde sp=0x00000082b4af8e78 mode 0
Event: 802.947 Thread 0x0000027582cd8000 DEOPT PACKING pc=0x00000275e6dfc311 sp=0x00000082b39f9760
Event: 802.947 Thread 0x0000027582cd8000 DEOPT UNPACKING pc=0x00000275e3156dde sp=0x00000082b39f8c48 mode 0
Event: 802.999 Thread 0x00000275fdd4a800 DEOPT PACKING pc=0x00000275e6e609ed sp=0x00000082b43f8790
Event: 802.999 Thread 0x00000275fdd4a800 DEOPT UNPACKING pc=0x00000275e3156dde sp=0x00000082b43f7c80 mode 0
Event: 803.203 Thread 0x0000027582cd8000 DEOPT PACKING pc=0x00000275e6d5c7aa sp=0x00000082b39f9010
Event: 803.203 Thread 0x0000027582cd8000 DEOPT UNPACKING pc=0x00000275e3156dde sp=0x00000082b39f8598 mode 0
Event: 803.213 Thread 0x0000027582cd8000 DEOPT PACKING pc=0x00000275e6d777ad sp=0x00000082b39f95e0
Event: 803.213 Thread 0x0000027582cd8000 DEOPT UNPACKING pc=0x00000275e3156dde sp=0x00000082b39f8b58 mode 0
Event: 803.237 Thread 0x00000275fdd4a800 DEOPT PACKING pc=0x00000275e6e3db6a sp=0x00000082b43f8e70
Event: 803.237 Thread 0x00000275fdd4a800 DEOPT UNPACKING pc=0x00000275e3156dde sp=0x00000082b43f8370 mode 0
Event: 803.239 Thread 0x00000275fdd4a800 DEOPT PACKING pc=0x00000275e6e44e6a sp=0x00000082b43f8e70
Event: 803.239 Thread 0x00000275fdd4a800 DEOPT UNPACKING pc=0x00000275e3156dde sp=0x00000082b43f8370 mode 0

Classes redefined (0 events):
No events

Internal exceptions (20 events):
Event: 798.428 Thread 0x00000275fdd4c800 Exception <a 'java/lang/NoSuchMethodError'{0x0000000090ad1728}: 'java.lang.Object java.lang.invoke.DirectMethodHandle$Holder.invokeStatic(java.lang.Object, long)'> (0x0000000090ad1728) thrown at [./src/hotspot/share/interpreter/linkResolver.cpp, line 773]
Event: 798.625 Thread 0x00000275fdd51000 Exception <a 'java/lang/IncompatibleClassChangeError'{0x00000000902b65d8}: Found class java.lang.Object, but interface was expected> (0x00000000902b65d8) thrown at [./src/hotspot/share/interpreter/linkResolver.cpp, line 839]
Event: 799.388 Thread 0x0000027582cd8000 Exception <a 'java/lang/NoSuchMethodError'{0x000000008ff9b060}: 'java.lang.Object java.lang.invoke.DirectMethodHandle$Holder.invokeVirtual(java.lang.Object, java.lang.Object, int, java.lang.Object)'> (0x000000008ff9b060) thrown at [./src/hotspot/share/interpreter/linkResolver.cpp, line 773]
Event: 799.432 Thread 0x00000275fdd4c800 Exception <a 'java/lang/IncompatibleClassChangeError'{0x000000008ff07d60}: Found class java.lang.Object, but interface was expected> (0x000000008ff07d60) thrown at [./src/hotspot/share/interpreter/linkResolver.cpp, line 839]
Event: 799.432 Thread 0x0000027582cd8000 Exception <a 'java/lang/IncompatibleClassChangeError'{0x000000008ffa7aa0}: Found class java.lang.Object, but interface was expected> (0x000000008ffa7aa0) thrown at [./src/hotspot/share/interpreter/linkResolver.cpp, line 839]
Event: 799.433 Thread 0x00000275fdd4c800 Exception <a 'java/lang/IncompatibleClassChangeError'{0x000000008fbe6458}: Found class java.lang.Object, but interface was expected> (0x000000008fbe6458) thrown at [./src/hotspot/share/interpreter/linkResolver.cpp, line 839]
Event: 799.457 Thread 0x0000027582cd8000 Exception <a 'java/lang/NoSuchMethodError'{0x000000008faeb0f8}: 'void java.lang.invoke.DirectMethodHandle$Holder.invokeVirtual(java.lang.Object, java.lang.Object, int, java.lang.Object)'> (0x000000008faeb0f8) thrown at [./src/hotspot/share/interpreter/linkResolver.cpp, line 773]
Event: 799.459 Thread 0x00000275fdd51000 Exception <a 'java/lang/NoSuchMethodError'{0x000000008fa151b0}: 'void java.lang.invoke.DirectMethodHandle$Holder.invokeVirtual(java.lang.Object, java.lang.Object, int, java.lang.Object)'> (0x000000008fa151b0) thrown at [./src/hotspot/share/interpreter/linkResolver.cpp, line 773]
Event: 799.570 Thread 0x0000027582cd8000 Exception <a 'java/lang/NoSuchMethodError'{0x000000008f4639a0}: 'java.lang.Object java.lang.invoke.DirectMethodHandle$Holder.newInvokeSpecial(java.lang.Object, int)'> (0x000000008f4639a0) thrown at [./src/hotspot/share/interpreter/linkResolver.cpp, line 773]
Event: 799.570 Thread 0x00000275fdd4c800 Exception <a 'java/lang/NoSuchMethodError'{0x000000008f4b89f8}: 'java.lang.Object java.lang.invoke.DirectMethodHandle$Holder.newInvokeSpecial(java.lang.Object, int)'> (0x000000008f4b89f8) thrown at [./src/hotspot/share/interpreter/linkResolver.cpp, line 773]
Event: 799.570 Thread 0x00000275fdd4a800 Exception <a 'java/lang/NoSuchMethodError'{0x000000008f42d790}: 'java.lang.Object java.lang.invoke.DirectMethodHandle$Holder.newInvokeSpecial(java.lang.Object, int)'> (0x000000008f42d790) thrown at [./src/hotspot/share/interpreter/linkResolver.cpp, line 773]
Event: 799.807 Thread 0x00000275fdd51000 Exception <a 'java/lang/NoSuchMethodError'{0x000000008ec89b60}: 'java.lang.Object java.lang.invoke.Invokers$Holder.linkToTargetMethod(java.lang.Object, int, java.lang.Object, java.lang.Object, java.lang.Object, java.lang.Object)'> (0x000000008ec89b60) thrown at [./src/hotspot/share/interpreter/linkResolver.cpp, line 773]
Event: 799.808 Thread 0x00000275fdd51000 Exception <a 'java/lang/NoSuchMethodError'{0x000000008ec96c38}: 'java.lang.Object java.lang.invoke.DirectMethodHandle$Holder.invokeStatic(java.lang.Object, java.lang.Object, java.lang.Object, java.lang.Object, int, java.lang.Object, java.lang.Object)'> (0x000000008ec96c38) thrown at [./src/hotspot/share/interpreter/linkResolver.cpp, line 773]
Event: 799.808 Thread 0x00000275fdd51000 Exception <a 'java/lang/NoSuchMethodError'{0x000000008ec9ed08}: 'java.lang.Object java.lang.invoke.Invokers$Holder.linkToTargetMethod(java.lang.Object, java.lang.Object, java.lang.Object, int, java.lang.Object, java.lang.Object, java.lang.Object)'> (0x000000008ec9ed08) thrown at [./src/hotspot/share/interpreter/linkResolver.cpp, line 773]
Event: 799.826 Thread 0x00000275fdd51000 Exception <a 'java/lang/NoSuchMethodError'{0x000000008eb2f818}: 'void java.lang.invoke.DirectMethodHandle$Holder.invokeStatic(java.lang.Object, java.lang.Object, java.lang.Object, java.lang.Object, java.lang.Object, java.lang.Object, java.lang.Object, java.lang.Object)'> (0x000000008eb2f818) thrown at [./src/hotspot/share/interpreter/linkResolver.cpp, line 773]
Event: 799.984 Thread 0x00000275fdd51000 Exception <a 'java/lang/IncompatibleClassChangeError'{0x00000000908c1140}: Found class java.lang.Object, but interface was expected> (0x00000000908c1140) thrown at [./src/hotspot/share/interpreter/linkResolver.cpp, line 839]
Event: 800.439 Thread 0x00000275fdd51000 Exception <a 'java/lang/NoSuchMethodError'{0x000000008fed1898}: 'void java.lang.invoke.DirectMethodHandle$Holder.invokeVirtual(java.lang.Object, java.lang.Object, int)'> (0x000000008fed1898) thrown at [./src/hotspot/share/interpreter/linkResolver.cpp, line 773]
Event: 800.633 Thread 0x00000275fdd51000 Exception <a 'sun/nio/fs/WindowsException'{0x000000008f9c5df8}> (0x000000008f9c5df8) thrown at [./src/hotspot/share/prims/jni.cpp, line 615]
Event: 801.536 Thread 0x00000275fdd4c800 Exception <a 'java/lang/NoSuchMethodError'{0x000000008e212660}: 'int java.lang.invoke.DirectMethodHandle$Holder.invokeInterface(java.lang.Object, java.lang.Object, int)'> (0x000000008e212660) thrown at [./src/hotspot/share/interpreter/linkResolver.cpp, line 773]
Event: 802.341 Thread 0x00000275fdd51000 Exception <a 'sun/nio/fs/WindowsException'{0x000000008fabfc08}> (0x000000008fabfc08) thrown at [./src/hotspot/share/prims/jni.cpp, line 615]

Events (20 events):
Event: 802.691 loading class com/android/tools/r8/code/Z3 done
Event: 802.691 loading class com/android/tools/r8/code/a4
Event: 802.691 loading class com/android/tools/r8/code/a4 done
Event: 802.691 loading class com/android/tools/r8/code/X3
Event: 802.692 loading class com/android/tools/r8/code/X3 done
Event: 802.728 loading class com/android/tools/r8/code/L2
Event: 802.728 loading class com/android/tools/r8/code/L2 done
Event: 802.729 loading class com/android/tools/r8/code/K2
Event: 802.729 loading class com/android/tools/r8/code/K2 done
Event: 802.732 loading class com/android/tools/r8/internal/ya1
Event: 802.732 loading class com/android/tools/r8/internal/ya1 done
Event: 802.846 Executing VM operation: G1CollectForAllocation
Event: 802.857 Executing VM operation: G1CollectForAllocation done
Event: 803.256 Executing VM operation: CGC_Operation
Event: 803.290 Executing VM operation: CGC_Operation done
Event: 803.299 Executing VM operation: ICBufferFull
Event: 803.300 Executing VM operation: ICBufferFull done
Event: 803.310 Executing VM operation: ICBufferFull
Event: 803.311 Executing VM operation: ICBufferFull done
Event: 803.349 Executing VM operation: G1CollectForAllocation


Dynamic libraries:
0x00007ff7e1500000 - 0x00007ff7e150a000 	E:\PROGRAMMS\Android Studio\jre\bin\java.exe
0x00007fffb7cf0000 - 0x00007fffb7ee5000 	C:\WINDOWS\SYSTEM32\ntdll.dll
0x00007fffb6fd0000 - 0x00007fffb708e000 	C:\WINDOWS\System32\KERNEL32.DLL
0x00007fffb5850000 - 0x00007fffb5b18000 	C:\WINDOWS\System32\KERNELBASE.dll
0x00007fffb5750000 - 0x00007fffb5850000 	C:\WINDOWS\System32\ucrtbase.dll
0x00007fff9dfe0000 - 0x00007fff9dff7000 	E:\PROGRAMMS\Android Studio\jre\bin\VCRUNTIME140.dll
0x00007fff9ed30000 - 0x00007fff9ed49000 	E:\PROGRAMMS\Android Studio\jre\bin\jli.dll
0x00007fffb6790000 - 0x00007fffb6930000 	C:\WINDOWS\System32\USER32.dll
0x00007fffa31d0000 - 0x00007fffa346a000 	C:\WINDOWS\WinSxS\amd64_microsoft.windows.common-controls_6595b64144ccf1df_6.0.19041.1110_none_60b5254171f9507e\COMCTL32.dll
0x00007fffb5720000 - 0x00007fffb5742000 	C:\WINDOWS\System32\win32u.dll
0x00007fffb5e80000 - 0x00007fffb5f1e000 	C:\WINDOWS\System32\msvcrt.dll
0x00007fffb7aa0000 - 0x00007fffb7acb000 	C:\WINDOWS\System32\GDI32.dll
0x00007fffb54f0000 - 0x00007fffb55fb000 	C:\WINDOWS\System32\gdi32full.dll
0x00007fffb5b50000 - 0x00007fffb5bed000 	C:\WINDOWS\System32\msvcp_win.dll
0x00007fffb6100000 - 0x00007fffb6130000 	C:\WINDOWS\System32\IMM32.DLL
0x00007fff7a5f0000 - 0x00007fff7a68d000 	E:\PROGRAMMS\Android Studio\jre\bin\msvcp140.dll
0x00007fff6a440000 - 0x00007fff6af15000 	E:\PROGRAMMS\Android Studio\jre\bin\server\jvm.dll
0x00007fffb6670000 - 0x00007fffb671e000 	C:\WINDOWS\System32\ADVAPI32.dll
0x00007fffb70a0000 - 0x00007fffb713c000 	C:\WINDOWS\System32\sechost.dll
0x00007fffb5fd0000 - 0x00007fffb60f5000 	C:\WINDOWS\System32\RPCRT4.dll
0x00007fffb7090000 - 0x00007fffb7098000 	C:\WINDOWS\System32\PSAPI.DLL
0x00007fffa3040000 - 0x00007fffa3067000 	C:\WINDOWS\SYSTEM32\WINMM.dll
0x00007fffaaa40000 - 0x00007fffaaa49000 	C:\WINDOWS\SYSTEM32\WSOCK32.dll
0x00007fffa5430000 - 0x00007fffa543a000 	C:\WINDOWS\SYSTEM32\VERSION.dll
0x00007fffb6720000 - 0x00007fffb678b000 	C:\WINDOWS\System32\ws2_32.DLL
0x00007fffb3cc0000 - 0x00007fffb3cd2000 	C:\WINDOWS\SYSTEM32\kernel.appcore.dll
0x00007fffa0a80000 - 0x00007fffa0a91000 	E:\PROGRAMMS\Android Studio\jre\bin\verify.dll
0x00007fffb08b0000 - 0x00007fffb0a94000 	C:\WINDOWS\SYSTEM32\DBGHELP.DLL
0x00007fffb0880000 - 0x00007fffb08ac000 	C:\WINDOWS\SYSTEM32\dbgcore.DLL
0x00007fffb5460000 - 0x00007fffb54e2000 	C:\WINDOWS\System32\bcryptPrimitives.dll
0x00007fff9ee40000 - 0x00007fff9ee69000 	E:\PROGRAMMS\Android Studio\jre\bin\java.dll
0x00007fffa3520000 - 0x00007fffa352b000 	E:\PROGRAMMS\Android Studio\jre\bin\jimage.dll
0x00007fffa04c0000 - 0x00007fffa04d8000 	E:\PROGRAMMS\Android Studio\jre\bin\zip.dll
0x00007fffb7350000 - 0x00007fffb7a94000 	C:\WINDOWS\System32\SHELL32.dll
0x00007fffb32b0000 - 0x00007fffb3a44000 	C:\WINDOWS\SYSTEM32\windows.storage.dll
0x00007fffb6a20000 - 0x00007fffb6d74000 	C:\WINDOWS\System32\combase.dll
0x00007fffb4d20000 - 0x00007fffb4d4c000 	C:\WINDOWS\SYSTEM32\Wldp.dll
0x00007fffb5f20000 - 0x00007fffb5fcd000 	C:\WINDOWS\System32\SHCORE.dll
0x00007fffb6600000 - 0x00007fffb6655000 	C:\WINDOWS\System32\shlwapi.dll
0x00007fffb5350000 - 0x00007fffb536f000 	C:\WINDOWS\SYSTEM32\profapi.dll
0x00007fff9e350000 - 0x00007fff9e36a000 	E:\PROGRAMMS\Android Studio\jre\bin\net.dll
0x00007fffa87c0000 - 0x00007fffa88c9000 	C:\WINDOWS\SYSTEM32\WINHTTP.dll
0x00007fffb4aa0000 - 0x00007fffb4b0a000 	C:\WINDOWS\system32\mswsock.dll
0x00007fff9e190000 - 0x00007fff9e1a4000 	E:\PROGRAMMS\Android Studio\jre\bin\nio.dll
0x00007fffa8020000 - 0x00007fffa8047000 	C:\Users\Dmitriy\.gradle\native\e1d6ef7f7dcc3fd88c89a11ec53ec762bb8ba0a96d01ffa2cd45eb1d1d8dd5c5\windows-amd64\native-platform.dll
0x00007fff7a970000 - 0x00007fff7aab4000 	C:\Users\Dmitriy\.gradle\native\5664cfc778a61ccfe75a443a1ab52a65af34e5dc3c78e0209fed803814484fcb\windows-amd64\native-platform-file-events.dll
0x00007fffa2940000 - 0x00007fffa294a000 	E:\PROGRAMMS\Android Studio\jre\bin\management.dll
0x00007fffa2320000 - 0x00007fffa232d000 	E:\PROGRAMMS\Android Studio\jre\bin\management_ext.dll
0x00007fffb50c0000 - 0x00007fffb50d8000 	C:\WINDOWS\SYSTEM32\CRYPTSP.dll
0x00007fffb4440000 - 0x00007fffb4474000 	C:\WINDOWS\system32\rsaenh.dll
0x00007fffb5b20000 - 0x00007fffb5b47000 	C:\WINDOWS\System32\bcrypt.dll
0x00007fffb5310000 - 0x00007fffb533e000 	C:\WINDOWS\SYSTEM32\USERENV.dll
0x00007fffb4c30000 - 0x00007fffb4c3c000 	C:\WINDOWS\SYSTEM32\CRYPTBASE.dll
0x00007fffb47b0000 - 0x00007fffb47eb000 	C:\WINDOWS\SYSTEM32\IPHLPAPI.DLL
0x00007fffb6930000 - 0x00007fffb6938000 	C:\WINDOWS\System32\NSI.dll
0x00007fffa9220000 - 0x00007fffa9237000 	C:\WINDOWS\SYSTEM32\dhcpcsvc6.DLL
0x00007fffa9180000 - 0x00007fffa919d000 	C:\WINDOWS\SYSTEM32\dhcpcsvc.DLL
0x00007fffb47f0000 - 0x00007fffb48ba000 	C:\WINDOWS\SYSTEM32\DNSAPI.dll
0x00007fff8eec0000 - 0x00007fff8eee7000 	E:\PROGRAMMS\Android Studio\jre\bin\sunec.dll
0x00007fffaae10000 - 0x00007fffaae1a000 	C:\Windows\System32\rasadhlp.dll
0x00007fffa8290000 - 0x00007fffa830f000 	C:\WINDOWS\System32\fwpuclnt.dll
0x00007fffb40d0000 - 0x00007fffb4103000 	C:\WINDOWS\SYSTEM32\ntmarta.dll

dbghelp: loaded successfully - version: 4.0.5 - missing functions: none
symbol engine: initialized successfully - sym options: 0x614 - pdb path: .;E:\PROGRAMMS\Android Studio\jre\bin;C:\WINDOWS\SYSTEM32;C:\WINDOWS\WinSxS\amd64_microsoft.windows.common-controls_6595b64144ccf1df_6.0.19041.1110_none_60b5254171f9507e;E:\PROGRAMMS\Android Studio\jre\bin\server;C:\Users\Dmitriy\.gradle\native\e1d6ef7f7dcc3fd88c89a11ec53ec762bb8ba0a96d01ffa2cd45eb1d1d8dd5c5\windows-amd64;C:\Users\Dmitriy\.gradle\native\5664cfc778a61ccfe75a443a1ab52a65af34e5dc3c78e0209fed803814484fcb\windows-amd64

VM Arguments:
jvm_args: --add-opens=java.base/java.util=ALL-UNNAMED --add-opens=java.base/java.lang=ALL-UNNAMED --add-opens=java.base/java.lang.invoke=ALL-UNNAMED --add-opens=java.base/java.util=ALL-UNNAMED --add-opens=java.prefs/java.util.prefs=ALL-UNNAMED --add-opens=java.prefs/java.util.prefs=ALL-UNNAMED --add-opens=java.base/java.nio.charset=ALL-UNNAMED --add-opens=java.base/java.net=ALL-UNNAMED --add-opens=java.base/java.util.concurrent.atomic=ALL-UNNAMED -Xmx2048m -Dfile.encoding=UTF-8 -Duser.country=RU -Duser.language=ru -Duser.variant 
java_command: org.gradle.launcher.daemon.bootstrap.GradleDaemon 7.2
java_class_path (initial): C:\Users\Dmitriy\.gradle\wrapper\dists\gradle-7.2-bin\2dnblmf4td7x66yl1d74lt32g\gradle-7.2\lib\gradle-launcher-7.2.jar
Launcher Type: SUN_STANDARD

[Global flags]
     intx CICompilerCount                          = 3                                         {product} {ergonomic}
     uint ConcGCThreads                            = 1                                         {product} {ergonomic}
     uint G1ConcRefinementThreads                  = 4                                         {product} {ergonomic}
   size_t G1HeapRegionSize                         = 1048576                                   {product} {ergonomic}
    uintx GCDrainStackTargetSize                   = 64                                        {product} {ergonomic}
   size_t InitialHeapSize                          = 134217728                                 {product} {ergonomic}
   size_t MarkStackSize                            = 4194304                                   {product} {ergonomic}
   size_t MaxHeapSize                              = 2147483648                                {product} {command line}
   size_t MaxNewSize                               = 1287651328                                {product} {ergonomic}
   size_t MinHeapDeltaBytes                        = 1048576                                   {product} {ergonomic}
    uintx NonNMethodCodeHeapSize                   = 5830732                                {pd product} {ergonomic}
    uintx NonProfiledCodeHeapSize                  = 122913754                              {pd product} {ergonomic}
    uintx ProfiledCodeHeapSize                     = 122913754                              {pd product} {ergonomic}
    uintx ReservedCodeCacheSize                    = 251658240                              {pd product} {ergonomic}
     bool SegmentedCodeCache                       = true                                      {product} {ergonomic}
     bool UseCompressedClassPointers               = true                                 {lp64_product} {ergonomic}
     bool UseCompressedOops                        = true                                 {lp64_product} {ergonomic}
     bool UseG1GC                                  = true                                      {product} {ergonomic}
     bool UseLargePagesIndividualAllocation        = false                                  {pd product} {ergonomic}

Logging:
Log output configuration:
 #0: stdout all=warning uptime,level,tags
 #1: stderr all=off uptime,level,tags

Environment Variables:
JAVA_HOME=E:\PROGRAMMS\Android Studio\bin
PATH=C:\Program Files (x86)\Embarcadero\Studio\20.0\bin;C:\Users\Public\Documents\Embarcadero\Studio\20.0\Bpl;C:\Program Files (x86)\Embarcadero\Studio\20.0\bin64;C:\Users\Public\Documents\Embarcadero\Studio\20.0\Bpl\Win64;C:\Program Files (x86)\Intel\iCLS Client\;C:\Program Files\Intel\iCLS Client\;C:\Windows\system32;C:\Windows;C:\Windows\System32\Wbem;C:\Windows\System32\WindowsPowerShell\v1.0\;C:\Windows\System32\OpenSSH\;C:\Program Files\dotnet\;C:\Program Files\Microsoft SQL Server\Client SDK\ODBC\170\Tools\Binn\;E:\Progs\Git\cmd;E:\Progs\nodejs\;C:\Program Files (x86)\Intel\Intel(R) Management Engine Components\DAL;C:\Program Files\Intel\Intel(R) Management Engine Components\DAL;C:\Program Files (x86)\Intel\Intel(R) Management Engine Components\IPT;C:\Program Files\Intel\Intel(R) Management Engine Components\IPT;C:\Program Files (x86)\NVIDIA Corporation\PhysX\Common;C:\Program Files\PostgreSQL\11\bin;C:\Program Files\PostgreSQL\11\lib;C:\Program Files\Microsoft SQL Server\Client SDK\ODBC\130\Tools\Binn\;C:\Program Files (x86)\Microsoft SQL Server\140\Tools\Binn\;C:\Program Files\Microsoft SQL Server\140\Tools\Binn\;C:\Program Files\Microsoft SQL Server\140\DTS\Binn\;C:\Program Files\Microsoft SQL Server\130\Tools\Binn\;E:\PROGRAMMS\Git\cmd;C:\Program Files (x86)\Microsoft SDKs\Windows\v10.0A\bin\NETFX 4.6.1 Tools\ildasm.exe;C:\Windows\Microsoft.NET\Framework\v4.0.30319;C:\Program Files (x86)\Microsoft SQL Server\150\Tools\Binn\;C:\Program Files\Microsoft SQL Server\150\Tools\Binn\;C:\Program Files\Microsoft SQL Server\150\DTS\Binn\;C:\ProgramData\chocolatey\bin;C:\WINDOWS\system32;C:\WINDOWS;C:\WINDOWS\System32\Wbem;C:\WINDOWS\System32\WindowsPowerShell\v1.0\;C:\WINDOWS\System32\OpenSSH\;C:\Program Files (x86)\Microsoft SQL Server\150\DTS\Binn\;C:\Program Files\Microsoft SQL Server\120\Tools\Binn\;C:\Program Files (x86)\dotnet\;E:\PROGRAMMS\eclipse-workspace\MMVP\MAKE;C:\Users\Dmitriy\AppData\Local\Microsoft\WindowsApps;C:\Users\Dmitriy\.dotnet\tools;C:\Program 
USERNAME=Dmitriy
OS=Windows_NT
PROCESSOR_IDENTIFIER=Intel64 Family 6 Model 142 Stepping 10, GenuineIntel



---------------  S Y S T E M  ---------------

OS: Windows 10 , 64 bit Build 19041 (10.0.19041.1566)
OS uptime: 0 days 4:33 hours
Hyper-V role detected

CPU:total 4 (initial active 4) (2 cores per cpu, 2 threads per core) family 6 model 142 stepping 10 microcode 0xb4, cmov, cx8, fxsr, mmx, sse, sse2, sse3, ssse3, sse4.1, sse4.2, popcnt, avx, avx2, aes, clmul, erms, 3dnowpref, lzcnt, ht, tsc, tscinvbit, bmi1, bmi2, adx, fma

Memory: 4k page, system-wide physical 8067M (1758M free)
TotalPageFile size 8867M (AvailPageFile size 47M)
current process WorkingSet (physical memory assigned to process): 711M, peak: 712M
current process commit charge ("private bytes"): 767M, peak: 818M

vm_info: OpenJDK 64-Bit Server VM (11.0.11+9-b60-7590822) for windows-amd64 JRE (11.0.11+9-b60-7590822), built on Jul 29 2021 21:43:44 by "builder" with MS VC++ 14.0 (VS2015)

END.
