#
# There is insufficient memory for the Java Runtime Environment to continue.
# Native memory allocation (malloc) failed to allocate 1154096 bytes for Chunk::new
# Possible reasons:
#   The system is out of physical RAM or swap space
#   The process is running with CompressedOops enabled, and the Java Heap may be blocking the growth of the native heap
# Possible solutions:
#   Reduce memory load on the system
#   Increase physical memory or swap space
#   Check if swap backing store is full
#   Decrease Java heap size (-Xmx/-Xms)
#   Decrease number of Java threads
#   Decrease Java thread stack sizes (-Xss)
#   Set larger code cache with -XX:ReservedCodeCacheSize=
#   JVM is running with Unscaled Compressed Oops mode in which the Java heap is
#     placed in the first 4GB address space. The Java Heap base address is the
#     maximum limit for the native heap growth. Please use -XX:HeapBaseMinAddress
#     to set the Java Heap base and to place the Java Heap above 4GB virtual address.
# This output file may be truncated or incomplete.
#
#  Out of Memory Error (./src/hotspot/share/memory/arena.cpp:197), pid=11704, tid=3168
#
# JRE version: OpenJDK Runtime Environment (11.0.11+9) (build 11.0.11+9-b60-7590822)
# Java VM: OpenJDK 64-Bit Server VM (11.0.11+9-b60-7590822, mixed mode, tiered, compressed oops, g1 gc, windows-amd64)
# No core dump will be written. Minidumps are not enabled by default on client versions of Windows
#

---------------  S U M M A R Y ------------

Command Line: --add-opens=java.base/java.util=ALL-UNNAMED --add-opens=java.base/java.lang=ALL-UNNAMED --add-opens=java.base/java.lang.invoke=ALL-UNNAMED --add-opens=java.base/java.util=ALL-UNNAMED --add-opens=java.prefs/java.util.prefs=ALL-UNNAMED --add-opens=java.prefs/java.util.prefs=ALL-UNNAMED --add-opens=java.base/java.nio.charset=ALL-UNNAMED --add-opens=java.base/java.net=ALL-UNNAMED --add-opens=java.base/java.util.concurrent.atomic=ALL-UNNAMED -Xmx2048m -Dfile.encoding=UTF-8 -Duser.country=RU -Duser.language=ru -Duser.variant org.gradle.launcher.daemon.bootstrap.GradleDaemon 7.0.2

Host: Intel(R) Core(TM) i3-8130U CPU @ 2.20GHz, 4 cores, 7G,  Windows 10 , 64 bit Build 19041 (10.0.19041.1566)
Time: Mon Apr 11 00:14:37 2022 RTZ 2 (зима) elapsed time: 32.096184 seconds (0d 0h 0m 32s)

---------------  T H R E A D  ---------------

Current thread (0x000001e00028e000):  JavaThread "C2 CompilerThread1" daemon [_thread_in_native, id=3168, stack(0x0000004666100000,0x0000004666200000)]


Current CompileTask:
C2:  32096 3619       4       org.objectweb.asm.Frame::execute (2318 bytes)

Stack: [0x0000004666100000,0x0000004666200000]
Native frames: (J=compiled Java code, j=interpreted, Vv=VM code, C=native code)
V  [jvm.dll+0x5f214a]
V  [jvm.dll+0x726fb5]
V  [jvm.dll+0x7285cd]
V  [jvm.dll+0x728c83]
V  [jvm.dll+0x243278]
V  [jvm.dll+0xbc53c]
V  [jvm.dll+0xbca3c]
V  [jvm.dll+0x2b5c34]
V  [jvm.dll+0x508488]
V  [jvm.dll+0x203d53]
V  [jvm.dll+0x1fdbac]
V  [jvm.dll+0x1fb35f]
V  [jvm.dll+0x183d6c]
V  [jvm.dll+0x209a57]
V  [jvm.dll+0x2082a1]
V  [jvm.dll+0x6ef58f]
V  [jvm.dll+0x6e80b5]
V  [jvm.dll+0x5f1036]
C  [ucrtbase.dll+0x21bb2]
C  [KERNEL32.DLL+0x17034]
C  [ntdll.dll+0x52651]


---------------  P R O C E S S  ---------------

Threads class SMR info:
_java_thread_list=0x000001e000aa88e0, length=35, elements={
0x000001e060fe2000, 0x000001e07abc4000, 0x000001e07abc5800, 0x000001e07abe3000,
0x000001e07abe5800, 0x000001e07abe6800, 0x000001e07abec000, 0x000001e07abed000,
0x000001e07b5ae000, 0x000001e07b6ac000, 0x000001e07cea8000, 0x000001e07cc25800,
0x000001e07ce3d800, 0x000001e07d4f0800, 0x000001e07c71b800, 0x000001e07d5f4800,
0x000001e07cf64800, 0x000001e07bdde800, 0x000001e07bddf800, 0x000001e07cb91000,
0x000001e07cb92000, 0x000001e07cb8f800, 0x000001e07cb90800, 0x000001e07e022000,
0x000001e07e023000, 0x000001e07e021000, 0x000001e07e01f800, 0x000001e07e01d000,
0x000001e07e023800, 0x000001e07e01e000, 0x000001e00028e000, 0x000001e07e01f000,
0x000001e07e020800, 0x000001e07e02b000, 0x000001e07e02c000
}

Java Threads: ( => current thread )
  0x000001e060fe2000 JavaThread "main" [_thread_blocked, id=2684, stack(0x0000004663900000,0x0000004663a00000)]
  0x000001e07abc4000 JavaThread "Reference Handler" daemon [_thread_blocked, id=12784, stack(0x0000004664000000,0x0000004664100000)]
  0x000001e07abc5800 JavaThread "Finalizer" daemon [_thread_blocked, id=3252, stack(0x0000004664100000,0x0000004664200000)]
  0x000001e07abe3000 JavaThread "Signal Dispatcher" daemon [_thread_blocked, id=12264, stack(0x0000004664200000,0x0000004664300000)]
  0x000001e07abe5800 JavaThread "Attach Listener" daemon [_thread_blocked, id=4548, stack(0x0000004664300000,0x0000004664400000)]
  0x000001e07abe6800 JavaThread "Service Thread" daemon [_thread_blocked, id=8076, stack(0x0000004664400000,0x0000004664500000)]
  0x000001e07abec000 JavaThread "C2 CompilerThread0" daemon [_thread_blocked, id=10628, stack(0x0000004664500000,0x0000004664600000)]
  0x000001e07abed000 JavaThread "C1 CompilerThread0" daemon [_thread_blocked, id=11444, stack(0x0000004664600000,0x0000004664700000)]
  0x000001e07b5ae000 JavaThread "Sweeper thread" daemon [_thread_blocked, id=10352, stack(0x0000004664700000,0x0000004664800000)]
  0x000001e07b6ac000 JavaThread "Common-Cleaner" daemon [_thread_blocked, id=9488, stack(0x0000004664800000,0x0000004664900000)]
  0x000001e07cea8000 JavaThread "Daemon health stats" [_thread_blocked, id=4804, stack(0x0000004664c00000,0x0000004664d00000)]
  0x000001e07cc25800 JavaThread "Incoming local TCP Connector on port 52445" [_thread_in_native, id=4092, stack(0x0000004664d00000,0x0000004664e00000)]
  0x000001e07ce3d800 JavaThread "Daemon periodic checks" [_thread_blocked, id=10076, stack(0x0000004664e00000,0x0000004664f00000)]
  0x000001e07d4f0800 JavaThread "Daemon" [_thread_blocked, id=13200, stack(0x0000004664f00000,0x0000004665000000)]
  0x000001e07c71b800 JavaThread "Handler for socket connection from /127.0.0.1:52445 to /127.0.0.1:52446" [_thread_in_native, id=9620, stack(0x0000004665000000,0x0000004665100000)]
  0x000001e07d5f4800 JavaThread "Cancel handler" [_thread_blocked, id=6220, stack(0x0000004665100000,0x0000004665200000)]
  0x000001e07cf64800 JavaThread "Daemon worker" [_thread_in_Java, id=13140, stack(0x0000004665200000,0x0000004665300000)]
  0x000001e07bdde800 JavaThread "Asynchronous log dispatcher for DefaultDaemonConnection: socket connection from /127.0.0.1:52445 to /127.0.0.1:52446" [_thread_blocked, id=1736, stack(0x0000004665300000,0x0000004665400000)]
  0x000001e07bddf800 JavaThread "Stdin handler" [_thread_blocked, id=12404, stack(0x0000004665400000,0x0000004665500000)]
  0x000001e07cb91000 JavaThread "Daemon client event forwarder" [_thread_blocked, id=12688, stack(0x0000004665500000,0x0000004665600000)]
  0x000001e07cb92000 JavaThread "Cache worker for file hash cache (C:\Users\Dmitriy\.gradle\caches\7.0.2\fileHashes)" [_thread_blocked, id=6916, stack(0x0000004665600000,0x0000004665700000)]
  0x000001e07cb8f800 JavaThread "File lock request listener" [_thread_in_native, id=6332, stack(0x0000004665700000,0x0000004665800000)]
  0x000001e07cb90800 JavaThread "Cache worker for journal cache (C:\Users\Dmitriy\.gradle\caches\journal-1)" [_thread_blocked, id=4044, stack(0x0000004665900000,0x0000004665a00000)]
  0x000001e07e022000 JavaThread "Cache worker for file hash cache (E:\Programming\Quiz\.gradle\7.0.2\fileHashes)" [_thread_blocked, id=1408, stack(0x0000004665b00000,0x0000004665c00000)]
  0x000001e07e023000 JavaThread "File watcher server" daemon [_thread_in_native, id=2176, stack(0x0000004665a00000,0x0000004665b00000)]
  0x000001e07e021000 JavaThread "File watcher consumer" daemon [_thread_blocked, id=9152, stack(0x0000004665c00000,0x0000004665d00000)]
  0x000001e07e01f800 JavaThread "Cache worker for checksums cache (E:\Programming\Quiz\.gradle\checksums)" [_thread_blocked, id=2968, stack(0x0000004665d00000,0x0000004665e00000)]
  0x000001e07e01d000 JavaThread "Cache worker for cache directory md-supplier (C:\Users\Dmitriy\.gradle\caches\7.0.2\md-supplier)" [_thread_blocked, id=4396, stack(0x0000004665e00000,0x0000004665f00000)]
  0x000001e07e023800 JavaThread "Cache worker for cache directory md-rule (C:\Users\Dmitriy\.gradle\caches\7.0.2\md-rule)" [_thread_blocked, id=6644, stack(0x0000004665f00000,0x0000004666000000)]
  0x000001e07e01e000 JavaThread "Cache worker for execution history cache (C:\Users\Dmitriy\.gradle\caches\7.0.2\executionHistory)" [_thread_blocked, id=2200, stack(0x0000004666000000,0x0000004666100000)]
=>0x000001e00028e000 JavaThread "C2 CompilerThread1" daemon [_thread_in_native, id=3168, stack(0x0000004666100000,0x0000004666200000)]
  0x000001e07e01f000 JavaThread "jar transforms" [_thread_blocked, id=11724, stack(0x0000004666200000,0x0000004666300000)]
  0x000001e07e020800 JavaThread "jar transforms Thread 2" [_thread_blocked, id=12524, stack(0x0000004666300000,0x0000004666400000)]
  0x000001e07e02b000 JavaThread "Cache worker for file content cache (C:\Users\Dmitriy\.gradle\caches\7.0.2\fileContent)" [_thread_blocked, id=3772, stack(0x0000004666400000,0x0000004666500000)]
  0x000001e07e02c000 JavaThread "Cache worker for dependencies-accessors (E:\Programming\Quiz\.gradle\7.0.2\dependencies-accessors)" [_thread_blocked, id=9176, stack(0x0000004666500000,0x0000004666600000)]

Other Threads:
  0x000001e07abbd800 VMThread "VM Thread" [stack: 0x0000004663f00000,0x0000004664000000] [id=2804]
  0x000001e07b6c9800 WatcherThread [stack: 0x0000004664900000,0x0000004664a00000] [id=12340]
  0x000001e060ffa000 GCTaskThread "GC Thread#0" [stack: 0x0000004663a00000,0x0000004663b00000] [id=9124]
  0x000001e07bad5800 GCTaskThread "GC Thread#1" [stack: 0x0000004664a00000,0x0000004664b00000] [id=10928]
  0x000001e07b8c7800 GCTaskThread "GC Thread#2" [stack: 0x0000004664b00000,0x0000004664c00000] [id=5224]
  0x000001e07ba3a000 GCTaskThread "GC Thread#3" [stack: 0x0000004665800000,0x0000004665900000] [id=9092]
  0x000001e06102a000 ConcurrentGCThread "G1 Main Marker" [stack: 0x0000004663b00000,0x0000004663c00000] [id=4004]
  0x000001e06102b800 ConcurrentGCThread "G1 Conc#0" [stack: 0x0000004663c00000,0x0000004663d00000] [id=10680]
  0x000001e0610bb800 ConcurrentGCThread "G1 Refine#0" [stack: 0x0000004663d00000,0x0000004663e00000] [id=2864]
  0x000001e0610bc800 ConcurrentGCThread "G1 Young RemSet Sampling" [stack: 0x0000004663e00000,0x0000004663f00000] [id=9668]

Threads with active compile tasks:
C2 CompilerThread1  32226 3619       4       org.objectweb.asm.Frame::execute (2318 bytes)

VM state:not at safepoint (normal execution)

VM Mutex/Monitor currently owned by a thread: None

Heap address: 0x0000000080000000, size: 2048 MB, Compressed Oops mode: 32-bit
Narrow klass base: 0x0000000000000000, Narrow klass shift: 3
Compressed class space size: 1073741824 Address: 0x0000000100000000

Heap:
 garbage-first heap   total 131072K, used 42340K [0x0000000080000000, 0x0000000100000000)
  region size 1024K, 25 young (25600K), 9 survivors (9216K)
 Metaspace       used 41195K, capacity 42140K, committed 42316K, reserved 1085440K
  class space    used 5315K, capacity 5634K, committed 5708K, reserved 1048576K
Heap Regions: E=young(eden), S=young(survivor), O=old, HS=humongous(starts), HC=humongous(continues), CS=collection set, F=free, A=archive, TAMS=top-at-mark-start (previous, next)
|   0|0x0000000080000000, 0x0000000080100000, 0x0000000080100000|100%| O|  |TAMS 0x0000000080100000, 0x0000000080000000| Untracked 
|   1|0x0000000080100000, 0x0000000080200000, 0x0000000080200000|100%| O|  |TAMS 0x0000000080200000, 0x0000000080100000| Untracked 
|   2|0x0000000080200000, 0x0000000080300000, 0x0000000080300000|100%| O|  |TAMS 0x0000000080300000, 0x0000000080200000| Untracked 
|   3|0x0000000080300000, 0x0000000080400000, 0x0000000080400000|100%|HS|  |TAMS 0x0000000080400000, 0x0000000080300000| Complete 
|   4|0x0000000080400000, 0x0000000080500000, 0x0000000080500000|100%|HC|  |TAMS 0x0000000080500000, 0x0000000080400000| Complete 
|   5|0x0000000080500000, 0x0000000080600000, 0x0000000080600000|100%|HC|  |TAMS 0x0000000080600000, 0x0000000080500000| Complete 
|   6|0x0000000080600000, 0x0000000080700000, 0x0000000080700000|100%| O|  |TAMS 0x0000000080700000, 0x0000000080600000| Untracked 
|   7|0x0000000080700000, 0x0000000080800000, 0x0000000080800000|100%| O|  |TAMS 0x0000000080800000, 0x0000000080700000| Untracked 
|   8|0x0000000080800000, 0x0000000080900000, 0x0000000080900000|100%| O|  |TAMS 0x0000000080900000, 0x0000000080800000| Untracked 
|   9|0x0000000080900000, 0x0000000080a00000, 0x0000000080a00000|100%| O|  |TAMS 0x0000000080a00000, 0x0000000080900000| Untracked 
|  10|0x0000000080a00000, 0x0000000080b00000, 0x0000000080b00000|100%| O|  |TAMS 0x0000000080b00000, 0x0000000080a00000| Untracked 
|  11|0x0000000080b00000, 0x0000000080c00000, 0x0000000080c00000|100%| O|  |TAMS 0x0000000080c00000, 0x0000000080b00000| Untracked 
|  12|0x0000000080c00000, 0x0000000080d00000, 0x0000000080d00000|100%| O|  |TAMS 0x0000000080d00000, 0x0000000080c00000| Untracked 
|  13|0x0000000080d00000, 0x0000000080e00000, 0x0000000080e00000|100%| O|  |TAMS 0x0000000080e00000, 0x0000000080d00000| Untracked 
|  14|0x0000000080e00000, 0x0000000080f00000, 0x0000000080f00000|100%| O|  |TAMS 0x0000000080f00000, 0x0000000080e00000| Untracked 
|  15|0x0000000080f00000, 0x0000000081000000, 0x0000000081000000|100%| O|  |TAMS 0x0000000081000000, 0x0000000080f00000| Untracked 
|  16|0x0000000081000000, 0x0000000081100000, 0x0000000081100000|100%| O|  |TAMS 0x0000000081100000, 0x0000000081000000| Untracked 
|  17|0x0000000081100000, 0x00000000811e4600, 0x0000000081200000| 89%| O|  |TAMS 0x00000000811e4600, 0x0000000081100000| Untracked 
|  18|0x0000000081200000, 0x0000000081200000, 0x0000000081300000|  0%| F|  |TAMS 0x0000000081200000, 0x0000000081200000| Untracked 
|  19|0x0000000081300000, 0x0000000081300000, 0x0000000081400000|  0%| F|  |TAMS 0x0000000081300000, 0x0000000081300000| Untracked 
|  20|0x0000000081400000, 0x0000000081400000, 0x0000000081500000|  0%| F|  |TAMS 0x0000000081400000, 0x0000000081400000| Untracked 
|  21|0x0000000081500000, 0x0000000081500000, 0x0000000081600000|  0%| F|  |TAMS 0x0000000081500000, 0x0000000081500000| Untracked 
|  22|0x0000000081600000, 0x0000000081600000, 0x0000000081700000|  0%| F|  |TAMS 0x0000000081600000, 0x0000000081600000| Untracked 
|  23|0x0000000081700000, 0x0000000081700000, 0x0000000081800000|  0%| F|  |TAMS 0x0000000081700000, 0x0000000081700000| Untracked 
|  24|0x0000000081800000, 0x0000000081800000, 0x0000000081900000|  0%| F|  |TAMS 0x0000000081800000, 0x0000000081800000| Untracked 
|  25|0x0000000081900000, 0x0000000081900000, 0x0000000081a00000|  0%| F|  |TAMS 0x0000000081900000, 0x0000000081900000| Untracked 
|  26|0x0000000081a00000, 0x0000000081a00000, 0x0000000081b00000|  0%| F|  |TAMS 0x0000000081a00000, 0x0000000081a00000| Untracked 
|  27|0x0000000081b00000, 0x0000000081b00000, 0x0000000081c00000|  0%| F|  |TAMS 0x0000000081b00000, 0x0000000081b00000| Untracked 
|  28|0x0000000081c00000, 0x0000000081c00000, 0x0000000081d00000|  0%| F|  |TAMS 0x0000000081c00000, 0x0000000081c00000| Untracked 
|  29|0x0000000081d00000, 0x0000000081d00000, 0x0000000081e00000|  0%| F|  |TAMS 0x0000000081d00000, 0x0000000081d00000| Untracked 
|  30|0x0000000081e00000, 0x0000000081e00000, 0x0000000081f00000|  0%| F|  |TAMS 0x0000000081e00000, 0x0000000081e00000| Untracked 
|  31|0x0000000081f00000, 0x0000000081f00000, 0x0000000082000000|  0%| F|  |TAMS 0x0000000081f00000, 0x0000000081f00000| Untracked 
|  32|0x0000000082000000, 0x0000000082000000, 0x0000000082100000|  0%| F|  |TAMS 0x0000000082000000, 0x0000000082000000| Untracked 
|  33|0x0000000082100000, 0x0000000082100000, 0x0000000082200000|  0%| F|  |TAMS 0x0000000082100000, 0x0000000082100000| Untracked 
|  34|0x0000000082200000, 0x0000000082200000, 0x0000000082300000|  0%| F|  |TAMS 0x0000000082200000, 0x0000000082200000| Untracked 
|  35|0x0000000082300000, 0x0000000082300000, 0x0000000082400000|  0%| F|  |TAMS 0x0000000082300000, 0x0000000082300000| Untracked 
|  36|0x0000000082400000, 0x0000000082400000, 0x0000000082500000|  0%| F|  |TAMS 0x0000000082400000, 0x0000000082400000| Untracked 
|  37|0x0000000082500000, 0x0000000082500000, 0x0000000082600000|  0%| F|  |TAMS 0x0000000082500000, 0x0000000082500000| Untracked 
|  38|0x0000000082600000, 0x0000000082600000, 0x0000000082700000|  0%| F|  |TAMS 0x0000000082600000, 0x0000000082600000| Untracked 
|  39|0x0000000082700000, 0x0000000082700000, 0x0000000082800000|  0%| F|  |TAMS 0x0000000082700000, 0x0000000082700000| Untracked 
|  40|0x0000000082800000, 0x0000000082800000, 0x0000000082900000|  0%| F|  |TAMS 0x0000000082800000, 0x0000000082800000| Untracked 
|  41|0x0000000082900000, 0x0000000082900000, 0x0000000082a00000|  0%| F|  |TAMS 0x0000000082900000, 0x0000000082900000| Untracked 
|  42|0x0000000082a00000, 0x0000000082a00000, 0x0000000082b00000|  0%| F|  |TAMS 0x0000000082a00000, 0x0000000082a00000| Untracked 
|  43|0x0000000082b00000, 0x0000000082b00000, 0x0000000082c00000|  0%| F|  |TAMS 0x0000000082b00000, 0x0000000082b00000| Untracked 
|  44|0x0000000082c00000, 0x0000000082c00000, 0x0000000082d00000|  0%| F|  |TAMS 0x0000000082c00000, 0x0000000082c00000| Untracked 
|  45|0x0000000082d00000, 0x0000000082d00000, 0x0000000082e00000|  0%| F|  |TAMS 0x0000000082d00000, 0x0000000082d00000| Untracked 
|  46|0x0000000082e00000, 0x0000000082e00000, 0x0000000082f00000|  0%| F|  |TAMS 0x0000000082e00000, 0x0000000082e00000| Untracked 
|  47|0x0000000082f00000, 0x0000000082f00000, 0x0000000083000000|  0%| F|  |TAMS 0x0000000082f00000, 0x0000000082f00000| Untracked 
|  48|0x0000000083000000, 0x0000000083000000, 0x0000000083100000|  0%| F|  |TAMS 0x0000000083000000, 0x0000000083000000| Untracked 
|  49|0x0000000083100000, 0x0000000083100000, 0x0000000083200000|  0%| F|  |TAMS 0x0000000083100000, 0x0000000083100000| Untracked 
|  50|0x0000000083200000, 0x0000000083200000, 0x0000000083300000|  0%| F|  |TAMS 0x0000000083200000, 0x0000000083200000| Untracked 
|  51|0x0000000083300000, 0x0000000083300000, 0x0000000083400000|  0%| F|  |TAMS 0x0000000083300000, 0x0000000083300000| Untracked 
|  52|0x0000000083400000, 0x0000000083474c88, 0x0000000083500000| 45%| S|CS|TAMS 0x0000000083400000, 0x0000000083400000| Complete 
|  53|0x0000000083500000, 0x0000000083600000, 0x0000000083600000|100%| S|CS|TAMS 0x0000000083500000, 0x0000000083500000| Complete 
|  54|0x0000000083600000, 0x0000000083700000, 0x0000000083700000|100%| S|CS|TAMS 0x0000000083600000, 0x0000000083600000| Complete 
|  55|0x0000000083700000, 0x0000000083800000, 0x0000000083800000|100%| S|CS|TAMS 0x0000000083700000, 0x0000000083700000| Complete 
|  56|0x0000000083800000, 0x0000000083900000, 0x0000000083900000|100%| S|CS|TAMS 0x0000000083800000, 0x0000000083800000| Complete 
|  57|0x0000000083900000, 0x0000000083a00000, 0x0000000083a00000|100%| S|CS|TAMS 0x0000000083900000, 0x0000000083900000| Complete 
|  58|0x0000000083a00000, 0x0000000083b00000, 0x0000000083b00000|100%| S|CS|TAMS 0x0000000083a00000, 0x0000000083a00000| Complete 
|  59|0x0000000083b00000, 0x0000000083c00000, 0x0000000083c00000|100%| S|CS|TAMS 0x0000000083b00000, 0x0000000083b00000| Complete 
|  60|0x0000000083c00000, 0x0000000083d00000, 0x0000000083d00000|100%| S|CS|TAMS 0x0000000083c00000, 0x0000000083c00000| Complete 
|  61|0x0000000083d00000, 0x0000000083d00000, 0x0000000083e00000|  0%| F|  |TAMS 0x0000000083d00000, 0x0000000083d00000| Untracked 
|  62|0x0000000083e00000, 0x0000000083e00000, 0x0000000083f00000|  0%| F|  |TAMS 0x0000000083e00000, 0x0000000083e00000| Untracked 
|  63|0x0000000083f00000, 0x0000000083f00000, 0x0000000084000000|  0%| F|  |TAMS 0x0000000083f00000, 0x0000000083f00000| Untracked 
|  64|0x0000000084000000, 0x0000000084000000, 0x0000000084100000|  0%| F|  |TAMS 0x0000000084000000, 0x0000000084000000| Untracked 
|  65|0x0000000084100000, 0x0000000084100000, 0x0000000084200000|  0%| F|  |TAMS 0x0000000084100000, 0x0000000084100000| Untracked 
|  66|0x0000000084200000, 0x0000000084200000, 0x0000000084300000|  0%| F|  |TAMS 0x0000000084200000, 0x0000000084200000| Untracked 
|  67|0x0000000084300000, 0x0000000084300000, 0x0000000084400000|  0%| F|  |TAMS 0x0000000084300000, 0x0000000084300000| Untracked 
|  68|0x0000000084400000, 0x0000000084400000, 0x0000000084500000|  0%| F|  |TAMS 0x0000000084400000, 0x0000000084400000| Untracked 
|  69|0x0000000084500000, 0x0000000084500000, 0x0000000084600000|  0%| F|  |TAMS 0x0000000084500000, 0x0000000084500000| Untracked 
|  70|0x0000000084600000, 0x0000000084600000, 0x0000000084700000|  0%| F|  |TAMS 0x0000000084600000, 0x0000000084600000| Untracked 
|  71|0x0000000084700000, 0x0000000084700000, 0x0000000084800000|  0%| F|  |TAMS 0x0000000084700000, 0x0000000084700000| Untracked 
|  72|0x0000000084800000, 0x0000000084800000, 0x0000000084900000|  0%| F|  |TAMS 0x0000000084800000, 0x0000000084800000| Untracked 
|  73|0x0000000084900000, 0x0000000084900000, 0x0000000084a00000|  0%| F|  |TAMS 0x0000000084900000, 0x0000000084900000| Untracked 
|  74|0x0000000084a00000, 0x0000000084a00000, 0x0000000084b00000|  0%| F|  |TAMS 0x0000000084a00000, 0x0000000084a00000| Untracked 
|  75|0x0000000084b00000, 0x0000000084b00000, 0x0000000084c00000|  0%| F|  |TAMS 0x0000000084b00000, 0x0000000084b00000| Untracked 
|  76|0x0000000084c00000, 0x0000000084c00000, 0x0000000084d00000|  0%| F|  |TAMS 0x0000000084c00000, 0x0000000084c00000| Untracked 
|  77|0x0000000084d00000, 0x0000000084d00000, 0x0000000084e00000|  0%| F|  |TAMS 0x0000000084d00000, 0x0000000084d00000| Untracked 
|  78|0x0000000084e00000, 0x0000000084e00000, 0x0000000084f00000|  0%| F|  |TAMS 0x0000000084e00000, 0x0000000084e00000| Untracked 
|  79|0x0000000084f00000, 0x0000000084f00000, 0x0000000085000000|  0%| F|  |TAMS 0x0000000084f00000, 0x0000000084f00000| Untracked 
|  80|0x0000000085000000, 0x0000000085000000, 0x0000000085100000|  0%| F|  |TAMS 0x0000000085000000, 0x0000000085000000| Untracked 
|  81|0x0000000085100000, 0x0000000085100000, 0x0000000085200000|  0%| F|  |TAMS 0x0000000085100000, 0x0000000085100000| Untracked 
|  82|0x0000000085200000, 0x0000000085200000, 0x0000000085300000|  0%| F|  |TAMS 0x0000000085200000, 0x0000000085200000| Untracked 
|  83|0x0000000085300000, 0x0000000085300000, 0x0000000085400000|  0%| F|  |TAMS 0x0000000085300000, 0x0000000085300000| Untracked 
|  84|0x0000000085400000, 0x0000000085400000, 0x0000000085500000|  0%| F|  |TAMS 0x0000000085400000, 0x0000000085400000| Untracked 
|  85|0x0000000085500000, 0x0000000085500000, 0x0000000085600000|  0%| F|  |TAMS 0x0000000085500000, 0x0000000085500000| Untracked 
|  86|0x0000000085600000, 0x0000000085600000, 0x0000000085700000|  0%| F|  |TAMS 0x0000000085600000, 0x0000000085600000| Untracked 
|  87|0x0000000085700000, 0x0000000085700000, 0x0000000085800000|  0%| F|  |TAMS 0x0000000085700000, 0x0000000085700000| Untracked 
|  88|0x0000000085800000, 0x0000000085800000, 0x0000000085900000|  0%| F|  |TAMS 0x0000000085800000, 0x0000000085800000| Untracked 
|  89|0x0000000085900000, 0x0000000085900000, 0x0000000085a00000|  0%| F|  |TAMS 0x0000000085900000, 0x0000000085900000| Untracked 
|  90|0x0000000085a00000, 0x0000000085a00000, 0x0000000085b00000|  0%| F|  |TAMS 0x0000000085a00000, 0x0000000085a00000| Untracked 
|  91|0x0000000085b00000, 0x0000000085b00000, 0x0000000085c00000|  0%| F|  |TAMS 0x0000000085b00000, 0x0000000085b00000| Untracked 
|  92|0x0000000085c00000, 0x0000000085c00000, 0x0000000085d00000|  0%| F|  |TAMS 0x0000000085c00000, 0x0000000085c00000| Untracked 
|  93|0x0000000085d00000, 0x0000000085d00000, 0x0000000085e00000|  0%| F|  |TAMS 0x0000000085d00000, 0x0000000085d00000| Untracked 
|  94|0x0000000085e00000, 0x0000000085e00000, 0x0000000085f00000|  0%| F|  |TAMS 0x0000000085e00000, 0x0000000085e00000| Untracked 
|  95|0x0000000085f00000, 0x0000000085f00000, 0x0000000086000000|  0%| F|  |TAMS 0x0000000085f00000, 0x0000000085f00000| Untracked 
|  96|0x0000000086000000, 0x0000000086000000, 0x0000000086100000|  0%| F|  |TAMS 0x0000000086000000, 0x0000000086000000| Untracked 
|  97|0x0000000086100000, 0x0000000086100000, 0x0000000086200000|  0%| F|  |TAMS 0x0000000086100000, 0x0000000086100000| Untracked 
|  98|0x0000000086200000, 0x0000000086200000, 0x0000000086300000|  0%| F|  |TAMS 0x0000000086200000, 0x0000000086200000| Untracked 
|  99|0x0000000086300000, 0x0000000086300000, 0x0000000086400000|  0%| F|  |TAMS 0x0000000086300000, 0x0000000086300000| Untracked 
| 100|0x0000000086400000, 0x0000000086400000, 0x0000000086500000|  0%| F|  |TAMS 0x0000000086400000, 0x0000000086400000| Untracked 
| 101|0x0000000086500000, 0x0000000086500000, 0x0000000086600000|  0%| F|  |TAMS 0x0000000086500000, 0x0000000086500000| Untracked 
| 102|0x0000000086600000, 0x0000000086600000, 0x0000000086700000|  0%| F|  |TAMS 0x0000000086600000, 0x0000000086600000| Untracked 
| 103|0x0000000086700000, 0x0000000086700000, 0x0000000086800000|  0%| F|  |TAMS 0x0000000086700000, 0x0000000086700000| Untracked 
| 104|0x0000000086800000, 0x0000000086800000, 0x0000000086900000|  0%| F|  |TAMS 0x0000000086800000, 0x0000000086800000| Untracked 
| 105|0x0000000086900000, 0x0000000086900000, 0x0000000086a00000|  0%| F|  |TAMS 0x0000000086900000, 0x0000000086900000| Untracked 
| 106|0x0000000086a00000, 0x0000000086a00000, 0x0000000086b00000|  0%| F|  |TAMS 0x0000000086a00000, 0x0000000086a00000| Untracked 
| 107|0x0000000086b00000, 0x0000000086b00000, 0x0000000086c00000|  0%| F|  |TAMS 0x0000000086b00000, 0x0000000086b00000| Untracked 
| 108|0x0000000086c00000, 0x0000000086c00000, 0x0000000086d00000|  0%| F|  |TAMS 0x0000000086c00000, 0x0000000086c00000| Untracked 
| 109|0x0000000086d00000, 0x0000000086d00000, 0x0000000086e00000|  0%| F|  |TAMS 0x0000000086d00000, 0x0000000086d00000| Untracked 
| 110|0x0000000086e00000, 0x0000000086e00000, 0x0000000086f00000|  0%| F|  |TAMS 0x0000000086e00000, 0x0000000086e00000| Untracked 
| 111|0x0000000086f00000, 0x0000000086f00000, 0x0000000087000000|  0%| F|  |TAMS 0x0000000086f00000, 0x0000000086f00000| Untracked 
| 112|0x0000000087000000, 0x0000000087080800, 0x0000000087100000| 50%| E|  |TAMS 0x0000000087000000, 0x0000000087000000| Complete 
| 113|0x0000000087100000, 0x0000000087200000, 0x0000000087200000|100%| E|CS|TAMS 0x0000000087100000, 0x0000000087100000| Complete 
| 114|0x0000000087200000, 0x0000000087300000, 0x0000000087300000|100%| E|CS|TAMS 0x0000000087200000, 0x0000000087200000| Complete 
| 115|0x0000000087300000, 0x0000000087400000, 0x0000000087400000|100%| E|CS|TAMS 0x0000000087300000, 0x0000000087300000| Complete 
| 116|0x0000000087400000, 0x0000000087500000, 0x0000000087500000|100%| E|CS|TAMS 0x0000000087400000, 0x0000000087400000| Complete 
| 117|0x0000000087500000, 0x0000000087600000, 0x0000000087600000|100%| E|CS|TAMS 0x0000000087500000, 0x0000000087500000| Complete 
| 118|0x0000000087600000, 0x0000000087700000, 0x0000000087700000|100%| E|CS|TAMS 0x0000000087600000, 0x0000000087600000| Complete 
| 119|0x0000000087700000, 0x0000000087800000, 0x0000000087800000|100%| E|CS|TAMS 0x0000000087700000, 0x0000000087700000| Complete 
| 120|0x0000000087800000, 0x0000000087900000, 0x0000000087900000|100%| E|CS|TAMS 0x0000000087800000, 0x0000000087800000| Complete 
| 121|0x0000000087900000, 0x0000000087a00000, 0x0000000087a00000|100%| E|CS|TAMS 0x0000000087900000, 0x0000000087900000| Complete 
| 122|0x0000000087a00000, 0x0000000087b00000, 0x0000000087b00000|100%| E|CS|TAMS 0x0000000087a00000, 0x0000000087a00000| Complete 
| 123|0x0000000087b00000, 0x0000000087c00000, 0x0000000087c00000|100%| E|CS|TAMS 0x0000000087b00000, 0x0000000087b00000| Complete 
| 124|0x0000000087c00000, 0x0000000087d00000, 0x0000000087d00000|100%| E|CS|TAMS 0x0000000087c00000, 0x0000000087c00000| Complete 
| 125|0x0000000087d00000, 0x0000000087e00000, 0x0000000087e00000|100%| E|CS|TAMS 0x0000000087d00000, 0x0000000087d00000| Complete 
| 126|0x0000000087e00000, 0x0000000087f00000, 0x0000000087f00000|100%| E|CS|TAMS 0x0000000087e00000, 0x0000000087e00000| Complete 
| 127|0x0000000087f00000, 0x0000000088000000, 0x0000000088000000|100%| E|CS|TAMS 0x0000000087f00000, 0x0000000087f00000| Complete 

Card table byte_map: [0x000001e073ee0000,0x000001e0742e0000] _byte_map_base: 0x000001e073ae0000

Marking Bits (Prev, Next): (CMBitMap*) 0x000001e061021218, (CMBitMap*) 0x000001e061021250
 Prev Bits: [0x000001e0746e0000, 0x000001e0766e0000)
 Next Bits: [0x000001e0766e0000, 0x000001e0786e0000)

Polling page: 0x000001e05ed60000

Metaspace:

Usage:
  Non-class:     35.65 MB capacity,    35.05 MB ( 98%) used,   523.81 KB (  1%) free+waste,    95.13 KB ( <1%) overhead. 
      Class:      5.53 MB capacity,     5.19 MB ( 94%) used,   302.59 KB (  5%) free+waste,    45.63 KB ( <1%) overhead. 
       Both:     41.19 MB capacity,    40.24 MB ( 98%) used,   826.40 KB (  2%) free+waste,   140.75 KB ( <1%) overhead. 

Virtual space:
  Non-class space:       36.00 MB reserved,      35.75 MB (>99%) committed 
      Class space:        1.00 GB reserved,       5.57 MB ( <1%) committed 
             Both:        1.04 GB reserved,      41.32 MB (  4%) committed 

Chunk freelists:
   Non-Class:  36.00 KB
       Class:  29.00 KB
        Both:  65.00 KB

MaxMetaspaceSize: 17179869184.00 GB
CompressedClassSpaceSize: 1.00 GB

CodeHeap 'non-profiled nmethods': size=120064Kb used=1919Kb max_used=1919Kb free=118144Kb
 bounds [0x000001e06c5a0000, 0x000001e06c810000, 0x000001e073ae0000]
CodeHeap 'profiled nmethods': size=120000Kb used=7671Kb max_used=7671Kb free=112328Kb
 bounds [0x000001e065070000, 0x000001e0657f0000, 0x000001e06c5a0000]
CodeHeap 'non-nmethods': size=5696Kb used=2201Kb max_used=2236Kb free=3494Kb
 bounds [0x000001e064ae0000, 0x000001e064d50000, 0x000001e065070000]
 total_blobs=4423 nmethods=3660 adapters=674
 compilation: enabled
              stopped_count=0, restarted_count=0
 full_count=0

Compilation events (20 events):
Event: 31.826 Thread 0x000001e07abed000 nmethod 3632 0x000001e0657d4810 code [0x000001e0657d49c0, 0x000001e0657d4b48]
Event: 31.888 Thread 0x000001e07abec000 nmethod 3630% 0x000001e06c779290 code [0x000001e06c779520, 0x000001e06c77a948]
Event: 31.943 Thread 0x000001e07abed000 3633       3       sun.reflect.generics.tree.TypeVariableSignature::make (9 bytes)
Event: 31.944 Thread 0x000001e07abed000 nmethod 3633 0x000001e0657d4c10 code [0x000001e0657d4de0, 0x000001e0657d5038]
Event: 31.944 Thread 0x000001e07abed000 3634       3       sun.reflect.generics.tree.TypeVariableSignature::<init> (10 bytes)
Event: 31.944 Thread 0x000001e07abed000 nmethod 3634 0x000001e0657d5110 code [0x000001e0657d52c0, 0x000001e0657d5478]
Event: 31.945 Thread 0x000001e07abec000 3635       4       java.util.HashSet::<init> (16 bytes)
Event: 31.948 Thread 0x000001e07abec000 nmethod 3635 0x000001e06c77b390 code [0x000001e06c77b520, 0x000001e06c77b6d8]
Event: 31.948 Thread 0x000001e07abec000 3636   !   4       jdk.internal.reflect.UTF8::encode (191 bytes)
Event: 31.949 Thread 0x000001e07abed000 3638       3       java.lang.Class::searchMethods (104 bytes)
Event: 31.950 Thread 0x000001e07abed000 nmethod 3638 0x000001e0657d5510 code [0x000001e0657d5780, 0x000001e0657d61b8]
Event: 31.953 Thread 0x000001e07abed000 3639       3       java.io.ObjectStreamClass::requireInitialized (18 bytes)
Event: 31.953 Thread 0x000001e07abed000 nmethod 3639 0x000001e0657d6610 code [0x000001e0657d67e0, 0x000001e0657d69e8]
Event: 31.955 Thread 0x000001e07abed000 3640       3       java.lang.Long::bitCount (61 bytes)
Event: 31.955 Thread 0x000001e07abed000 nmethod 3640 0x000001e0657d6b10 code [0x000001e0657d6cc0, 0x000001e0657d6e18]
Event: 31.958 Thread 0x000001e07abec000 nmethod 3636 0x000001e06c77b790 code [0x000001e06c77b960, 0x000001e06c77bcf8]
Event: 31.958 Thread 0x000001e07abec000 3637       4       jdk.internal.reflect.ClassFileAssembler::emitConstantPoolUTF8 (50 bytes)
Event: 31.989 Thread 0x000001e07abec000 nmethod 3637 0x000001e06c77c090 code [0x000001e06c77c2c0, 0x000001e06c77cb70]
Event: 31.989 Thread 0x000001e07abec000 3641       4       java.lang.Long::bitCount (61 bytes)
Event: 31.990 Thread 0x000001e07abec000 nmethod 3641 0x000001e06c77d410 code [0x000001e06c77d5a0, 0x000001e06c77d658]

GC Heap History (20 events):
Event: 9.447 GC heap before
{Heap before GC invocations=0 (full 0):
 garbage-first heap   total 131072K, used 19456K [0x0000000080000000, 0x0000000100000000)
  region size 1024K, 14 young (14336K), 0 survivors (0K)
 Metaspace       used 6751K, capacity 6929K, committed 7168K, reserved 1056768K
  class space    used 584K, capacity 650K, committed 768K, reserved 1048576K
}
Event: 9.465 GC heap after
{Heap after GC invocations=1 (full 0):
 garbage-first heap   total 131072K, used 7609K [0x0000000080000000, 0x0000000100000000)
  region size 1024K, 2 young (2048K), 2 survivors (2048K)
 Metaspace       used 6751K, capacity 6929K, committed 7168K, reserved 1056768K
  class space    used 584K, capacity 650K, committed 768K, reserved 1048576K
}
Event: 9.695 GC heap before
{Heap before GC invocations=1 (full 0):
 garbage-first heap   total 131072K, used 12729K [0x0000000080000000, 0x0000000100000000)
  region size 1024K, 7 young (7168K), 2 survivors (2048K)
 Metaspace       used 7954K, capacity 8143K, committed 8320K, reserved 1056768K
  class space    used 757K, capacity 823K, committed 896K, reserved 1048576K
}
Event: 9.699 GC heap after
{Heap after GC invocations=2 (full 0):
 garbage-first heap   total 131072K, used 8586K [0x0000000080000000, 0x0000000100000000)
  region size 1024K, 1 young (1024K), 1 survivors (1024K)
 Metaspace       used 7954K, capacity 8143K, committed 8320K, reserved 1056768K
  class space    used 757K, capacity 823K, committed 896K, reserved 1048576K
}
Event: 11.908 GC heap before
{Heap before GC invocations=2 (full 0):
 garbage-first heap   total 131072K, used 29066K [0x0000000080000000, 0x0000000100000000)
  region size 1024K, 22 young (22528K), 1 survivors (1024K)
 Metaspace       used 11106K, capacity 11382K, committed 11520K, reserved 1058816K
  class space    used 1165K, capacity 1243K, committed 1280K, reserved 1048576K
}
Event: 11.913 GC heap after
{Heap after GC invocations=3 (full 0):
 garbage-first heap   total 131072K, used 9683K [0x0000000080000000, 0x0000000100000000)
  region size 1024K, 2 young (2048K), 2 survivors (2048K)
 Metaspace       used 11106K, capacity 11382K, committed 11520K, reserved 1058816K
  class space    used 1165K, capacity 1243K, committed 1280K, reserved 1048576K
}
Event: 19.515 GC heap before
{Heap before GC invocations=3 (full 0):
 garbage-first heap   total 131072K, used 41427K [0x0000000080000000, 0x0000000100000000)
  region size 1024K, 33 young (33792K), 2 survivors (2048K)
 Metaspace       used 11557K, capacity 11886K, committed 12160K, reserved 1060864K
  class space    used 1253K, capacity 1347K, committed 1408K, reserved 1048576K
}
Event: 19.525 GC heap after
{Heap after GC invocations=4 (full 0):
 garbage-first heap   total 131072K, used 13855K [0x0000000080000000, 0x0000000100000000)
  region size 1024K, 5 young (5120K), 5 survivors (5120K)
 Metaspace       used 11557K, capacity 11886K, committed 12160K, reserved 1060864K
  class space    used 1253K, capacity 1347K, committed 1408K, reserved 1048576K
}
Event: 24.320 GC heap before
{Heap before GC invocations=4 (full 0):
 garbage-first heap   total 131072K, used 59935K [0x0000000080000000, 0x0000000100000000)
  region size 1024K, 50 young (51200K), 5 survivors (5120K)
 Metaspace       used 19961K, capacity 20461K, committed 20608K, reserved 1067008K
  class space    used 2426K, capacity 2581K, committed 2688K, reserved 1048576K
}
Event: 24.341 GC heap after
{Heap after GC invocations=5 (full 0):
 garbage-first heap   total 131072K, used 16720K [0x0000000080000000, 0x0000000100000000)
  region size 1024K, 3 young (3072K), 3 survivors (3072K)
 Metaspace       used 19961K, capacity 20461K, committed 20608K, reserved 1067008K
  class space    used 2426K, capacity 2581K, committed 2688K, reserved 1048576K
}
Event: 24.518 GC heap before
{Heap before GC invocations=5 (full 0):
 garbage-first heap   total 131072K, used 19792K [0x0000000080000000, 0x0000000100000000)
  region size 1024K, 7 young (7168K), 3 survivors (3072K)
 Metaspace       used 20530K, capacity 21096K, committed 21248K, reserved 1067008K
  class space    used 2502K, capacity 2690K, committed 2816K, reserved 1048576K
}
Event: 24.528 GC heap after
{Heap after GC invocations=6 (full 0):
 garbage-first heap   total 131072K, used 16679K [0x0000000080000000, 0x0000000100000000)
  region size 1024K, 3 young (3072K), 3 survivors (3072K)
 Metaspace       used 20530K, capacity 21096K, committed 21248K, reserved 1067008K
  class space    used 2502K, capacity 2690K, committed 2816K, reserved 1048576K
}
Event: 26.646 GC heap before
{Heap before GC invocations=7 (full 0):
 garbage-first heap   total 131072K, used 67879K [0x0000000080000000, 0x0000000100000000)
  region size 1024K, 53 young (54272K), 3 survivors (3072K)
 Metaspace       used 25851K, capacity 26556K, committed 26752K, reserved 1073152K
  class space    used 3370K, capacity 3600K, committed 3712K, reserved 1048576K
}
Event: 26.658 GC heap after
{Heap after GC invocations=8 (full 0):
 garbage-first heap   total 131072K, used 18515K [0x0000000080000000, 0x0000000100000000)
  region size 1024K, 5 young (5120K), 5 survivors (5120K)
 Metaspace       used 25851K, capacity 26556K, committed 26752K, reserved 1073152K
  class space    used 3370K, capacity 3600K, committed 3712K, reserved 1048576K
}
Event: 28.657 GC heap before
{Heap before GC invocations=8 (full 0):
 garbage-first heap   total 131072K, used 73811K [0x0000000080000000, 0x0000000100000000)
  region size 1024K, 59 young (60416K), 5 survivors (5120K)
 Metaspace       used 34117K, capacity 34892K, committed 34944K, reserved 1079296K
  class space    used 4425K, capacity 4722K, committed 4736K, reserved 1048576K
}
Event: 28.673 GC heap after
{Heap after GC invocations=9 (full 0):
 garbage-first heap   total 131072K, used 22025K [0x0000000080000000, 0x0000000100000000)
  region size 1024K, 6 young (6144K), 6 survivors (6144K)
 Metaspace       used 34117K, capacity 34892K, committed 34944K, reserved 1079296K
  class space    used 4425K, capacity 4722K, committed 4736K, reserved 1048576K
}
Event: 28.857 GC heap before
{Heap before GC invocations=9 (full 0):
 garbage-first heap   total 131072K, used 25097K [0x0000000080000000, 0x0000000100000000)
  region size 1024K, 11 young (11264K), 6 survivors (6144K)
 Metaspace       used 35060K, capacity 35830K, committed 35840K, reserved 1081344K
  class space    used 4534K, capacity 4864K, committed 4864K, reserved 1048576K
}
Event: 28.872 GC heap after
{Heap after GC invocations=10 (full 0):
 garbage-first heap   total 131072K, used 22119K [0x0000000080000000, 0x0000000100000000)
  region size 1024K, 4 young (4096K), 4 survivors (4096K)
 Metaspace       used 35060K, capacity 35830K, committed 35840K, reserved 1081344K
  class space    used 4534K, capacity 4864K, committed 4864K, reserved 1048576K
}
Event: 31.666 GC heap before
{Heap before GC invocations=11 (full 0):
 garbage-first heap   total 131072K, used 89703K [0x0000000080000000, 0x0000000100000000)
  region size 1024K, 67 young (68608K), 4 survivors (4096K)
 Metaspace       used 39675K, capacity 40590K, committed 40780K, reserved 1085440K
  class space    used 5064K, capacity 5422K, committed 5452K, reserved 1048576K
}
Event: 31.684 GC heap after
{Heap after GC invocations=12 (full 0):
 garbage-first heap   total 131072K, used 26980K [0x0000000080000000, 0x0000000100000000)
  region size 1024K, 9 young (9216K), 9 survivors (9216K)
 Metaspace       used 39675K, capacity 40590K, committed 40780K, reserved 1085440K
  class space    used 5064K, capacity 5422K, committed 5452K, reserved 1048576K
}

Deoptimization events (20 events):
Event: 31.066 Thread 0x000001e07cf64800 DEOPT PACKING pc=0x000001e06c6d8e9c sp=0x00000046652f3880
Event: 31.066 Thread 0x000001e07cf64800 DEOPT UNPACKING pc=0x000001e064b0662f sp=0x00000046652f37f0 mode 2
Event: 31.264 Thread 0x000001e07cea8000 Uncommon trap: trap_request=0xffffffbe fr.pc=0x000001e06c70df18 relative=0x0000000000000398
Event: 31.264 Thread 0x000001e07cea8000 Uncommon trap: reason=profile_predicate action=maybe_recompile pc=0x000001e06c70df18 method=java.util.stream.ReferencePipeline.forEachWithCancel(Ljava/util/Spliterator;Ljava/util/stream/Sink;)Z @ 8 c2
Event: 31.264 Thread 0x000001e07cea8000 DEOPT PACKING pc=0x000001e06c70df18 sp=0x0000004664cfea70
Event: 31.264 Thread 0x000001e07cea8000 DEOPT UNPACKING pc=0x000001e064b0662f sp=0x0000004664cfea10 mode 2
Event: 31.365 Thread 0x000001e07cf64800 Uncommon trap: trap_request=0xffffff4d fr.pc=0x000001e06c6da434 relative=0x0000000000000114
Event: 31.365 Thread 0x000001e07cf64800 Uncommon trap: reason=unstable_if action=reinterpret pc=0x000001e06c6da434 method=java.util.Arrays.hashCode([Ljava/lang/Object;)I @ 34 c2
Event: 31.365 Thread 0x000001e07cf64800 DEOPT PACKING pc=0x000001e06c6da434 sp=0x00000046652f9730
Event: 31.365 Thread 0x000001e07cf64800 DEOPT UNPACKING pc=0x000001e064b0662f sp=0x00000046652f96a8 mode 2
Event: 31.366 Thread 0x000001e07cf64800 Uncommon trap: trap_request=0xffffffde fr.pc=0x000001e06c671928 relative=0x00000000000002e8
Event: 31.366 Thread 0x000001e07cf64800 Uncommon trap: reason=class_check action=maybe_recompile pc=0x000001e06c671928 method=java.util.Collections$SetFromMap.remove(Ljava/lang/Object;)Z @ 5 c2
Event: 31.366 Thread 0x000001e07cf64800 DEOPT PACKING pc=0x000001e06c671928 sp=0x00000046652fad10
Event: 31.366 Thread 0x000001e07cf64800 DEOPT UNPACKING pc=0x000001e064b0662f sp=0x00000046652fad08 mode 2
Event: 31.366 Thread 0x000001e07cf64800 Uncommon trap: trap_request=0xffffffde fr.pc=0x000001e06c671928 relative=0x00000000000002e8
Event: 31.366 Thread 0x000001e07cf64800 Uncommon trap: reason=class_check action=maybe_recompile pc=0x000001e06c671928 method=java.util.Collections$SetFromMap.remove(Ljava/lang/Object;)Z @ 5 c2
Event: 31.366 Thread 0x000001e07cf64800 DEOPT PACKING pc=0x000001e06c671928 sp=0x00000046652fac90
Event: 31.366 Thread 0x000001e07cf64800 DEOPT UNPACKING pc=0x000001e064b0662f sp=0x00000046652fac88 mode 2
Event: 31.786 Thread 0x000001e07cf64800 DEOPT PACKING pc=0x000001e065612ef9 sp=0x00000046652fb7e0
Event: 31.786 Thread 0x000001e07cf64800 DEOPT UNPACKING pc=0x000001e064b06dde sp=0x00000046652facb0 mode 0

Classes redefined (0 events):
No events

Internal exceptions (20 events):
Event: 31.060 Thread 0x000001e07cf64800 Exception <a 'java/lang/ClassNotFoundException'{0x0000000084a6fad8}: org/gradle/api/internal/artifacts/DefaultArtifactRepositoryContainerBeanInfo> (0x0000000084a6fad8) thrown at [./src/hotspot/share/classfile/systemDictionary.cpp, line 231]
Event: 31.062 Thread 0x000001e07cf64800 Exception <a 'java/lang/ClassNotFoundException'{0x0000000084a99da8}: org/gradle/api/internal/DefaultNamedDomainObjectListBeanInfo> (0x0000000084a99da8) thrown at [./src/hotspot/share/classfile/systemDictionary.cpp, line 231]
Event: 31.063 Thread 0x000001e07cf64800 Exception <a 'java/lang/ClassNotFoundException'{0x0000000084ac5758}: org/gradle/api/internal/DefaultNamedDomainObjectCollectionBeanInfo> (0x0000000084ac5758) thrown at [./src/hotspot/share/classfile/systemDictionary.cpp, line 231]
Event: 31.064 Thread 0x000001e07cf64800 Exception <a 'java/lang/ClassNotFoundException'{0x0000000084af0908}: org/gradle/api/internal/DefaultDomainObjectCollectionBeanInfo> (0x0000000084af0908) thrown at [./src/hotspot/share/classfile/systemDictionary.cpp, line 231]
Event: 31.065 Thread 0x000001e07cf64800 Exception <a 'java/lang/ClassNotFoundException'{0x0000000084af6b40}: java/util/AbstractCollectionBeanInfo> (0x0000000084af6b40) thrown at [./src/hotspot/share/classfile/systemDictionary.cpp, line 231]
Event: 31.065 Thread 0x000001e07cf64800 Exception <a 'java/lang/ClassNotFoundException'{0x0000000084afd2c0}: java/util/AbstractCollectionCustomizer> (0x0000000084afd2c0) thrown at [./src/hotspot/share/classfile/systemDictionary.cpp, line 231]
Event: 31.069 Thread 0x000001e07cf64800 Exception <a 'java/lang/ClassNotFoundException'{0x00000000849313a0}: org/gradle/api/internal/DefaultDomainObjectCollectionCustomizer> (0x00000000849313a0) thrown at [./src/hotspot/share/classfile/systemDictionary.cpp, line 231]
Event: 31.096 Thread 0x000001e07cf64800 Exception <a 'java/lang/ClassNotFoundException'{0x0000000084979c88}: org/gradle/api/internal/DefaultNamedDomainObjectCollectionCustomizer> (0x0000000084979c88) thrown at [./src/hotspot/share/classfile/systemDictionary.cpp, line 231]
Event: 31.106 Thread 0x000001e07cf64800 Exception <a 'java/lang/ClassNotFoundException'{0x00000000849f1e70}: org/gradle/api/internal/DefaultNamedDomainObjectListCustomizer> (0x00000000849f1e70) thrown at [./src/hotspot/share/classfile/systemDictionary.cpp, line 231]
Event: 31.112 Thread 0x000001e07cf64800 Exception <a 'java/lang/ClassNotFoundException'{0x0000000084846f20}: org/gradle/api/internal/artifacts/DefaultArtifactRepositoryContainerCustomizer> (0x0000000084846f20) thrown at [./src/hotspot/share/classfile/systemDictionary.cpp, line 231]
Event: 31.115 Thread 0x000001e07cf64800 Exception <a 'java/lang/ClassNotFoundException'{0x00000000848913b8}: org/gradle/api/internal/artifacts/dsl/DefaultRepositoryHandlerCustomizer> (0x00000000848913b8) thrown at [./src/hotspot/share/classfile/systemDictionary.cpp, line 231]
Event: 31.120 Thread 0x000001e07cf64800 Exception <a 'java/lang/ClassNotFoundException'{0x00000000848ee410}: org/gradle/api/internal/artifacts/dsl/DefaultRepositoryHandler_DecoratedCustomizer> (0x00000000848ee410) thrown at [./src/hotspot/share/classfile/systemDictionary.cpp, line 231]
Event: 31.356 Thread 0x000001e07cf64800 Exception <a 'java/lang/ClassNotFoundException'{0x0000000084203c80}: org/gradle/initialization/DefaultProjectDescriptorBeanInfo> (0x0000000084203c80) thrown at [./src/hotspot/share/classfile/systemDictionary.cpp, line 231]
Event: 31.358 Thread 0x000001e07cf64800 Exception <a 'java/lang/ClassNotFoundException'{0x0000000084228db8}: org/gradle/initialization/DefaultProjectDescriptorCustomizer> (0x0000000084228db8) thrown at [./src/hotspot/share/classfile/systemDictionary.cpp, line 231]
Event: 31.365 Thread 0x000001e07cf64800 Implicit null exception at 0x000001e06c6da36f to 0x000001e06c6da418
Event: 31.947 Thread 0x000001e07cb91000 Exception <a 'java/lang/NoSuchMethodError'{0x0000000087f8dd28}: <clinit>> (0x0000000087f8dd28) thrown at [./src/hotspot/share/prims/jni.cpp, line 1362]
Event: 31.947 Thread 0x000001e07cb91000 Exception <a 'java/lang/NoSuchMethodError'{0x0000000087f8f318}: <clinit>> (0x0000000087f8f318) thrown at [./src/hotspot/share/prims/jni.cpp, line 1362]
Event: 31.949 Thread 0x000001e07cb91000 Exception <a 'java/lang/NoSuchMethodError'{0x0000000087887dd8}: <clinit>> (0x0000000087887dd8) thrown at [./src/hotspot/share/prims/jni.cpp, line 1362]
Event: 31.949 Thread 0x000001e07cb91000 Exception <a 'java/lang/NoSuchMethodError'{0x0000000087889c28}: <clinit>> (0x0000000087889c28) thrown at [./src/hotspot/share/prims/jni.cpp, line 1362]
Event: 31.953 Thread 0x000001e07cb91000 Exception <a 'java/lang/NoSuchMethodError'{0x00000000877027b0}: <clinit>> (0x00000000877027b0) thrown at [./src/hotspot/share/prims/jni.cpp, line 1362]

Events (20 events):
Event: 32.007 loading class org/gradle/model/internal/core/ModelTypeInitializationException
Event: 32.007 loading class org/gradle/model/internal/core/ModelTypeInitializationException done
Event: 32.009 loading class org/gradle/model/internal/core/NodeInitializerRegistry
Event: 32.009 loading class org/gradle/model/internal/core/NodeInitializerRegistry done
Event: 32.010 loading class org/gradle/model/internal/inspect/DefaultsModelRuleExtractor
Event: 32.010 loading class org/gradle/model/internal/inspect/DefaultsModelRuleExtractor done
Event: 32.011 loading class org/gradle/model/internal/inspect/AbstractMutationModelRuleExtractor
Event: 32.011 loading class org/gradle/model/internal/inspect/AbstractMutationModelRuleExtractor done
Event: 32.012 loading class org/gradle/model/Defaults
Event: 32.012 loading class org/gradle/model/Defaults done
Event: 32.013 loading class org/gradle/model/internal/inspect/MutateModelRuleExtractor
Event: 32.013 loading class org/gradle/model/internal/inspect/MutateModelRuleExtractor done
Event: 32.014 loading class org/gradle/model/Mutate
Event: 32.014 loading class org/gradle/model/Mutate done
Event: 32.015 loading class org/gradle/model/internal/inspect/FinalizeModelRuleExtractor
Event: 32.015 loading class org/gradle/model/internal/inspect/FinalizeModelRuleExtractor done
Event: 32.016 loading class org/gradle/model/Finalize
Event: 32.016 loading class org/gradle/model/Finalize done
Event: 32.016 loading class org/gradle/model/internal/inspect/ValidateModelRuleExtractor
Event: 32.016 loading class org/gradle/model/internal/inspect/ValidateModelRuleExtractor done


Dynamic libraries:
0x00007ff6b27c0000 - 0x00007ff6b27ca000 	E:\PROGRAMMS\Android Studio\jre\bin\java.exe
0x00007ff9ca8f0000 - 0x00007ff9caae5000 	C:\WINDOWS\SYSTEM32\ntdll.dll
0x00007ff9c8ab0000 - 0x00007ff9c8b6e000 	C:\WINDOWS\System32\KERNEL32.DLL
0x00007ff9c8620000 - 0x00007ff9c88e8000 	C:\WINDOWS\System32\KERNELBASE.dll
0x00007ff9c81e0000 - 0x00007ff9c82e0000 	C:\WINDOWS\System32\ucrtbase.dll
0x00007ff9c2b60000 - 0x00007ff9c2b79000 	E:\PROGRAMMS\Android Studio\jre\bin\jli.dll
0x00007ff9b5170000 - 0x00007ff9b5187000 	E:\PROGRAMMS\Android Studio\jre\bin\VCRUNTIME140.dll
0x00007ff9c8bd0000 - 0x00007ff9c8d70000 	C:\WINDOWS\System32\USER32.dll
0x00007ff9c88f0000 - 0x00007ff9c8912000 	C:\WINDOWS\System32\win32u.dll
0x00007ff9b4c00000 - 0x00007ff9b4e9a000 	C:\WINDOWS\WinSxS\amd64_microsoft.windows.common-controls_6595b64144ccf1df_6.0.19041.1110_none_60b5254171f9507e\COMCTL32.dll
0x00007ff9c9420000 - 0x00007ff9c944b000 	C:\WINDOWS\System32\GDI32.dll
0x00007ff9c8f10000 - 0x00007ff9c8fae000 	C:\WINDOWS\System32\msvcrt.dll
0x00007ff9c83c0000 - 0x00007ff9c84cb000 	C:\WINDOWS\System32\gdi32full.dll
0x00007ff9c84d0000 - 0x00007ff9c856d000 	C:\WINDOWS\System32\msvcp_win.dll
0x00007ff9c9860000 - 0x00007ff9c9890000 	C:\WINDOWS\System32\IMM32.DLL
0x00007ff9a2b90000 - 0x00007ff9a2c2d000 	E:\PROGRAMMS\Android Studio\jre\bin\msvcp140.dll
0x00007ff98c310000 - 0x00007ff98cde5000 	E:\PROGRAMMS\Android Studio\jre\bin\server\jvm.dll
0x00007ff9ca460000 - 0x00007ff9ca50e000 	C:\WINDOWS\System32\ADVAPI32.dll
0x00007ff9ca800000 - 0x00007ff9ca89c000 	C:\WINDOWS\System32\sechost.dll
0x00007ff9c8d70000 - 0x00007ff9c8e95000 	C:\WINDOWS\System32\RPCRT4.dll
0x00007ff9ca8a0000 - 0x00007ff9ca8a8000 	C:\WINDOWS\System32\PSAPI.DLL
0x00007ff9c3170000 - 0x00007ff9c3179000 	C:\WINDOWS\SYSTEM32\WSOCK32.dll
0x00007ff9ca790000 - 0x00007ff9ca7fb000 	C:\WINDOWS\System32\WS2_32.dll
0x00007ff9b7a20000 - 0x00007ff9b7a47000 	C:\WINDOWS\SYSTEM32\WINMM.dll
0x00007ff9be5a0000 - 0x00007ff9be5aa000 	C:\WINDOWS\SYSTEM32\VERSION.dll
0x00007ff9c68c0000 - 0x00007ff9c68d2000 	C:\WINDOWS\SYSTEM32\kernel.appcore.dll
0x00007ff9c3060000 - 0x00007ff9c3071000 	E:\PROGRAMMS\Android Studio\jre\bin\verify.dll
0x00007ff9b9a90000 - 0x00007ff9b9c74000 	C:\WINDOWS\SYSTEM32\DBGHELP.DLL
0x00007ff9b9a30000 - 0x00007ff9b9a5c000 	C:\WINDOWS\SYSTEM32\dbgcore.DLL
0x00007ff9c8330000 - 0x00007ff9c83b2000 	C:\WINDOWS\System32\bcryptPrimitives.dll
0x00007ff9c3030000 - 0x00007ff9c3059000 	E:\PROGRAMMS\Android Studio\jre\bin\java.dll
0x00007ff9c3130000 - 0x00007ff9c313b000 	E:\PROGRAMMS\Android Studio\jre\bin\jimage.dll
0x00007ff9c3010000 - 0x00007ff9c3028000 	E:\PROGRAMMS\Android Studio\jre\bin\zip.dll
0x00007ff9c99f0000 - 0x00007ff9ca134000 	C:\WINDOWS\System32\SHELL32.dll
0x00007ff9c5eb0000 - 0x00007ff9c6644000 	C:\WINDOWS\SYSTEM32\windows.storage.dll
0x00007ff9c9450000 - 0x00007ff9c97a4000 	C:\WINDOWS\System32\combase.dll
0x00007ff9c78c0000 - 0x00007ff9c78ec000 	C:\WINDOWS\SYSTEM32\Wldp.dll
0x00007ff9c8970000 - 0x00007ff9c8a1d000 	C:\WINDOWS\System32\SHCORE.dll
0x00007ff9c8ea0000 - 0x00007ff9c8ef5000 	C:\WINDOWS\System32\shlwapi.dll
0x00007ff9c7f50000 - 0x00007ff9c7f6f000 	C:\WINDOWS\SYSTEM32\profapi.dll
0x00007ff9c2ff0000 - 0x00007ff9c300a000 	E:\PROGRAMMS\Android Studio\jre\bin\net.dll
0x00007ff9bffc0000 - 0x00007ff9c00c9000 	C:\WINDOWS\SYSTEM32\WINHTTP.dll
0x00007ff9c76a0000 - 0x00007ff9c770a000 	C:\WINDOWS\system32\mswsock.dll
0x00007ff9c2fa0000 - 0x00007ff9c2fb4000 	E:\PROGRAMMS\Android Studio\jre\bin\nio.dll
0x00007ff988d50000 - 0x00007ff988d77000 	C:\Users\Dmitriy\.gradle\native\8bec1ad78214c89d9ad589b4d07fe93259594b29d510b10fafb7a158f7737e5d\windows-amd64\native-platform.dll
0x00007ff988c10000 - 0x00007ff988d4d000 	C:\Users\Dmitriy\.gradle\native\53dbd7edfb1c66fb8903c78663c9afc45aea4f116125fa6feffd364cf09443e8\windows-amd64\native-platform-file-events.dll
0x00007ff9c2fe0000 - 0x00007ff9c2fea000 	E:\PROGRAMMS\Android Studio\jre\bin\management.dll
0x00007ff9c2f90000 - 0x00007ff9c2f9d000 	E:\PROGRAMMS\Android Studio\jre\bin\management_ext.dll
0x00007ff9c7cc0000 - 0x00007ff9c7cd8000 	C:\WINDOWS\SYSTEM32\CRYPTSP.dll
0x00007ff9c7040000 - 0x00007ff9c7074000 	C:\WINDOWS\system32\rsaenh.dll
0x00007ff9c8920000 - 0x00007ff9c8947000 	C:\WINDOWS\System32\bcrypt.dll
0x00007ff9c7ed0000 - 0x00007ff9c7efe000 	C:\WINDOWS\SYSTEM32\USERENV.dll
0x00007ff9c7830000 - 0x00007ff9c783c000 	C:\WINDOWS\SYSTEM32\CRYPTBASE.dll
0x00007ff9c73b0000 - 0x00007ff9c73eb000 	C:\WINDOWS\SYSTEM32\IPHLPAPI.DLL
0x00007ff9ca330000 - 0x00007ff9ca338000 	C:\WINDOWS\System32\NSI.dll
0x00007ff9bfd00000 - 0x00007ff9bfd17000 	C:\WINDOWS\SYSTEM32\dhcpcsvc6.DLL
0x00007ff9bfc70000 - 0x00007ff9bfc8d000 	C:\WINDOWS\SYSTEM32\dhcpcsvc.DLL
0x00007ff9c73f0000 - 0x00007ff9c74ba000 	C:\WINDOWS\SYSTEM32\DNSAPI.dll

dbghelp: loaded successfully - version: 4.0.5 - missing functions: none
symbol engine: initialized successfully - sym options: 0x614 - pdb path: .;E:\PROGRAMMS\Android Studio\jre\bin;C:\WINDOWS\SYSTEM32;C:\WINDOWS\WinSxS\amd64_microsoft.windows.common-controls_6595b64144ccf1df_6.0.19041.1110_none_60b5254171f9507e;E:\PROGRAMMS\Android Studio\jre\bin\server;C:\Users\Dmitriy\.gradle\native\8bec1ad78214c89d9ad589b4d07fe93259594b29d510b10fafb7a158f7737e5d\windows-amd64;C:\Users\Dmitriy\.gradle\native\53dbd7edfb1c66fb8903c78663c9afc45aea4f116125fa6feffd364cf09443e8\windows-amd64

VM Arguments:
jvm_args: --add-opens=java.base/java.util=ALL-UNNAMED --add-opens=java.base/java.lang=ALL-UNNAMED --add-opens=java.base/java.lang.invoke=ALL-UNNAMED --add-opens=java.base/java.util=ALL-UNNAMED --add-opens=java.prefs/java.util.prefs=ALL-UNNAMED --add-opens=java.prefs/java.util.prefs=ALL-UNNAMED --add-opens=java.base/java.nio.charset=ALL-UNNAMED --add-opens=java.base/java.net=ALL-UNNAMED --add-opens=java.base/java.util.concurrent.atomic=ALL-UNNAMED -Xmx2048m -Dfile.encoding=UTF-8 -Duser.country=RU -Duser.language=ru -Duser.variant 
java_command: org.gradle.launcher.daemon.bootstrap.GradleDaemon 7.0.2
java_class_path (initial): C:\Users\Dmitriy\.gradle\wrapper\dists\gradle-7.0.2-bin\857tjihv64xamwrf0h14cai3r\gradle-7.0.2\lib\gradle-launcher-7.0.2.jar
Launcher Type: SUN_STANDARD

[Global flags]
     intx CICompilerCount                          = 3                                         {product} {ergonomic}
     uint ConcGCThreads                            = 1                                         {product} {ergonomic}
     uint G1ConcRefinementThreads                  = 4                                         {product} {ergonomic}
   size_t G1HeapRegionSize                         = 1048576                                   {product} {ergonomic}
    uintx GCDrainStackTargetSize                   = 64                                        {product} {ergonomic}
   size_t InitialHeapSize                          = 134217728                                 {product} {ergonomic}
   size_t MarkStackSize                            = 4194304                                   {product} {ergonomic}
   size_t MaxHeapSize                              = 2147483648                                {product} {command line}
   size_t MaxNewSize                               = 1287651328                                {product} {ergonomic}
   size_t MinHeapDeltaBytes                        = 1048576                                   {product} {ergonomic}
    uintx NonNMethodCodeHeapSize                   = 5830732                                {pd product} {ergonomic}
    uintx NonProfiledCodeHeapSize                  = 122913754                              {pd product} {ergonomic}
    uintx ProfiledCodeHeapSize                     = 122913754                              {pd product} {ergonomic}
    uintx ReservedCodeCacheSize                    = 251658240                              {pd product} {ergonomic}
     bool SegmentedCodeCache                       = true                                      {product} {ergonomic}
     bool UseCompressedClassPointers               = true                                 {lp64_product} {ergonomic}
     bool UseCompressedOops                        = true                                 {lp64_product} {ergonomic}
     bool UseG1GC                                  = true                                      {product} {ergonomic}
     bool UseLargePagesIndividualAllocation        = false                                  {pd product} {ergonomic}

Logging:
Log output configuration:
 #0: stdout all=warning uptime,level,tags
 #1: stderr all=off uptime,level,tags

Environment Variables:
JAVA_HOME=E:\PROGRAMMS\Android Studio\bin
PATH=C:\Program Files (x86)\Embarcadero\Studio\20.0\bin;C:\Users\Public\Documents\Embarcadero\Studio\20.0\Bpl;C:\Program Files (x86)\Embarcadero\Studio\20.0\bin64;C:\Users\Public\Documents\Embarcadero\Studio\20.0\Bpl\Win64;C:\Program Files (x86)\Intel\iCLS Client\;C:\Program Files\Intel\iCLS Client\;C:\Windows\system32;C:\Windows;C:\Windows\System32\Wbem;C:\Windows\System32\WindowsPowerShell\v1.0\;C:\Windows\System32\OpenSSH\;C:\Program Files\dotnet\;C:\Program Files\Microsoft SQL Server\Client SDK\ODBC\170\Tools\Binn\;E:\Progs\Git\cmd;E:\Progs\nodejs\;C:\Program Files (x86)\Intel\Intel(R) Management Engine Components\DAL;C:\Program Files\Intel\Intel(R) Management Engine Components\DAL;C:\Program Files (x86)\Intel\Intel(R) Management Engine Components\IPT;C:\Program Files\Intel\Intel(R) Management Engine Components\IPT;C:\Program Files (x86)\NVIDIA Corporation\PhysX\Common;C:\Program Files\PostgreSQL\11\bin;C:\Program Files\PostgreSQL\11\lib;C:\Program Files\Microsoft SQL Server\Client SDK\ODBC\130\Tools\Binn\;C:\Program Files (x86)\Microsoft SQL Server\140\Tools\Binn\;C:\Program Files\Microsoft SQL Server\140\Tools\Binn\;C:\Program Files\Microsoft SQL Server\140\DTS\Binn\;C:\Program Files\Microsoft SQL Server\130\Tools\Binn\;E:\PROGRAMMS\Git\cmd;C:\Program Files (x86)\Microsoft SDKs\Windows\v10.0A\bin\NETFX 4.6.1 Tools\ildasm.exe;C:\Windows\Microsoft.NET\Framework\v4.0.30319;C:\Program Files (x86)\Microsoft SQL Server\150\Tools\Binn\;C:\Program Files\Microsoft SQL Server\150\Tools\Binn\;C:\Program Files\Microsoft SQL Server\150\DTS\Binn\;C:\ProgramData\chocolatey\bin;C:\WINDOWS\system32;C:\WINDOWS;C:\WINDOWS\System32\Wbem;C:\WINDOWS\System32\WindowsPowerShell\v1.0\;C:\WINDOWS\System32\OpenSSH\;C:\Program Files (x86)\Microsoft SQL Server\150\DTS\Binn\;C:\Program Files\Microsoft SQL Server\120\Tools\Binn\;C:\Program Files (x86)\dotnet\;E:\PROGRAMMS\eclipse-workspace\MMVP\MAKE;C:\Users\Dmitriy\AppData\Local\Microsoft\WindowsApps;C:\Users\Dmitriy\.dotnet\tools;C:\Program 
USERNAME=Dmitriy
OS=Windows_NT
PROCESSOR_IDENTIFIER=Intel64 Family 6 Model 142 Stepping 10, GenuineIntel



---------------  S Y S T E M  ---------------

OS: Windows 10 , 64 bit Build 19041 (10.0.19041.1566)
OS uptime: 0 days 5:21 hours
Hyper-V role detected

CPU:total 4 (initial active 4) (2 cores per cpu, 2 threads per core) family 6 model 142 stepping 10 microcode 0xb4, cmov, cx8, fxsr, mmx, sse, sse2, sse3, ssse3, sse4.1, sse4.2, popcnt, avx, avx2, aes, clmul, erms, 3dnowpref, lzcnt, ht, tsc, tscinvbit, bmi1, bmi2, adx, fma

Memory: 4k page, system-wide physical 8067M (1579M free)
TotalPageFile size 8867M (AvailPageFile size 10M)
current process WorkingSet (physical memory assigned to process): 235M, peak: 243M
current process commit charge ("private bytes"): 296M, peak: 319M

vm_info: OpenJDK 64-Bit Server VM (11.0.11+9-b60-7590822) for windows-amd64 JRE (11.0.11+9-b60-7590822), built on Jul 29 2021 21:43:44 by "builder" with MS VC++ 14.0 (VS2015)

END.
